#
# There is insufficient memory for the Java Runtime Environment to continue.
# Native memory allocation (malloc) failed to allocate 63856 bytes. Error detail: Chunk::new
# Possible reasons:
#   The system is out of physical RAM or swap space
#   This process is running with CompressedOops enabled, and the Java Heap may be blocking the growth of the native heap
# Possible solutions:
#   Reduce memory load on the system
#   Increase physical memory or swap space
#   Check if swap backing store is full
#   Decrease Java heap size (-Xmx/-Xms)
#   Decrease number of Java threads
#   Decrease Java thread stack sizes (-Xss)
#   Set larger code cache with -XX:ReservedCodeCacheSize=
#   JVM is running with Unscaled Compressed Oops mode in which the Java heap is
#     placed in the first 4GB address space. The Java Heap base address is the
#     maximum limit for the native heap growth. Please use -XX:HeapBaseMinAddress
#     to set the Java Heap base and to place the Java Heap above 4GB virtual address.
# This output file may be truncated or incomplete.
#
#  Out of Memory Error (arena.cpp:168), pid=21752, tid=14640
#
# JRE version: OpenJDK Runtime Environment Temurin-21.0.8+9 (21.0.8+9) (build 21.0.8+9-LTS)
# Java VM: OpenJDK 64-Bit Server VM Temurin-21.0.8+9 (21.0.8+9-LTS, mixed mode, sharing, tiered, compressed oops, compressed class ptrs, parallel gc, windows-amd64)
# No core dump will be written. Minidumps are not enabled by default on client versions of Windows
#

---------------  S U M M A R Y ------------

Command Line: --add-modules=ALL-SYSTEM --add-opens=java.base/java.util=ALL-UNNAMED --add-opens=java.base/java.lang=ALL-UNNAMED --add-opens=java.base/sun.nio.fs=ALL-UNNAMED -Declipse.application=org.eclipse.jdt.ls.core.id1 -Dosgi.bundles.defaultStartLevel=4 -Declipse.product=org.eclipse.jdt.ls.core.product -Djava.import.generatesMetadataFilesAtProjectRoot=false -DDetectVMInstallationsJob.disabled=true -Dfile.encoding=utf8 -XX:+UseParallelGC -XX:GCTimeRatio=4 -XX:AdaptiveSizePolicyWeight=90 -Dsun.zip.disableMemoryMapping=true -Xmx2G -Xms100m -Xlog:disable -javaagent:c:\Users\USER\.vscode\extensions\redhat.java-1.46.0-win32-x64\lombok\lombok-1.18.39-4050.jar -XX:+HeapDumpOnOutOfMemoryError -XX:HeapDumpPath=c:\Users\USER\AppData\Roaming\Code\User\workspaceStorage\7bed159f160d76f8450ae50db4ac90a7\redhat.java -Daether.dependencyCollector.impl=bf c:\Users\USER\.vscode\extensions\redhat.java-1.46.0-win32-x64\server\plugins\org.eclipse.equinox.launcher_1.7.0.v20250519-0528.jar -configuration c:\Users\USER\AppData\Roaming\Code\User\globalStorage\redhat.java\1.46.0\config_win -data c:\Users\USER\AppData\Roaming\Code\User\workspaceStorage\7bed159f160d76f8450ae50db4ac90a7\redhat.java\jdt_ws --pipe=\\.\pipe\lsp-4ae0d86c2f7f1f9d663cd7e520da414e-sock

Host: AMD Ryzen 3 3250U with Radeon Graphics         , 4 cores, 3G,  Windows 11 , 64 bit Build 22621 (10.0.22621.5415)
Time: Wed Oct  8 22:48:17 2025 SE Asia Standard Time elapsed time: 7.416651 seconds (0d 0h 0m 7s)

---------------  T H R E A D  ---------------

Current thread (0x0000024ff0f0a110):  JavaThread "C2 CompilerThread0" daemon [_thread_in_native, id=14640, stack(0x000000992fd00000,0x000000992fe00000) (1024K)]


Current CompileTask:
C2:7416 2864       4       lombok.launch.PackageShader::apply (252 bytes)

Stack: [0x000000992fd00000,0x000000992fe00000]
Native frames: (J=compiled Java code, j=interpreted, Vv=VM code, C=native code)
V  [jvm.dll+0x6d2449]
V  [jvm.dll+0x8ae341]
V  [jvm.dll+0x8b08be]
V  [jvm.dll+0x8b0fa3]
V  [jvm.dll+0x280c96]
V  [jvm.dll+0xc581d]
V  [jvm.dll+0xc5d53]
V  [jvm.dll+0x5da88a]
V  [jvm.dll+0x385344]
V  [jvm.dll+0x38477a]
V  [jvm.dll+0x248ed0]
V  [jvm.dll+0x2484af]
V  [jvm.dll+0x1c89ee]
V  [jvm.dll+0x257d4d]
V  [jvm.dll+0x2562ea]
V  [jvm.dll+0x3f2d16]
V  [jvm.dll+0x857e6b]
V  [jvm.dll+0x6d0b0d]
C  [ucrtbase.dll+0x29333]
C  [KERNEL32.DLL+0x1259d]
C  [ntdll.dll+0x5af78]


---------------  P R O C E S S  ---------------

Threads class SMR info:
_java_thread_list=0x0000024ffe8338f0, length=18, elements={
0x0000024ff100fad0, 0x0000024ff0efa600, 0x0000024ff0efcf10, 0x0000024ff0eff1b0,
0x0000024ff0f000c0, 0x0000024ff0f019c0, 0x0000024ff0f076c0, 0x0000024ff0f0a110,
0x0000024ff0f38fd0, 0x0000024ff95b1fb0, 0x0000024ff95b1920, 0x0000024ff95b2640,
0x0000024ff95b2cd0, 0x0000024ff95b4080, 0x0000024ff95b4710, 0x0000024ff95b3360,
0x0000024ff95b1290, 0x0000024ff95b39f0
}

Java Threads: ( => current thread )
  0x0000024ff100fad0 JavaThread "main"                              [_thread_blocked, id=8236, stack(0x000000992f200000,0x000000992f300000) (1024K)]
  0x0000024ff0efa600 JavaThread "Reference Handler"          daemon [_thread_blocked, id=14916, stack(0x000000992f700000,0x000000992f800000) (1024K)]
  0x0000024ff0efcf10 JavaThread "Finalizer"                  daemon [_thread_blocked, id=19092, stack(0x000000992f800000,0x000000992f900000) (1024K)]
  0x0000024ff0eff1b0 JavaThread "Signal Dispatcher"          daemon [_thread_blocked, id=3652, stack(0x000000992f900000,0x000000992fa00000) (1024K)]
  0x0000024ff0f000c0 JavaThread "Attach Listener"            daemon [_thread_blocked, id=4100, stack(0x000000992fa00000,0x000000992fb00000) (1024K)]
  0x0000024ff0f019c0 JavaThread "Service Thread"             daemon [_thread_blocked, id=22120, stack(0x000000992fb00000,0x000000992fc00000) (1024K)]
  0x0000024ff0f076c0 JavaThread "Monitor Deflation Thread"   daemon [_thread_blocked, id=19816, stack(0x000000992fc00000,0x000000992fd00000) (1024K)]
=>0x0000024ff0f0a110 JavaThread "C2 CompilerThread0"         daemon [_thread_in_native, id=14640, stack(0x000000992fd00000,0x000000992fe00000) (1024K)]
  0x0000024ff0f38fd0 JavaThread "C1 CompilerThread0"         daemon [_thread_blocked, id=19648, stack(0x000000992fe00000,0x000000992ff00000) (1024K)]
  0x0000024ff95b1fb0 JavaThread "Common-Cleaner"             daemon [_thread_blocked, id=16080, stack(0x000000992ff00000,0x0000009930000000) (1024K)]
  0x0000024ff95b1920 JavaThread "Notification Thread"        daemon [_thread_blocked, id=2460, stack(0x0000009930000000,0x0000009930100000) (1024K)]
  0x0000024ff95b2640 JavaThread "Active Thread: Equinox Container: 23bdaa42-06ed-4f97-b44c-47eba6534d57"        [_thread_blocked, id=6436, stack(0x0000009930400000,0x0000009930500000) (1024K)]
  0x0000024ff95b2cd0 JavaThread "Refresh Thread: Equinox Container: 23bdaa42-06ed-4f97-b44c-47eba6534d57" daemon [_thread_blocked, id=6608, stack(0x0000009930500000,0x0000009930600000) (1024K)]
  0x0000024ff95b4080 JavaThread "Framework Event Dispatcher: Equinox Container: 23bdaa42-06ed-4f97-b44c-47eba6534d57" daemon [_thread_blocked, id=14236, stack(0x0000009930600000,0x0000009930700000) (1024K)]
  0x0000024ff95b4710 JavaThread "Start Level: Equinox Container: 23bdaa42-06ed-4f97-b44c-47eba6534d57" daemon [_thread_in_native, id=8100, stack(0x0000009930700000,0x0000009930800000) (1024K)]
  0x0000024ff95b3360 JavaThread "Bundle File Closer"         daemon [_thread_blocked, id=11400, stack(0x0000009930800000,0x0000009930900000) (1024K)]
  0x0000024ff95b1290 JavaThread "SCR Component Actor"        daemon [_thread_blocked, id=13700, stack(0x0000009930900000,0x0000009930a00000) (1024K)]
  0x0000024ff95b39f0 JavaThread "Worker-JM"                         [_thread_blocked, id=6148, stack(0x0000009930a00000,0x0000009930b00000) (1024K)]
Total: 18

Other Threads:
  0x0000024ff10cc720 VMThread "VM Thread"                           [id=15420, stack(0x000000992f600000,0x000000992f700000) (1024K)]
  0x0000024ff0e9ca00 WatcherThread "VM Periodic Task Thread"        [id=15264, stack(0x000000992f500000,0x000000992f600000) (1024K)]
  0x0000024ff102cbc0 WorkerThread "GC Thread#0"                     [id=21692, stack(0x000000992f400000,0x000000992f500000) (1024K)]
  0x0000024ffe05bbf0 WorkerThread "GC Thread#1"                     [id=14976, stack(0x0000009930100000,0x0000009930200000) (1024K)]
  0x0000024ffe05bf90 WorkerThread "GC Thread#2"                     [id=16764, stack(0x0000009930200000,0x0000009930300000) (1024K)]
  0x0000024ffe01c070 WorkerThread "GC Thread#3"                     [id=19324, stack(0x0000009930300000,0x0000009930400000) (1024K)]
Total: 6

Threads with active compile tasks:
C2 CompilerThread0  7483 2864       4       lombok.launch.PackageShader::apply (252 bytes)
Total: 1

VM state: not at safepoint (normal execution)

VM Mutex/Monitor currently owned by a thread: None

Heap address: 0x0000000080000000, size: 2048 MB, Compressed Oops mode: 32-bit

CDS archive(s) mapped at: [0x0000024f8f000000-0x0000024f8fba0000-0x0000024f8fba0000), size 12189696, SharedBaseAddress: 0x0000024f8f000000, ArchiveRelocationMode: 1.
Compressed class space mapped at: 0x0000024f90000000-0x0000024fd0000000, reserved size: 1073741824
Narrow klass base: 0x0000024f8f000000, Narrow klass shift: 0, Narrow klass range: 0x100000000

GC Precious Log:
 CardTable entry size: 512
 CPUs: 4 total, 4 available
 Memory: 3460M
 Large Page Support: Disabled
 NUMA Support: Disabled
 Compressed Oops: Enabled (32-bit)
 Alignments: Space 512K, Generation 512K, Heap 2M
 Heap Min Capacity: 100M
 Heap Initial Capacity: 100M
 Heap Max Capacity: 2G
 Pre-touch: Disabled
 Parallel Workers: 4

Heap:
 PSYoungGen      total 29696K, used 20830K [0x00000000d5580000, 0x00000000d7680000, 0x0000000100000000)
  eden space 25600K, 65% used [0x00000000d5580000,0x00000000d65dd108,0x00000000d6e80000)
  from space 4096K, 99% used [0x00000000d7280000,0x00000000d767aa38,0x00000000d7680000)
  to   space 4096K, 0% used [0x00000000d6e80000,0x00000000d6e80000,0x00000000d7280000)
 ParOldGen       total 68608K, used 6239K [0x0000000080000000, 0x0000000084300000, 0x00000000d5580000)
  object space 68608K, 9% used [0x0000000080000000,0x0000000080617cf0,0x0000000084300000)
 Metaspace       used 14552K, committed 15168K, reserved 1114112K
  class space    used 1518K, committed 1792K, reserved 1048576K

Card table byte_map: [0x0000024ff09b0000,0x0000024ff0dc0000] _byte_map_base: 0x0000024ff05b0000

Marking Bits: (ParMarkBitMap*) 0x00007ffb2beda340
 Begin Bits: [0x0000024ff44b0000, 0x0000024ff64b0000)
 End Bits:   [0x0000024ff64b0000, 0x0000024ff84b0000)

Polling page: 0x0000024feee30000

Metaspace:

Usage:
  Non-class:     12.73 MB used.
      Class:      1.48 MB used.
       Both:     14.21 MB used.

Virtual space:
  Non-class space:       64.00 MB reserved,      13.06 MB ( 20%) committed,  1 nodes.
      Class space:        1.00 GB reserved,       1.75 MB ( <1%) committed,  1 nodes.
             Both:        1.06 GB reserved,      14.81 MB (  1%) committed. 

Chunk freelists:
   Non-Class:  2.86 MB
       Class:  14.31 MB
        Both:  17.17 MB

MaxMetaspaceSize: unlimited
CompressedClassSpaceSize: 1.00 GB
Initial GC threshold: 21.00 MB
Current GC threshold: 21.00 MB
CDS: on
 - commit_granule_bytes: 65536.
 - commit_granule_words: 8192.
 - virtual_space_node_default_size: 8388608.
 - enlarge_chunks_in_place: 1.
 - use_allocation_guard: 0.


Internal statistics:

num_allocs_failed_limit: 0.
num_arena_births: 414.
num_arena_deaths: 0.
num_vsnodes_births: 2.
num_vsnodes_deaths: 0.
num_space_committed: 237.
num_space_uncommitted: 0.
num_chunks_returned_to_freelist: 0.
num_chunks_taken_from_freelist: 905.
num_chunk_merges: 0.
num_chunk_splits: 574.
num_chunks_enlarged: 378.
num_inconsistent_stats: 0.

CodeHeap 'non-profiled nmethods': size=120000Kb used=1189Kb max_used=1189Kb free=118810Kb
 bounds [0x0000024f87ad0000, 0x0000024f87d40000, 0x0000024f8f000000]
CodeHeap 'profiled nmethods': size=120000Kb used=5829Kb max_used=5829Kb free=114170Kb
 bounds [0x0000024f80000000, 0x0000024f805c0000, 0x0000024f87530000]
CodeHeap 'non-nmethods': size=5760Kb used=1251Kb max_used=1269Kb free=4509Kb
 bounds [0x0000024f87530000, 0x0000024f877a0000, 0x0000024f87ad0000]
CodeCache: size=245760Kb, used=8269Kb, max_used=8287Kb, free=237489Kb
 total_blobs=3414, nmethods=2896, adapters=424, full_count=0
Compilation: enabled, stopped_count=0, restarted_count=0

Compilation events (20 events):
Event: 7.363 Thread 0x0000024ff0f38fd0 2880       3       java.util.concurrent.ConcurrentHashMap::get (162 bytes)
Event: 7.364 Thread 0x0000024ff0f38fd0 nmethod 2880 0x0000024f805a4310 code [0x0000024f805a4580, 0x0000024f805a4fc0]
Event: 7.366 Thread 0x0000024ff0f38fd0 2882       1       java.lang.invoke.MethodHandleImpl$IntrinsicMethodHandle::getTarget (5 bytes)
Event: 7.366 Thread 0x0000024ff0f38fd0 nmethod 2882 0x0000024f87bf8890 code [0x0000024f87bf8a20, 0x0000024f87bf8ae8]
Event: 7.367 Thread 0x0000024ff0f38fd0 2883       3       jdk.internal.org.objectweb.asm.MethodWriter::computeAllFrames (510 bytes)
Event: 7.369 Thread 0x0000024ff0f38fd0 nmethod 2883 0x0000024f805a5290 code [0x0000024f805a55c0, 0x0000024f805a67c0]
Event: 7.369 Thread 0x0000024ff0f38fd0 2886       3       jdk.internal.org.objectweb.asm.ClassWriter::<init> (73 bytes)
Event: 7.370 Thread 0x0000024ff0f38fd0 nmethod 2886 0x0000024f805a7290 code [0x0000024f805a7480, 0x0000024f805a78d8]
Event: 7.370 Thread 0x0000024ff0f38fd0 2887       3       jdk.internal.org.objectweb.asm.ClassVisitor::<init> (78 bytes)
Event: 7.371 Thread 0x0000024ff0f38fd0 nmethod 2887 0x0000024f805a7a90 code [0x0000024f805a7cc0, 0x0000024f805a8418]
Event: 7.372 Thread 0x0000024ff0f38fd0 2888       3       java.lang.invoke.LambdaFormBuffer::growNames (281 bytes)
Event: 7.374 Thread 0x0000024ff0f38fd0 nmethod 2888 0x0000024f805a8710 code [0x0000024f805a89a0, 0x0000024f805a9900]
Event: 7.379 Thread 0x0000024ff0f38fd0 2889       3       java.util.WeakHashMap::<init> (9 bytes)
Event: 7.379 Thread 0x0000024ff0f38fd0 nmethod 2889 0x0000024f805a9e90 code [0x0000024f805aa060, 0x0000024f805aa1a8]
Event: 7.379 Thread 0x0000024ff0f38fd0 2890       3       java.util.WeakHashMap::<init> (124 bytes)
Event: 7.381 Thread 0x0000024ff0f38fd0 nmethod 2890 0x0000024f805aa290 code [0x0000024f805aa620, 0x0000024f805abe10]
Event: 7.398 Thread 0x0000024ff0f38fd0 2892       1       java.lang.reflect.Method::getSharedParameterTypes (5 bytes)
Event: 7.398 Thread 0x0000024ff0f38fd0 nmethod 2892 0x0000024f87bf9490 code [0x0000024f87bf9620, 0x0000024f87bf96e8]
Event: 7.405 Thread 0x0000024ff0f38fd0 2894       3       lombok.launch.ClassFileMetaData::decodeString (181 bytes)
Event: 7.406 Thread 0x0000024ff0f38fd0 nmethod 2894 0x0000024f805ac710 code [0x0000024f805ac8e0, 0x0000024f805acdc0]

GC Heap History (8 events):
Event: 2.726 GC heap before
{Heap before GC invocations=1 (full 0):
 PSYoungGen      total 29696K, used 25600K [0x00000000d5580000, 0x00000000d7680000, 0x0000000100000000)
  eden space 25600K, 100% used [0x00000000d5580000,0x00000000d6e80000,0x00000000d6e80000)
  from space 4096K, 0% used [0x00000000d7280000,0x00000000d7280000,0x00000000d7680000)
  to   space 4096K, 0% used [0x00000000d6e80000,0x00000000d6e80000,0x00000000d7280000)
 ParOldGen       total 68608K, used 0K [0x0000000080000000, 0x0000000084300000, 0x00000000d5580000)
  object space 68608K, 0% used [0x0000000080000000,0x0000000080000000,0x0000000084300000)
 Metaspace       used 4323K, committed 4608K, reserved 1114112K
  class space    used 470K, committed 576K, reserved 1048576K
}
Event: 2.737 GC heap after
{Heap after GC invocations=1 (full 0):
 PSYoungGen      total 29696K, used 3319K [0x00000000d5580000, 0x00000000d7680000, 0x0000000100000000)
  eden space 25600K, 0% used [0x00000000d5580000,0x00000000d5580000,0x00000000d6e80000)
  from space 4096K, 81% used [0x00000000d6e80000,0x00000000d71bde28,0x00000000d7280000)
  to   space 4096K, 0% used [0x00000000d7280000,0x00000000d7280000,0x00000000d7680000)
 ParOldGen       total 68608K, used 16K [0x0000000080000000, 0x0000000084300000, 0x00000000d5580000)
  object space 68608K, 0% used [0x0000000080000000,0x0000000080004000,0x0000000084300000)
 Metaspace       used 4323K, committed 4608K, reserved 1114112K
  class space    used 470K, committed 576K, reserved 1048576K
}
Event: 4.210 GC heap before
{Heap before GC invocations=2 (full 0):
 PSYoungGen      total 29696K, used 28919K [0x00000000d5580000, 0x00000000d7680000, 0x0000000100000000)
  eden space 25600K, 100% used [0x00000000d5580000,0x00000000d6e80000,0x00000000d6e80000)
  from space 4096K, 81% used [0x00000000d6e80000,0x00000000d71bde28,0x00000000d7280000)
  to   space 4096K, 0% used [0x00000000d7280000,0x00000000d7280000,0x00000000d7680000)
 ParOldGen       total 68608K, used 16K [0x0000000080000000, 0x0000000084300000, 0x00000000d5580000)
  object space 68608K, 0% used [0x0000000080000000,0x0000000080004000,0x0000000084300000)
 Metaspace       used 7959K, committed 8256K, reserved 1114112K
  class space    used 827K, committed 960K, reserved 1048576K
}
Event: 4.222 GC heap after
{Heap after GC invocations=2 (full 0):
 PSYoungGen      total 29696K, used 4087K [0x00000000d5580000, 0x00000000d7680000, 0x0000000100000000)
  eden space 25600K, 0% used [0x00000000d5580000,0x00000000d5580000,0x00000000d6e80000)
  from space 4096K, 99% used [0x00000000d7280000,0x00000000d767de08,0x00000000d7680000)
  to   space 4096K, 0% used [0x00000000d6e80000,0x00000000d6e80000,0x00000000d7280000)
 ParOldGen       total 68608K, used 1712K [0x0000000080000000, 0x0000000084300000, 0x00000000d5580000)
  object space 68608K, 2% used [0x0000000080000000,0x00000000801ac1f0,0x0000000084300000)
 Metaspace       used 7959K, committed 8256K, reserved 1114112K
  class space    used 827K, committed 960K, reserved 1048576K
}
Event: 5.184 GC heap before
{Heap before GC invocations=3 (full 0):
 PSYoungGen      total 29696K, used 29605K [0x00000000d5580000, 0x00000000d7680000, 0x0000000100000000)
  eden space 25600K, 99% used [0x00000000d5580000,0x00000000d6e6b790,0x00000000d6e80000)
  from space 4096K, 99% used [0x00000000d7280000,0x00000000d767de08,0x00000000d7680000)
  to   space 4096K, 0% used [0x00000000d6e80000,0x00000000d6e80000,0x00000000d7280000)
 ParOldGen       total 68608K, used 1712K [0x0000000080000000, 0x0000000084300000, 0x00000000d5580000)
  object space 68608K, 2% used [0x0000000080000000,0x00000000801ac1f0,0x0000000084300000)
 Metaspace       used 9397K, committed 9728K, reserved 1114112K
  class space    used 1004K, committed 1152K, reserved 1048576K
}
Event: 5.194 GC heap after
{Heap after GC invocations=3 (full 0):
 PSYoungGen      total 29696K, used 4077K [0x00000000d5580000, 0x00000000d7680000, 0x0000000100000000)
  eden space 25600K, 0% used [0x00000000d5580000,0x00000000d5580000,0x00000000d6e80000)
  from space 4096K, 99% used [0x00000000d6e80000,0x00000000d727b7e0,0x00000000d7280000)
  to   space 4096K, 0% used [0x00000000d7280000,0x00000000d7280000,0x00000000d7680000)
 ParOldGen       total 68608K, used 4858K [0x0000000080000000, 0x0000000084300000, 0x00000000d5580000)
  object space 68608K, 7% used [0x0000000080000000,0x00000000804beb08,0x0000000084300000)
 Metaspace       used 9397K, committed 9728K, reserved 1114112K
  class space    used 1004K, committed 1152K, reserved 1048576K
}
Event: 6.589 GC heap before
{Heap before GC invocations=4 (full 0):
 PSYoungGen      total 29696K, used 29677K [0x00000000d5580000, 0x00000000d7680000, 0x0000000100000000)
  eden space 25600K, 100% used [0x00000000d5580000,0x00000000d6e80000,0x00000000d6e80000)
  from space 4096K, 99% used [0x00000000d6e80000,0x00000000d727b7e0,0x00000000d7280000)
  to   space 4096K, 0% used [0x00000000d7280000,0x00000000d7280000,0x00000000d7680000)
 ParOldGen       total 68608K, used 4858K [0x0000000080000000, 0x0000000084300000, 0x00000000d5580000)
  object space 68608K, 7% used [0x0000000080000000,0x00000000804beb08,0x0000000084300000)
 Metaspace       used 12140K, committed 12608K, reserved 1114112K
  class space    used 1293K, committed 1472K, reserved 1048576K
}
Event: 6.600 GC heap after
{Heap after GC invocations=4 (full 0):
 PSYoungGen      total 29696K, used 4074K [0x00000000d5580000, 0x00000000d7680000, 0x0000000100000000)
  eden space 25600K, 0% used [0x00000000d5580000,0x00000000d5580000,0x00000000d6e80000)
  from space 4096K, 99% used [0x00000000d7280000,0x00000000d767aa38,0x00000000d7680000)
  to   space 4096K, 0% used [0x00000000d6e80000,0x00000000d6e80000,0x00000000d7280000)
 ParOldGen       total 68608K, used 6239K [0x0000000080000000, 0x0000000084300000, 0x00000000d5580000)
  object space 68608K, 9% used [0x0000000080000000,0x0000000080617cf0,0x0000000084300000)
 Metaspace       used 12140K, committed 12608K, reserved 1114112K
  class space    used 1293K, committed 1472K, reserved 1048576K
}

Dll operation events (9 events):
Event: 0.038 Loaded shared library c:\Users\USER\.vscode\extensions\redhat.java-1.46.0-win32-x64\jre\21.0.8-win32-x86_64\bin\java.dll
Event: 0.230 Loaded shared library c:\Users\USER\.vscode\extensions\redhat.java-1.46.0-win32-x64\jre\21.0.8-win32-x86_64\bin\zip.dll
Event: 0.409 Loaded shared library C:\Users\USER\.vscode\extensions\redhat.java-1.46.0-win32-x64\jre\21.0.8-win32-x86_64\bin\instrument.dll
Event: 0.459 Loaded shared library C:\Users\USER\.vscode\extensions\redhat.java-1.46.0-win32-x64\jre\21.0.8-win32-x86_64\bin\net.dll
Event: 0.468 Loaded shared library C:\Users\USER\.vscode\extensions\redhat.java-1.46.0-win32-x64\jre\21.0.8-win32-x86_64\bin\nio.dll
Event: 0.474 Loaded shared library C:\Users\USER\.vscode\extensions\redhat.java-1.46.0-win32-x64\jre\21.0.8-win32-x86_64\bin\zip.dll
Event: 0.545 Loaded shared library C:\Users\USER\.vscode\extensions\redhat.java-1.46.0-win32-x64\jre\21.0.8-win32-x86_64\bin\jimage.dll
Event: 0.979 Loaded shared library c:\Users\USER\.vscode\extensions\redhat.java-1.46.0-win32-x64\jre\21.0.8-win32-x86_64\bin\verify.dll
Event: 4.257 Loaded shared library C:\Users\USER\AppData\Roaming\Code\User\globalStorage\redhat.java\1.46.0\config_win\org.eclipse.equinox.launcher\org.eclipse.equinox.launcher.win32.win32.x86_64_1.2.1400.v20250801-0854\eclipse_11916.dll

Deoptimization events (20 events):
Event: 6.932 Thread 0x0000024ff95b4710 Uncommon trap: trap_request=0xffffffcc fr.pc=0x0000024f87be6808 relative=0x0000000000000348
Event: 6.933 Thread 0x0000024ff95b4710 Uncommon trap: reason=intrinsic_or_type_checked_inlining action=make_not_entrant pc=0x0000024f87be6808 method=java.util.Arrays.copyOf([Ljava/lang/Object;ILjava/lang/Class;)[Ljava/lang/Object; @ 35 c2
Event: 6.933 Thread 0x0000024ff95b4710 DEOPT PACKING pc=0x0000024f87be6808 sp=0x00000099307fd4f0
Event: 6.933 Thread 0x0000024ff95b4710 DEOPT UNPACKING pc=0x0000024f87583aa2 sp=0x00000099307fd480 mode 2
Event: 6.988 Thread 0x0000024ff95b4710 Uncommon trap: trap_request=0xffffff45 fr.pc=0x0000024f87b77168 relative=0x0000000000000fc8
Event: 6.988 Thread 0x0000024ff95b4710 Uncommon trap: reason=unstable_if action=reinterpret pc=0x0000024f87b77168 method=java.io.WinNTFileSystem.normalize(Ljava/lang/String;II)Ljava/lang/String; @ 100 c2
Event: 6.988 Thread 0x0000024ff95b4710 DEOPT PACKING pc=0x0000024f87b77168 sp=0x00000099307fc720
Event: 6.988 Thread 0x0000024ff95b4710 DEOPT UNPACKING pc=0x0000024f87583aa2 sp=0x00000099307fc6f8 mode 2
Event: 7.265 Thread 0x0000024ff95b4710 DEOPT PACKING pc=0x0000024f801312a6 sp=0x00000099307f8790
Event: 7.265 Thread 0x0000024ff95b4710 DEOPT UNPACKING pc=0x0000024f87584242 sp=0x00000099307f7c88 mode 0
Event: 7.337 Thread 0x0000024ff95b4710 DEOPT PACKING pc=0x0000024f800a318d sp=0x00000099307f5bc0
Event: 7.337 Thread 0x0000024ff95b4710 DEOPT UNPACKING pc=0x0000024f87584242 sp=0x00000099307f5070 mode 0
Event: 7.340 Thread 0x0000024ff95b4710 Uncommon trap: trap_request=0xffffffde fr.pc=0x0000024f87b91ad0 relative=0x0000000000000530
Event: 7.340 Thread 0x0000024ff95b4710 Uncommon trap: reason=class_check action=maybe_recompile pc=0x0000024f87b91ad0 method=java.util.regex.Matcher.search(I)Z @ 121 c2
Event: 7.340 Thread 0x0000024ff95b4710 DEOPT PACKING pc=0x0000024f87b91ad0 sp=0x00000099307f62a0
Event: 7.340 Thread 0x0000024ff95b4710 DEOPT UNPACKING pc=0x0000024f87583aa2 sp=0x00000099307f6260 mode 2
Event: 7.354 Thread 0x0000024ff95b4710 Uncommon trap: trap_request=0xffffff45 fr.pc=0x0000024f87b37af8 relative=0x00000000000002b8
Event: 7.354 Thread 0x0000024ff95b4710 Uncommon trap: reason=unstable_if action=reinterpret pc=0x0000024f87b37af8 method=java.util.concurrent.ConcurrentHashMap.get(Ljava/lang/Object;)Ljava/lang/Object; @ 76 c2
Event: 7.354 Thread 0x0000024ff95b4710 DEOPT PACKING pc=0x0000024f87b37af8 sp=0x00000099307f7530
Event: 7.354 Thread 0x0000024ff95b4710 DEOPT UNPACKING pc=0x0000024f87583aa2 sp=0x00000099307f74a8 mode 2

Classes loaded (20 events):
Event: 7.253 Loading class java/lang/AbstractMethodError
Event: 7.253 Loading class java/lang/AbstractMethodError done
Event: 7.348 Loading class java/lang/foreign/ValueLayout
Event: 7.348 Loading class java/lang/foreign/MemoryLayout
Event: 7.349 Loading class java/lang/foreign/MemoryLayout done
Event: 7.349 Loading class java/lang/foreign/ValueLayout done
Event: 7.349 Loading class java/io/ObjectInputStream
Event: 7.350 Loading class java/io/ObjectInput
Event: 7.350 Loading class java/io/ObjectInput done
Event: 7.350 Loading class java/io/ObjectStreamConstants
Event: 7.350 Loading class java/io/ObjectStreamConstants done
Event: 7.350 Loading class java/io/ObjectInputStream done
Event: 7.350 Loading class java/io/ObjectOutputStream
Event: 7.350 Loading class java/io/ObjectOutput
Event: 7.351 Loading class java/io/ObjectOutput done
Event: 7.351 Loading class java/io/ObjectOutputStream done
Event: 7.351 Loading class java/lang/constant/ClassDesc
Event: 7.351 Loading class java/lang/constant/ClassDesc done
Event: 7.353 Loading class jdk/internal/vm/annotation/ForceInline
Event: 7.353 Loading class jdk/internal/vm/annotation/ForceInline done

Classes unloaded (0 events):
No events

Classes redefined (0 events):
No events

Internal exceptions (20 events):
Event: 3.654 Thread 0x0000024ff100fad0 Exception <a 'java/lang/NoSuchMethodError'{0x00000000d65f5200}: 'int java.lang.invoke.DirectMethodHandle$Holder.invokeStaticInit(java.lang.Object, java.lang.Object)'> (0x00000000d65f5200) 
thrown [s\src\hotspot\share\interpreter\linkResolver.cpp, line 773]
Event: 3.779 Thread 0x0000024ff100fad0 Exception <a 'java/lang/NoSuchMethodError'{0x00000000d6859e38}: 'java.lang.Object java.lang.invoke.DirectMethodHandle$Holder.newInvokeSpecial(java.lang.Object, int, java.lang.Object)'> (0x00000000d6859e38) 
thrown [s\src\hotspot\share\interpreter\linkResolver.cpp, line 773]
Event: 3.872 Thread 0x0000024ff100fad0 Exception <a 'java/lang/ClassNotFoundException'{0x00000000d6a77010}: sun/net/www/protocol/plurl/Handler> (0x00000000d6a77010) 
thrown [s\src\hotspot\share\classfile\systemDictionary.cpp, line 312]
Event: 3.872 Thread 0x0000024ff100fad0 Exception <a 'java/lang/ClassNotFoundException'{0x00000000d6a77e90}: sun/net/www/protocol/plurl/Handler> (0x00000000d6a77e90) 
thrown [s\src\hotspot\share\classfile\systemDictionary.cpp, line 312]
Event: 4.245 Thread 0x0000024ff100fad0 Exception <a 'java/lang/UnsatisfiedLinkError'{0x00000000d55f74b8}: 'void org.eclipse.equinox.launcher.JNIBridge._update_splash()'> (0x00000000d55f74b8) 
thrown [s\src\hotspot\share\prims\nativeLookup.cpp, line 415]
Event: 4.381 Thread 0x0000024ff95b2cd0 Exception <a 'java/lang/NoSuchMethodError'{0x00000000d5892590}: 'void java.lang.invoke.DirectMethodHandle$Holder.invokeInterface(java.lang.Object, java.lang.Object, java.lang.Object)'> (0x00000000d5892590) 
thrown [s\src\hotspot\share\interpreter\linkResolver.cpp, line 773]
Event: 4.670 Thread 0x0000024ff95b4710 Exception <a 'java/lang/NoSuchMethodError'{0x00000000d5c4f500}: 'java.lang.Object java.lang.invoke.DirectMethodHandle$Holder.newInvokeSpecial(java.lang.Object, java.lang.Object, int, java.lang.Object)'> (0x00000000d5c4f500) 
thrown [s\src\hotspot\share\interpreter\linkResolver.cpp, line 773]
Event: 4.671 Thread 0x0000024ff95b4710 Exception <a 'java/lang/NoSuchMethodError'{0x00000000d5c53370}: 'java.lang.Object java.lang.invoke.DirectMethodHandle$Holder.invokeSpecial(java.lang.Object, java.lang.Object, java.lang.Object, int, java.lang.Object)'> (0x00000000d5c53370) 
thrown [s\src\hotspot\share\interpreter\linkResolver.cpp, line 773]
Event: 4.723 Thread 0x0000024ff95b4710 Exception <a 'java/lang/NoClassDefFoundError'{0x00000000d5cf3538}: jakarta/servlet/ServletContainerInitializer> (0x00000000d5cf3538) 
thrown [s\src\hotspot\share\classfile\systemDictionary.cpp, line 301]
Event: 4.804 Thread 0x0000024ff95b4710 Exception <a 'java/lang/ClassNotFoundException'{0x00000000d5e56680}: sun/util/logging/resources/spi/loggingProvider> (0x00000000d5e56680) 
thrown [s\src\hotspot\share\classfile\systemDictionary.cpp, line 312]
Event: 6.175 Thread 0x0000024ff95b4710 Exception <a 'java/lang/NullPointerException'{0x00000000d63ea5b0}> (0x00000000d63ea5b0) 
thrown [s\src\hotspot\share\interpreter\linkResolver.cpp, line 1372]
Event: 6.175 Thread 0x0000024ff95b4710 Exception <a 'java/lang/NullPointerException'{0x00000000d63ea890}> (0x00000000d63ea890) 
thrown [s\src\hotspot\share\interpreter\linkResolver.cpp, line 1372]
Event: 6.518 Thread 0x0000024ff95b4710 Exception <a 'java/lang/NoSuchMethodError'{0x00000000d6d677a0}: 'long java.lang.invoke.DirectMethodHandle$Holder.invokeSpecial(java.lang.Object, java.lang.Object)'> (0x00000000d6d677a0) 
thrown [s\src\hotspot\share\interpreter\linkResolver.cpp, line 773]
Event: 6.678 Thread 0x0000024ff95b4710 Exception <a 'java/io/FileNotFoundException'{0x00000000d56ad9f8}> (0x00000000d56ad9f8) 
thrown [s\src\hotspot\share\prims\jni.cpp, line 520]
Event: 7.022 Thread 0x0000024ff95b4710 Exception <a 'java/lang/NoSuchMethodError'{0x00000000d5bff630}: 'java.lang.Object java.lang.invoke.Invokers$Holder.linkToTargetMethod(java.lang.Object, long, java.lang.Object)'> (0x00000000d5bff630) 
thrown [s\src\hotspot\share\interpreter\linkResolver.cpp, line 773]
Event: 7.157 Thread 0x0000024ff95b4710 Exception <a 'java/lang/NoSuchMethodError'{0x00000000d613cd98}: 'void java.lang.invoke.Invokers$Holder.invokeExact_MT(java.lang.Object, java.lang.Object, java.lang.Object)'> (0x00000000d613cd98) 
thrown [s\src\hotspot\share\interpreter\linkResolver.cpp, line 773]
Event: 7.365 Thread 0x0000024ff95b4710 Exception <a 'java/lang/NoSuchMethodError'{0x00000000d643b540}: 'java.lang.Object java.lang.invoke.DirectMethodHandle$Holder.invokeVirtual(java.lang.Object, java.lang.Object, java.lang.Object)'> (0x00000000d643b540) 
thrown [s\src\hotspot\share\interpreter\linkResolver.cpp, line 773]
Event: 7.367 Thread 0x0000024ff95b4710 Exception <a 'java/lang/NoSuchMethodError'{0x00000000d6453218}: 'java.lang.Object java.lang.invoke.DelegatingMethodHandle$Holder.reinvoke_L(java.lang.Object, java.lang.Object, java.lang.Object, java.lang.Object, int, int)'> (0x00000000d6453218) 
thrown [s\src\hotspot\share\interpreter\linkResolver.cpp, line 773]
Event: 7.383 Thread 0x0000024ff95b4710 Exception <a 'java/lang/NoSuchMethodError'{0x00000000d646f5a0}: 'java.lang.Object java.lang.invoke.DirectMethodHandle$Holder.newInvokeSpecial(java.lang.Object, java.lang.Object, java.lang.Object, java.lang.Object, java.lang.Object, java.lang.Object)'> (0x00000000d646f5a0) 
thrown [s\src\hotspot\share\interpreter\linkResolver.cpp, line 773]
Event: 7.389 Thread 0x0000024ff95b4710 Exception <a 'java/lang/NoSuchMethodError'{0x00000000d649b088}: 'void java.lang.invoke.Invokers$Holder.invokeExact_MT(java.lang.Object, java.lang.Object, java.lang.Object, java.lang.Object)'> (0x00000000d649b088) 
thrown [s\src\hotspot\share\interpreter\linkResolver.cpp, line 773]

ZGC Phase Switch (0 events):
No events

VM Operations (20 events):
Event: 3.866 Executing VM operation: HandshakeAllThreads (Deoptimize)
Event: 3.866 Executing VM operation: HandshakeAllThreads (Deoptimize) done
Event: 4.210 Executing VM operation: ParallelGCFailedAllocation (Allocation Failure)
Event: 4.222 Executing VM operation: ParallelGCFailedAllocation (Allocation Failure) done
Event: 4.769 Executing VM operation: HandshakeAllThreads (Deoptimize)
Event: 4.769 Executing VM operation: HandshakeAllThreads (Deoptimize) done
Event: 4.818 Executing VM operation: HandshakeAllThreads (Deoptimize)
Event: 4.818 Executing VM operation: HandshakeAllThreads (Deoptimize) done
Event: 4.841 Executing VM operation: HandshakeAllThreads (Deoptimize)
Event: 4.841 Executing VM operation: HandshakeAllThreads (Deoptimize) done
Event: 4.857 Executing VM operation: HandshakeAllThreads (Deoptimize)
Event: 4.857 Executing VM operation: HandshakeAllThreads (Deoptimize) done
Event: 5.184 Executing VM operation: ParallelGCFailedAllocation (Allocation Failure)
Event: 5.194 Executing VM operation: ParallelGCFailedAllocation (Allocation Failure) done
Event: 6.200 Executing VM operation: Cleanup
Event: 6.200 Executing VM operation: Cleanup done
Event: 6.338 Executing VM operation: HandshakeAllThreads (Deoptimize)
Event: 6.338 Executing VM operation: HandshakeAllThreads (Deoptimize) done
Event: 6.589 Executing VM operation: ParallelGCFailedAllocation (Allocation Failure)
Event: 6.600 Executing VM operation: ParallelGCFailedAllocation (Allocation Failure) done

Memory protections (0 events):
No events

Nmethod flushes (0 events):
No events

Events (18 events):
Event: 0.076 Thread 0x0000024ff100fad0 Thread added: 0x0000024ff100fad0
Event: 0.110 Thread 0x0000024ff100fad0 Thread added: 0x0000024ff0efa600
Event: 0.111 Thread 0x0000024ff100fad0 Thread added: 0x0000024ff0efcf10
Event: 0.111 Thread 0x0000024ff100fad0 Thread added: 0x0000024ff0eff1b0
Event: 0.112 Thread 0x0000024ff100fad0 Thread added: 0x0000024ff0f000c0
Event: 0.112 Thread 0x0000024ff100fad0 Thread added: 0x0000024ff0f019c0
Event: 0.112 Thread 0x0000024ff100fad0 Thread added: 0x0000024ff0f076c0
Event: 0.113 Thread 0x0000024ff100fad0 Thread added: 0x0000024ff0f0a110
Event: 0.115 Thread 0x0000024ff100fad0 Thread added: 0x0000024ff0f38fd0
Event: 0.187 Thread 0x0000024ff100fad0 Thread added: 0x0000024ff95b1fb0
Event: 1.324 Thread 0x0000024ff100fad0 Thread added: 0x0000024ff95b1920
Event: 3.710 Thread 0x0000024ff100fad0 Thread added: 0x0000024ff95b2640
Event: 4.242 Thread 0x0000024ff100fad0 Thread added: 0x0000024ff95b2cd0
Event: 4.388 Thread 0x0000024ff95b2cd0 Thread added: 0x0000024ff95b4080
Event: 4.395 Thread 0x0000024ff100fad0 Thread added: 0x0000024ff95b4710
Event: 5.298 Thread 0x0000024ff95b4710 Thread added: 0x0000024ff95b3360
Event: 6.315 Thread 0x0000024ff95b4710 Thread added: 0x0000024ff95b1290
Event: 7.116 Thread 0x0000024ff95b4710 Thread added: 0x0000024ff95b39f0


Dynamic libraries:
0x00007ff6ad1b0000 - 0x00007ff6ad1be000 	c:\Users\USER\.vscode\extensions\redhat.java-1.46.0-win32-x64\jre\21.0.8-win32-x86_64\bin\java.exe
0x00007ffbe41f0000 - 0x00007ffbe4407000 	C:\WINDOWS\SYSTEM32\ntdll.dll
0x00007ffbe2af0000 - 0x00007ffbe2bb4000 	C:\WINDOWS\System32\KERNEL32.DLL
0x00007ffbe1400000 - 0x00007ffbe17d2000 	C:\WINDOWS\System32\KERNELBASE.dll
0x00007ffbe12e0000 - 0x00007ffbe13f1000 	C:\WINDOWS\System32\ucrtbase.dll
0x00007ffbcc680000 - 0x00007ffbcc698000 	c:\Users\USER\.vscode\extensions\redhat.java-1.46.0-win32-x64\jre\21.0.8-win32-x86_64\bin\jli.dll
0x00007ffbe22e0000 - 0x00007ffbe2491000 	C:\WINDOWS\System32\USER32.dll
0x00007ffbe1990000 - 0x00007ffbe19b6000 	C:\WINDOWS\System32\win32u.dll
0x00007ffbe26a0000 - 0x00007ffbe26c9000 	C:\WINDOWS\System32\GDI32.dll
0x00007ffbe17e0000 - 0x00007ffbe1903000 	C:\WINDOWS\System32\gdi32full.dll
0x00007ffbe1c70000 - 0x00007ffbe1d0a000 	C:\WINDOWS\System32\msvcp_win.dll
0x00007ffbcc710000 - 0x00007ffbcc72e000 	c:\Users\USER\.vscode\extensions\redhat.java-1.46.0-win32-x64\jre\21.0.8-win32-x86_64\bin\VCRUNTIME140.dll
0x00007ffbcbdd0000 - 0x00007ffbcc06b000 	C:\WINDOWS\WinSxS\amd64_microsoft.windows.common-controls_6595b64144ccf1df_6.0.22621.5547_none_27104afb73855772\COMCTL32.dll
0x00007ffbe2de0000 - 0x00007ffbe2e87000 	C:\WINDOWS\System32\msvcrt.dll
0x00007ffbe2d80000 - 0x00007ffbe2db1000 	C:\WINDOWS\System32\IMM32.DLL
0x00007ffbd7460000 - 0x00007ffbd746c000 	c:\Users\USER\.vscode\extensions\redhat.java-1.46.0-win32-x64\jre\21.0.8-win32-x86_64\bin\vcruntime140_1.dll
0x00007ffba8f40000 - 0x00007ffba8fcd000 	c:\Users\USER\.vscode\extensions\redhat.java-1.46.0-win32-x64\jre\21.0.8-win32-x86_64\bin\msvcp140.dll
0x00007ffb2b220000 - 0x00007ffb2bfb7000 	c:\Users\USER\.vscode\extensions\redhat.java-1.46.0-win32-x64\jre\21.0.8-win32-x86_64\bin\server\jvm.dll
0x00007ffbe3010000 - 0x00007ffbe30c1000 	C:\WINDOWS\System32\ADVAPI32.dll
0x00007ffbe4100000 - 0x00007ffbe41a8000 	C:\WINDOWS\System32\sechost.dll
0x00007ffbe1a80000 - 0x00007ffbe1aa8000 	C:\WINDOWS\System32\bcrypt.dll
0x00007ffbe2ef0000 - 0x00007ffbe3004000 	C:\WINDOWS\System32\RPCRT4.dll
0x00007ffbe24a0000 - 0x00007ffbe2511000 	C:\WINDOWS\System32\WS2_32.dll
0x00007ffbe11b0000 - 0x00007ffbe11fd000 	C:\WINDOWS\SYSTEM32\POWRPROF.dll
0x00007ffbdd1e0000 - 0x00007ffbdd214000 	C:\WINDOWS\SYSTEM32\WINMM.dll
0x00007ffbd93c0000 - 0x00007ffbd93ca000 	C:\WINDOWS\SYSTEM32\VERSION.dll
0x00007ffbe1190000 - 0x00007ffbe11a3000 	C:\WINDOWS\SYSTEM32\UMPDC.dll
0x00007ffbe02e0000 - 0x00007ffbe02f8000 	C:\WINDOWS\SYSTEM32\kernel.appcore.dll
0x00007ffbd7230000 - 0x00007ffbd723a000 	c:\Users\USER\.vscode\extensions\redhat.java-1.46.0-win32-x64\jre\21.0.8-win32-x86_64\bin\jimage.dll
0x00007ffbdeda0000 - 0x00007ffbdefd3000 	C:\WINDOWS\SYSTEM32\DBGHELP.DLL
0x00007ffbe1e90000 - 0x00007ffbe2223000 	C:\WINDOWS\System32\combase.dll
0x00007ffbe3fd0000 - 0x00007ffbe40a7000 	C:\WINDOWS\System32\OLEAUT32.dll
0x00007ffbbb940000 - 0x00007ffbbb972000 	C:\WINDOWS\SYSTEM32\dbgcore.DLL
0x00007ffbe1910000 - 0x00007ffbe198b000 	C:\WINDOWS\System32\bcryptPrimitives.dll
0x00007ffbd5000000 - 0x00007ffbd500f000 	c:\Users\USER\.vscode\extensions\redhat.java-1.46.0-win32-x64\jre\21.0.8-win32-x86_64\bin\instrument.dll
0x00007ffbcc660000 - 0x00007ffbcc67f000 	c:\Users\USER\.vscode\extensions\redhat.java-1.46.0-win32-x64\jre\21.0.8-win32-x86_64\bin\java.dll
0x00007ffbe3720000 - 0x00007ffbe3fc2000 	C:\WINDOWS\System32\SHELL32.dll
0x00007ffbe1b30000 - 0x00007ffbe1c6f000 	C:\WINDOWS\System32\wintypes.dll
0x00007ffbdf1c0000 - 0x00007ffbdfadd000 	C:\WINDOWS\SYSTEM32\windows.storage.dll
0x00007ffbe2c70000 - 0x00007ffbe2d7c000 	C:\WINDOWS\System32\SHCORE.dll
0x00007ffbe2630000 - 0x00007ffbe2699000 	C:\WINDOWS\System32\shlwapi.dll
0x00007ffbe1210000 - 0x00007ffbe123b000 	C:\WINDOWS\SYSTEM32\profapi.dll
0x00007ffbd7470000 - 0x00007ffbd7488000 	c:\Users\USER\.vscode\extensions\redhat.java-1.46.0-win32-x64\jre\21.0.8-win32-x86_64\bin\zip.dll
0x00007ffbdd250000 - 0x00007ffbdd260000 	C:\Users\USER\.vscode\extensions\redhat.java-1.46.0-win32-x64\jre\21.0.8-win32-x86_64\bin\net.dll
0x00007ffbdc9d0000 - 0x00007ffbdcafc000 	C:\WINDOWS\SYSTEM32\WINHTTP.dll
0x00007ffbe0770000 - 0x00007ffbe07d9000 	C:\WINDOWS\system32\mswsock.dll
0x00007ffbd2d10000 - 0x00007ffbd2d26000 	C:\Users\USER\.vscode\extensions\redhat.java-1.46.0-win32-x64\jre\21.0.8-win32-x86_64\bin\nio.dll
0x00007ffbd4f80000 - 0x00007ffbd4f90000 	c:\Users\USER\.vscode\extensions\redhat.java-1.46.0-win32-x64\jre\21.0.8-win32-x86_64\bin\verify.dll
0x00007ffba0520000 - 0x00007ffba0564000 	C:\Users\USER\AppData\Roaming\Code\User\globalStorage\redhat.java\1.46.0\config_win\org.eclipse.equinox.launcher\org.eclipse.equinox.launcher.win32.win32.x86_64_1.2.1400.v20250801-0854\eclipse_11916.dll
0x00007ffbe28e0000 - 0x00007ffbe2a80000 	C:\WINDOWS\System32\ole32.dll

JVMTI agents:
c:\Users\USER\.vscode\extensions\redhat.java-1.46.0-win32-x64\lombok\lombok-1.18.39-4050.jar path:c:\Users\USER\.vscode\extensions\redhat.java-1.46.0-win32-x64\jre\21.0.8-win32-x86_64\bin\instrument.dll, loaded, initialized, instrumentlib options:none

dbghelp: loaded successfully - version: 4.0.5 - missing functions: none
symbol engine: initialized successfully - sym options: 0x614 - pdb path: .;c:\Users\USER\.vscode\extensions\redhat.java-1.46.0-win32-x64\jre\21.0.8-win32-x86_64\bin;C:\WINDOWS\SYSTEM32;C:\WINDOWS\WinSxS\amd64_microsoft.windows.common-controls_6595b64144ccf1df_6.0.22621.5547_none_27104afb73855772;c:\Users\USER\.vscode\extensions\redhat.java-1.46.0-win32-x64\jre\21.0.8-win32-x86_64\bin\server;C:\Users\USER\AppData\Roaming\Code\User\globalStorage\redhat.java\1.46.0\config_win\org.eclipse.equinox.launcher\org.eclipse.equinox.launcher.win32.win32.x86_64_1.2.1400.v20250801-0854

VM Arguments:
jvm_args: --add-modules=ALL-SYSTEM --add-opens=java.base/java.util=ALL-UNNAMED --add-opens=java.base/java.lang=ALL-UNNAMED --add-opens=java.base/sun.nio.fs=ALL-UNNAMED -Declipse.application=org.eclipse.jdt.ls.core.id1 -Dosgi.bundles.defaultStartLevel=4 -Declipse.product=org.eclipse.jdt.ls.core.product -Djava.import.generatesMetadataFilesAtProjectRoot=false -DDetectVMInstallationsJob.disabled=true -Dfile.encoding=utf8 -XX:+UseParallelGC -XX:GCTimeRatio=4 -XX:AdaptiveSizePolicyWeight=90 -Dsun.zip.disableMemoryMapping=true -Xmx2G -Xms100m -Xlog:disable -javaagent:c:\Users\USER\.vscode\extensions\redhat.java-1.46.0-win32-x64\lombok\lombok-1.18.39-4050.jar -XX:+HeapDumpOnOutOfMemoryError -XX:HeapDumpPath=c:\Users\USER\AppData\Roaming\Code\User\workspaceStorage\7bed159f160d76f8450ae50db4ac90a7\redhat.java -Daether.dependencyCollector.impl=bf 
java_command: c:\Users\USER\.vscode\extensions\redhat.java-1.46.0-win32-x64\server\plugins\org.eclipse.equinox.launcher_1.7.0.v20250519-0528.jar -configuration c:\Users\USER\AppData\Roaming\Code\User\globalStorage\redhat.java\1.46.0\config_win -data c:\Users\USER\AppData\Roaming\Code\User\workspaceStorage\7bed159f160d76f8450ae50db4ac90a7\redhat.java\jdt_ws --pipe=\\.\pipe\lsp-4ae0d86c2f7f1f9d663cd7e520da414e-sock
java_class_path (initial): c:\Users\USER\.vscode\extensions\redhat.java-1.46.0-win32-x64\server\plugins\org.eclipse.equinox.launcher_1.7.0.v20250519-0528.jar
Launcher Type: SUN_STANDARD

[Global flags]
    uintx AdaptiveSizePolicyWeight                 = 90                                        {product} {command line}
     intx CICompilerCount                          = 3                                         {product} {ergonomic}
    uintx GCTimeRatio                              = 4                                         {product} {command line}
     bool HeapDumpOnOutOfMemoryError               = true                                   {manageable} {command line}
    ccstr HeapDumpPath                             = c:\Users\USER\AppData\Roaming\Code\User\workspaceStorage\7bed159f160d76f8450ae50db4ac90a7\redhat.java         {manageable} {command line}
   size_t InitialHeapSize                          = 104857600                                 {product} {command line}
   size_t MaxHeapSize                              = 2147483648                                {product} {command line}
   size_t MaxNewSize                               = 715653120                                 {product} {ergonomic}
   size_t MinHeapDeltaBytes                        = 524288                                    {product} {ergonomic}
   size_t MinHeapSize                              = 104857600                                 {product} {command line}
   size_t NewSize                                  = 34603008                                  {product} {ergonomic}
    uintx NonNMethodCodeHeapSize                   = 5832780                                {pd product} {ergonomic}
    uintx NonProfiledCodeHeapSize                  = 122912730                              {pd product} {ergonomic}
   size_t OldSize                                  = 70254592                                  {product} {ergonomic}
    uintx ProfiledCodeHeapSize                     = 122912730                              {pd product} {ergonomic}
    uintx ReservedCodeCacheSize                    = 251658240                              {pd product} {ergonomic}
     bool SegmentedCodeCache                       = true                                      {product} {ergonomic}
   size_t SoftMaxHeapSize                          = 2147483648                             {manageable} {ergonomic}
     bool UseCompressedOops                        = true                           {product lp64_product} {ergonomic}
     bool UseLargePagesIndividualAllocation        = false                                  {pd product} {ergonomic}
     bool UseParallelGC                            = true                                      {product} {command line}

Logging:
Log output configuration:
 #0: stdout all=off uptime,level,tags foldmultilines=false
 #1: stderr all=off uptime,level,tags foldmultilines=false

Environment Variables:
PATH=C:\Python312\Scripts\;C:\Python312\;C:\Program Files\Common Files\Oracle\Java\javapath;C:\Program Files (x86)\Common Files\Intel\Shared Files\cpp\bin\Intel64;C:\WINDOWS\system32;C:\WINDOWS;C:\WINDOWS\System32\Wbem;C:\WINDOWS\System32\WindowsPowerShell\v1.0\;C:\WINDOWS\System32\OpenSSH\;C:\Program Files\Git\cmd;C:\Program Files\nodejs\;C:\ProgramData\chocolatey\bin;C:\Python312\Scripts\;C:\Python312\;C:\Program Files\Common Files\Oracle\Java\javapath;C:\Program Files (x86)\Common Files\Intel\Shared Files\cpp\bin\Intel64;C:\WINDOWS\system32;C:\WINDOWS;C:\WINDOWS\System32\Wbem;C:\WINDOWS\System32\WindowsPowerShell\v1.0\;C:\WINDOWS\System32\OpenSSH\;C:\Program Files\Git\cmd;C:\Program Files\nodejs\;C:\ProgramData\chocolatey\bin;C:\Python312\Scripts\;C:\Python312\;C:\Program Files\Common Files\Oracle\Java\javapath;C:\Program Files (x86)\Common Files\Intel\Shared Files\cpp\bin\Intel64;C:\WINDOWS\system32;C:\WINDOWS;C:\WINDOWS\System32\Wbem;C:\WINDOWS\System32\WindowsPowerShell\v1.0\;C:\WINDOWS\System32\OpenSSH\;C:\Program Files\Git\cmd;C:\Program Files\nodejs\;C:\ProgramData\chocolatey\bin;D:\Microsoft VS Code\bin;C:\Users\USER\AppData\Roaming\npm;D:\php;D:\php
USERNAME=USER
OS=Windows_NT
PROCESSOR_IDENTIFIER=AMD64 Family 23 Model 24 Stepping 1, AuthenticAMD
TMP=C:\Users\USER\AppData\Local\Temp
TEMP=C:\Users\USER\AppData\Local\Temp




Periodic native trim disabled

---------------  S Y S T E M  ---------------

OS:
 Windows 11 , 64 bit Build 22621 (10.0.22621.5415)
OS uptime: 10 days 23:04 hours
Hyper-V role detected

CPU: total 4 (initial active 4) (4 cores per cpu, 2 threads per core) family 23 model 24 stepping 1 microcode 0x0, cx8, cmov, fxsr, ht, mmx, 3dnowpref, sse, sse2, sse3, ssse3, sse4a, sse4.1, sse4.2, popcnt, lzcnt, tsc, tscinvbit, avx, avx2, aes, clmul, bmi1, bmi2, adx, sha, fma, vzeroupper, clflush, clflushopt, hv, rdtscp, f16c
Processor Information for the first 4 processors :
  Max Mhz: 2600, Current Mhz: 2600, Mhz Limit: 2600

Memory: 4k page, system-wide physical 3460M (72M free)
TotalPageFile size 14212M (AvailPageFile size 13M)
current process WorkingSet (physical memory assigned to process): 115M, peak: 115M
current process commit charge ("private bytes"): 243M, peak: 244M

vm_info: OpenJDK 64-Bit Server VM (21.0.8+9-LTS) for windows-amd64 JRE (21.0.8+9-LTS), built on 2025-07-15T00:00:00Z by "admin" with MS VC++ 17.7 (VS2022)

END.
