#
# There is insufficient memory for the Java Runtime Environment to continue.
# Native memory allocation (malloc) failed to allocate 78032 bytes. Error detail: Chunk::new
# Possible reasons:
#   The system is out of physical RAM or swap space
#   This process is running with CompressedOops enabled, and the Java Heap may be blocking the growth of the native heap
# Possible solutions:
#   Reduce memory load on the system
#   Increase physical memory or swap space
#   Check if swap backing store is full
#   Decrease Java heap size (-Xmx/-Xms)
#   Decrease number of Java threads
#   Decrease Java thread stack sizes (-Xss)
#   Set larger code cache with -XX:ReservedCodeCacheSize=
#   JVM is running with Unscaled Compressed Oops mode in which the Java heap is
#     placed in the first 4GB address space. The Java Heap base address is the
#     maximum limit for the native heap growth. Please use -XX:HeapBaseMinAddress
#     to set the Java Heap base and to place the Java Heap above 4GB virtual address.
# This output file may be truncated or incomplete.
#
#  Out of Memory Error (arena.cpp:168), pid=20160, tid=1784
#
# JRE version: OpenJDK Runtime Environment Temurin-21.0.8+9 (21.0.8+9) (build 21.0.8+9-LTS)
# Java VM: OpenJDK 64-Bit Server VM Temurin-21.0.8+9 (21.0.8+9-LTS, mixed mode, sharing, tiered, compressed oops, compressed class ptrs, parallel gc, windows-amd64)
# No core dump will be written. Minidumps are not enabled by default on client versions of Windows
#

---------------  S U M M A R Y ------------

Command Line: --add-modules=ALL-SYSTEM --add-opens=java.base/java.util=ALL-UNNAMED --add-opens=java.base/java.lang=ALL-UNNAMED --add-opens=java.base/sun.nio.fs=ALL-UNNAMED -Declipse.application=org.eclipse.jdt.ls.core.id1 -Dosgi.bundles.defaultStartLevel=4 -Declipse.product=org.eclipse.jdt.ls.core.product -Djava.import.generatesMetadataFilesAtProjectRoot=false -DDetectVMInstallationsJob.disabled=true -Dfile.encoding=utf8 -XX:+UseParallelGC -XX:GCTimeRatio=4 -XX:AdaptiveSizePolicyWeight=90 -Dsun.zip.disableMemoryMapping=true -Xmx2G -Xms100m -Xlog:disable -javaagent:c:\Users\USER\.vscode\extensions\redhat.java-1.46.0-win32-x64\lombok\lombok-1.18.39-4050.jar -XX:+HeapDumpOnOutOfMemoryError -XX:HeapDumpPath=c:\Users\USER\AppData\Roaming\Code\User\workspaceStorage\7bed159f160d76f8450ae50db4ac90a7\redhat.java -Daether.dependencyCollector.impl=bf c:\Users\USER\.vscode\extensions\redhat.java-1.46.0-win32-x64\server\plugins\org.eclipse.equinox.launcher_1.7.0.v20250519-0528.jar -configuration c:\Users\USER\AppData\Roaming\Code\User\globalStorage\redhat.java\1.46.0\config_win -data c:\Users\USER\AppData\Roaming\Code\User\workspaceStorage\7bed159f160d76f8450ae50db4ac90a7\redhat.java\jdt_ws --pipe=\\.\pipe\lsp-74caa74b1db88975628c9a4c5af42235-sock

Host: AMD Ryzen 3 3250U with Radeon Graphics         , 4 cores, 3G,  Windows 11 , 64 bit Build 22621 (10.0.22621.5415)
Time: Sat Oct 18 18:36:53 2025 SE Asia Standard Time elapsed time: 21.048855 seconds (0d 0h 0m 21s)

---------------  T H R E A D  ---------------

Current thread (0x000001b0cfa08010):  JavaThread "C2 CompilerThread0" daemon [_thread_in_native, id=1784, stack(0x0000008aaac00000,0x0000008aaad00000) (1024K)]


Current CompileTask:
C2:21049 4501 %     4       java.util.zip.ZipFile$Source::initCEN @ 261 (612 bytes)

Stack: [0x0000008aaac00000,0x0000008aaad00000]
Native frames: (J=compiled Java code, j=interpreted, Vv=VM code, C=native code)
V  [jvm.dll+0x6d2449]
V  [jvm.dll+0x8ae341]
V  [jvm.dll+0x8b08be]
V  [jvm.dll+0x8b0fa3]
V  [jvm.dll+0x280c96]
V  [jvm.dll+0xc581d]
V  [jvm.dll+0xc5d53]
V  [jvm.dll+0x13fc9f]
V  [jvm.dll+0x65b942]
V  [jvm.dll+0x65fc5c]
V  [jvm.dll+0x248d55]
V  [jvm.dll+0x2484af]
V  [jvm.dll+0x1c89ee]
V  [jvm.dll+0x257d4d]
V  [jvm.dll+0x2562ea]
V  [jvm.dll+0x3f2d16]
V  [jvm.dll+0x857e6b]
V  [jvm.dll+0x6d0b0d]
C  [ucrtbase.dll+0x29333]
C  [KERNEL32.DLL+0x1259d]
C  [ntdll.dll+0x5af78]


---------------  P R O C E S S  ---------------

Threads class SMR info:
_java_thread_list=0x000001b0ecf80330, length=24, elements={
0x000001b0cfb0eb90, 0x000001b0cf9fc570, 0x000001b0cf9fdcc0, 0x000001b0cf9ffdb0,
0x000001b0cfa02f70, 0x000001b0cfa02490, 0x000001b0cfa05280, 0x000001b0cfa08010,
0x000001b0cfa77bf0, 0x000001b0cfabe970, 0x000001b0e72f2740, 0x000001b0e77303f0,
0x000001b0e79946d0, 0x000001b0e7aaf170, 0x000001b0e79d6600, 0x000001b0e7c5e0f0,
0x000001b0ec283360, 0x000001b0ec1896a0, 0x000001b0cfab0170, 0x000001b0e78a6410,
0x000001b0e78a77c0, 0x000001b0e78a5d80, 0x000001b0e78a7e50, 0x000001b0e78a84e0
}

Java Threads: ( => current thread )
  0x000001b0cfb0eb90 JavaThread "main"                              [_thread_blocked, id=8276, stack(0x0000008aaa200000,0x0000008aaa300000) (1024K)]
  0x000001b0cf9fc570 JavaThread "Reference Handler"          daemon [_thread_blocked, id=16416, stack(0x0000008aaa600000,0x0000008aaa700000) (1024K)]
  0x000001b0cf9fdcc0 JavaThread "Finalizer"                  daemon [_thread_blocked, id=14600, stack(0x0000008aaa700000,0x0000008aaa800000) (1024K)]
  0x000001b0cf9ffdb0 JavaThread "Signal Dispatcher"          daemon [_thread_blocked, id=2500, stack(0x0000008aaa800000,0x0000008aaa900000) (1024K)]
  0x000001b0cfa02f70 JavaThread "Attach Listener"            daemon [_thread_blocked, id=13140, stack(0x0000008aaa900000,0x0000008aaaa00000) (1024K)]
  0x000001b0cfa02490 JavaThread "Service Thread"             daemon [_thread_blocked, id=16708, stack(0x0000008aaaa00000,0x0000008aaab00000) (1024K)]
  0x000001b0cfa05280 JavaThread "Monitor Deflation Thread"   daemon [_thread_blocked, id=18600, stack(0x0000008aaab00000,0x0000008aaac00000) (1024K)]
=>0x000001b0cfa08010 JavaThread "C2 CompilerThread0"         daemon [_thread_in_native, id=1784, stack(0x0000008aaac00000,0x0000008aaad00000) (1024K)]
  0x000001b0cfa77bf0 JavaThread "C1 CompilerThread0"         daemon [_thread_in_native, id=18912, stack(0x0000008aaad00000,0x0000008aaae00000) (1024K)]
  0x000001b0cfabe970 JavaThread "Common-Cleaner"             daemon [_thread_blocked, id=12484, stack(0x0000008aaae00000,0x0000008aaaf00000) (1024K)]
  0x000001b0e72f2740 JavaThread "Notification Thread"        daemon [_thread_blocked, id=14780, stack(0x0000008aaaf00000,0x0000008aab000000) (1024K)]
  0x000001b0e77303f0 JavaThread "Active Thread: Equinox Container: 0d210f04-7b6d-4353-ba51-b4e9ffb9e299"        [_thread_blocked, id=15460, stack(0x0000008aab300000,0x0000008aab400000) (1024K)]
  0x000001b0e79946d0 JavaThread "Refresh Thread: Equinox Container: 0d210f04-7b6d-4353-ba51-b4e9ffb9e299" daemon [_thread_blocked, id=7272, stack(0x0000008aab400000,0x0000008aab500000) (1024K)]
  0x000001b0e7aaf170 JavaThread "Framework Event Dispatcher: Equinox Container: 0d210f04-7b6d-4353-ba51-b4e9ffb9e299" daemon [_thread_blocked, id=10628, stack(0x0000008aab500000,0x0000008aab600000) (1024K)]
  0x000001b0e79d6600 JavaThread "Start Level: Equinox Container: 0d210f04-7b6d-4353-ba51-b4e9ffb9e299" daemon [_thread_in_native, id=11332, stack(0x0000008aab600000,0x0000008aab700000) (1024K)]
  0x000001b0e7c5e0f0 JavaThread "Bundle File Closer"         daemon [_thread_blocked, id=2728, stack(0x0000008aab700000,0x0000008aab800000) (1024K)]
  0x000001b0ec283360 JavaThread "SCR Component Actor"        daemon [_thread_blocked, id=5632, stack(0x0000008aab800000,0x0000008aab900000) (1024K)]
  0x000001b0ec1896a0 JavaThread "Worker-JM"                         [_thread_blocked, id=10864, stack(0x0000008aab900000,0x0000008aaba00000) (1024K)]
  0x000001b0cfab0170 JavaThread "JNA Cleaner"                daemon [_thread_blocked, id=15252, stack(0x0000008aaba00000,0x0000008aabb00000) (1024K)]
  0x000001b0e78a6410 JavaThread "Worker-0: Repository registry initialization"        [_thread_blocked, id=1228, stack(0x0000008aabb00000,0x0000008aabc00000) (1024K)]
  0x000001b0e78a77c0 JavaThread "Worker-1: Updating Maven Dependencies"        [_thread_in_vm, id=12360, stack(0x0000008aabc00000,0x0000008aabd00000) (1024K)]
  0x000001b0e78a5d80 JavaThread "Worker-2"                          [_thread_blocked, id=7508, stack(0x0000008aabd00000,0x0000008aabe00000) (1024K)]
  0x000001b0e78a7e50 JavaThread "Worker-3"                          [_thread_blocked, id=15908, stack(0x0000008aabe00000,0x0000008aabf00000) (1024K)]
  0x000001b0e78a84e0 JavaThread "Java indexing"              daemon [_thread_new, id=16764, stack(0x0000000000000000,0x0000000000000000) (0B)]
Total: 24

Other Threads:
  0x000001b0cfbcd780 VMThread "VM Thread"                           [id=14936, stack(0x0000008aaa500000,0x0000008aaa600000) (1024K)]
  0x000001b0cf99ca00 WatcherThread "VM Periodic Task Thread"        [id=18244, stack(0x0000008aaa400000,0x0000008aaa500000) (1024K)]
  0x000001b0cfb2bd50 WorkerThread "GC Thread#0"                     [id=18440, stack(0x0000008aaa300000,0x0000008aaa400000) (1024K)]
  0x000001b0e7503e10 WorkerThread "GC Thread#1"                     [id=5360, stack(0x0000008aab000000,0x0000008aab100000) (1024K)]
  0x000001b0e7a75010 WorkerThread "GC Thread#2"                     [id=19368, stack(0x0000008aab100000,0x0000008aab200000) (1024K)]
  0x000001b0e75041b0 WorkerThread "GC Thread#3"                     [id=15020, stack(0x0000008aab200000,0x0000008aab300000) (1024K)]
Total: 6

Threads with active compile tasks:
C2 CompilerThread0  21130 4501 %     4       java.util.zip.ZipFile$Source::initCEN @ 261 (612 bytes)
Total: 1

VM state: not at safepoint (normal execution)

VM Mutex/Monitor currently owned by a thread: None

Heap address: 0x0000000080000000, size: 2048 MB, Compressed Oops mode: 32-bit

CDS archive(s) mapped at: [0x000001b080000000-0x000001b080ba0000-0x000001b080ba0000), size 12189696, SharedBaseAddress: 0x000001b080000000, ArchiveRelocationMode: 1.
Compressed class space mapped at: 0x000001b081000000-0x000001b0c1000000, reserved size: 1073741824
Narrow klass base: 0x000001b080000000, Narrow klass shift: 0, Narrow klass range: 0x100000000

GC Precious Log:
 CardTable entry size: 512
 CPUs: 4 total, 4 available
 Memory: 3460M
 Large Page Support: Disabled
 NUMA Support: Disabled
 Compressed Oops: Enabled (32-bit)
 Alignments: Space 512K, Generation 512K, Heap 2M
 Heap Min Capacity: 100M
 Heap Initial Capacity: 100M
 Heap Max Capacity: 2G
 Pre-touch: Disabled
 Parallel Workers: 4

Heap:
 PSYoungGen      total 24576K, used 16688K [0x00000000d5580000, 0x00000000d7180000, 0x0000000100000000)
  eden space 22528K, 71% used [0x00000000d5580000,0x00000000d654c0e8,0x00000000d6b80000)
  from space 2048K, 25% used [0x00000000d6e80000,0x00000000d6f00000,0x00000000d7080000)
  to   space 1024K, 0% used [0x00000000d7080000,0x00000000d7080000,0x00000000d7180000)
 ParOldGen       total 68608K, used 15317K [0x0000000080000000, 0x0000000084300000, 0x00000000d5580000)
  object space 68608K, 22% used [0x0000000080000000,0x0000000080ef5530,0x0000000084300000)
 Metaspace       used 31858K, committed 32768K, reserved 1114112K
  class space    used 3276K, committed 3648K, reserved 1048576K

Card table byte_map: [0x000001b0cf4b0000,0x000001b0cf8c0000] _byte_map_base: 0x000001b0cf0b0000

Marking Bits: (ParMarkBitMap*) 0x00007ffd7276a340
 Begin Bits: [0x000001b0e1fb0000, 0x000001b0e3fb0000)
 End Bits:   [0x000001b0e3fb0000, 0x000001b0e5fb0000)

Polling page: 0x000001b0cd940000

Metaspace:

Usage:
  Non-class:     27.91 MB used.
      Class:      3.20 MB used.
       Both:     31.11 MB used.

Virtual space:
  Non-class space:       64.00 MB reserved,      28.44 MB ( 44%) committed,  1 nodes.
      Class space:        1.00 GB reserved,       3.56 MB ( <1%) committed,  1 nodes.
             Both:        1.06 GB reserved,      32.00 MB (  3%) committed. 

Chunk freelists:
   Non-Class:  3.54 MB
       Class:  12.42 MB
        Both:  15.95 MB

MaxMetaspaceSize: unlimited
CompressedClassSpaceSize: 1.00 GB
Initial GC threshold: 21.00 MB
Current GC threshold: 35.00 MB
CDS: on
 - commit_granule_bytes: 65536.
 - commit_granule_words: 8192.
 - virtual_space_node_default_size: 8388608.
 - enlarge_chunks_in_place: 1.
 - use_allocation_guard: 0.


Internal statistics:

num_allocs_failed_limit: 3.
num_arena_births: 714.
num_arena_deaths: 14.
num_vsnodes_births: 2.
num_vsnodes_deaths: 0.
num_space_committed: 512.
num_space_uncommitted: 0.
num_chunks_returned_to_freelist: 17.
num_chunks_taken_from_freelist: 2060.
num_chunk_merges: 7.
num_chunk_splits: 1289.
num_chunks_enlarged: 774.
num_inconsistent_stats: 0.

CodeHeap 'non-profiled nmethods': size=120000Kb used=2077Kb max_used=2077Kb free=117922Kb
 bounds [0x000001b0da7d0000, 0x000001b0daa40000, 0x000001b0e1d00000]
CodeHeap 'profiled nmethods': size=120000Kb used=9581Kb max_used=9581Kb free=110419Kb
 bounds [0x000001b0d2d00000, 0x000001b0d3660000, 0x000001b0da230000]
CodeHeap 'non-nmethods': size=5760Kb used=1337Kb max_used=1390Kb free=4422Kb
 bounds [0x000001b0da230000, 0x000001b0da4a0000, 0x000001b0da7d0000]
CodeCache: size=245760Kb, used=12995Kb, max_used=13048Kb, free=232763Kb
 total_blobs=5132, nmethods=4503, adapters=535, full_count=0
Compilation: enabled, stopped_count=0, restarted_count=0

Compilation events (20 events):
Event: 20.949 Thread 0x000001b0cfa77bf0 4493       3       java.lang.String::valueOf (5 bytes)
Event: 20.949 Thread 0x000001b0cfa77bf0 nmethod 4493 0x000001b0d3652410 code [0x000001b0d36525c0, 0x000001b0d36526d8]
Event: 20.950 Thread 0x000001b0cfa77bf0 4494       1       org.eclipse.core.internal.dtree.DataDeltaNode::isDelta (2 bytes)
Event: 20.950 Thread 0x000001b0cfa77bf0 nmethod 4494 0x000001b0da9d5910 code [0x000001b0da9d5aa0, 0x000001b0da9d5b68]
Event: 20.955 Thread 0x000001b0cfa77bf0 4495       3       java.util.HashSet::<init> (29 bytes)
Event: 20.955 Thread 0x000001b0cfa77bf0 nmethod 4495 0x000001b0d3652790 code [0x000001b0d3652980, 0x000001b0d3652e28]
Event: 20.963 Thread 0x000001b0cfa77bf0 4497   !   3       sun.reflect.generics.factory.CoreReflectionFactory::makeNamedType (21 bytes)
Event: 20.964 Thread 0x000001b0cfa77bf0 nmethod 4497 0x000001b0d3653010 code [0x000001b0d36531e0, 0x000001b0d3653478]
Event: 20.964 Thread 0x000001b0cfa77bf0 4498       3       sun.reflect.generics.factory.CoreReflectionFactory::getDeclsLoader (85 bytes)
Event: 20.965 Thread 0x000001b0cfa77bf0 nmethod 4498 0x000001b0d3653610 code [0x000001b0d3653860, 0x000001b0d36543f0]
Event: 20.965 Thread 0x000001b0cfa77bf0 4499       3       com.google.inject.Key::get (12 bytes)
Event: 20.966 Thread 0x000001b0cfa77bf0 nmethod 4499 0x000001b0d3654690 code [0x000001b0d3654880, 0x000001b0d3654d78]
Event: 20.975 Thread 0x000001b0cfa08010 nmethod 4489 0x000001b0da9d6010 code [0x000001b0da9d6220, 0x000001b0da9d6ea0]
Event: 20.976 Thread 0x000001b0cfa08010 4501 %     4       java.util.zip.ZipFile$Source::initCEN @ 261 (612 bytes)
Event: 21.038 Thread 0x000001b0cfa77bf0 4502       3       sun.reflect.annotation.AnnotationParser::parseSig (62 bytes)
Event: 21.039 Thread 0x000001b0cfa77bf0 nmethod 4502 0x000001b0d3654f90 code [0x000001b0d3655260, 0x000001b0d3656258]
Event: 21.039 Thread 0x000001b0cfa77bf0 4503       3       sun.reflect.generics.parser.SignatureParser::parseTypeSig (10 bytes)
Event: 21.040 Thread 0x000001b0cfa77bf0 nmethod 4503 0x000001b0d3656810 code [0x000001b0d36569c0, 0x000001b0d3656b80]
Event: 21.040 Thread 0x000001b0cfa77bf0 4504       3       sun.reflect.annotation.AnnotationParser::toClass (34 bytes)
Event: 21.041 Thread 0x000001b0cfa77bf0 nmethod 4504 0x000001b0d3656c90 code [0x000001b0d3656ee0, 0x000001b0d3657950]

GC Heap History (20 events):
Event: 7.733 GC heap before
{Heap before GC invocations=3 (full 0):
 PSYoungGen      total 29696K, used 29685K [0x00000000d5580000, 0x00000000d7680000, 0x0000000100000000)
  eden space 25600K, 100% used [0x00000000d5580000,0x00000000d6e80000,0x00000000d6e80000)
  from space 4096K, 99% used [0x00000000d7280000,0x00000000d767d790,0x00000000d7680000)
  to   space 4096K, 0% used [0x00000000d6e80000,0x00000000d6e80000,0x00000000d7280000)
 ParOldGen       total 68608K, used 1730K [0x0000000080000000, 0x0000000084300000, 0x00000000d5580000)
  object space 68608K, 2% used [0x0000000080000000,0x00000000801b09a0,0x0000000084300000)
 Metaspace       used 9421K, committed 9728K, reserved 1114112K
  class space    used 1006K, committed 1152K, reserved 1048576K
}
Event: 7.745 GC heap after
{Heap after GC invocations=3 (full 0):
 PSYoungGen      total 29696K, used 4068K [0x00000000d5580000, 0x00000000d7680000, 0x0000000100000000)
  eden space 25600K, 0% used [0x00000000d5580000,0x00000000d5580000,0x00000000d6e80000)
  from space 4096K, 99% used [0x00000000d6e80000,0x00000000d7279108,0x00000000d7280000)
  to   space 4096K, 0% used [0x00000000d7280000,0x00000000d7280000,0x00000000d7680000)
 ParOldGen       total 68608K, used 4790K [0x0000000080000000, 0x0000000084300000, 0x00000000d5580000)
  object space 68608K, 6% used [0x0000000080000000,0x00000000804ad880,0x0000000084300000)
 Metaspace       used 9421K, committed 9728K, reserved 1114112K
  class space    used 1006K, committed 1152K, reserved 1048576K
}
Event: 9.615 GC heap before
{Heap before GC invocations=4 (full 0):
 PSYoungGen      total 29696K, used 29668K [0x00000000d5580000, 0x00000000d7680000, 0x0000000100000000)
  eden space 25600K, 100% used [0x00000000d5580000,0x00000000d6e80000,0x00000000d6e80000)
  from space 4096K, 99% used [0x00000000d6e80000,0x00000000d7279108,0x00000000d7280000)
  to   space 4096K, 0% used [0x00000000d7280000,0x00000000d7280000,0x00000000d7680000)
 ParOldGen       total 68608K, used 4790K [0x0000000080000000, 0x0000000084300000, 0x00000000d5580000)
  object space 68608K, 6% used [0x0000000080000000,0x00000000804ad880,0x0000000084300000)
 Metaspace       used 12117K, committed 12480K, reserved 1114112K
  class space    used 1297K, committed 1472K, reserved 1048576K
}
Event: 9.625 GC heap after
{Heap after GC invocations=4 (full 0):
 PSYoungGen      total 29696K, used 4085K [0x00000000d5580000, 0x00000000d7680000, 0x0000000100000000)
  eden space 25600K, 0% used [0x00000000d5580000,0x00000000d5580000,0x00000000d6e80000)
  from space 4096K, 99% used [0x00000000d7280000,0x00000000d767d6a0,0x00000000d7680000)
  to   space 4096K, 0% used [0x00000000d6e80000,0x00000000d6e80000,0x00000000d7280000)
 ParOldGen       total 68608K, used 6180K [0x0000000080000000, 0x0000000084300000, 0x00000000d5580000)
  object space 68608K, 9% used [0x0000000080000000,0x0000000080609108,0x0000000084300000)
 Metaspace       used 12117K, committed 12480K, reserved 1114112K
  class space    used 1297K, committed 1472K, reserved 1048576K
}
Event: 11.999 GC heap before
{Heap before GC invocations=5 (full 0):
 PSYoungGen      total 29696K, used 29685K [0x00000000d5580000, 0x00000000d7680000, 0x0000000100000000)
  eden space 25600K, 100% used [0x00000000d5580000,0x00000000d6e80000,0x00000000d6e80000)
  from space 4096K, 99% used [0x00000000d7280000,0x00000000d767d6a0,0x00000000d7680000)
  to   space 4096K, 0% used [0x00000000d6e80000,0x00000000d6e80000,0x00000000d7280000)
 ParOldGen       total 68608K, used 6180K [0x0000000080000000, 0x0000000084300000, 0x00000000d5580000)
  object space 68608K, 9% used [0x0000000080000000,0x0000000080609108,0x0000000084300000)
 Metaspace       used 15304K, committed 15872K, reserved 1114112K
  class space    used 1573K, committed 1792K, reserved 1048576K
}
Event: 12.010 GC heap after
{Heap after GC invocations=5 (full 0):
 PSYoungGen      total 29184K, used 4093K [0x00000000d5580000, 0x00000000d7a00000, 0x0000000100000000)
  eden space 25088K, 0% used [0x00000000d5580000,0x00000000d5580000,0x00000000d6e00000)
  from space 4096K, 99% used [0x00000000d6e80000,0x00000000d727f548,0x00000000d7280000)
  to   space 6144K, 0% used [0x00000000d7400000,0x00000000d7400000,0x00000000d7a00000)
 ParOldGen       total 68608K, used 7673K [0x0000000080000000, 0x0000000084300000, 0x00000000d5580000)
  object space 68608K, 11% used [0x0000000080000000,0x000000008077e7f0,0x0000000084300000)
 Metaspace       used 15304K, committed 15872K, reserved 1114112K
  class space    used 1573K, committed 1792K, reserved 1048576K
}
Event: 14.303 GC heap before
{Heap before GC invocations=6 (full 0):
 PSYoungGen      total 29184K, used 29181K [0x00000000d5580000, 0x00000000d7a00000, 0x0000000100000000)
  eden space 25088K, 100% used [0x00000000d5580000,0x00000000d6e00000,0x00000000d6e00000)
  from space 4096K, 99% used [0x00000000d6e80000,0x00000000d727f548,0x00000000d7280000)
  to   space 6144K, 0% used [0x00000000d7400000,0x00000000d7400000,0x00000000d7a00000)
 ParOldGen       total 68608K, used 7673K [0x0000000080000000, 0x0000000084300000, 0x00000000d5580000)
  object space 68608K, 11% used [0x0000000080000000,0x000000008077e7f0,0x0000000084300000)
 Metaspace       used 18611K, committed 19328K, reserved 1114112K
  class space    used 1948K, committed 2240K, reserved 1048576K
}
Event: 14.314 GC heap after
{Heap after GC invocations=6 (full 0):
 PSYoungGen      total 29696K, used 4951K [0x00000000d5580000, 0x00000000d7900000, 0x0000000100000000)
  eden space 24576K, 0% used [0x00000000d5580000,0x00000000d5580000,0x00000000d6d80000)
  from space 5120K, 96% used [0x00000000d7400000,0x00000000d78d5fa0,0x00000000d7900000)
  to   space 5632K, 0% used [0x00000000d6e00000,0x00000000d6e00000,0x00000000d7380000)
 ParOldGen       total 68608K, used 7681K [0x0000000080000000, 0x0000000084300000, 0x00000000d5580000)
  object space 68608K, 11% used [0x0000000080000000,0x00000000807807f0,0x0000000084300000)
 Metaspace       used 18611K, committed 19328K, reserved 1114112K
  class space    used 1948K, committed 2240K, reserved 1048576K
}
Event: 15.705 GC heap before
{Heap before GC invocations=7 (full 0):
 PSYoungGen      total 29696K, used 26603K [0x00000000d5580000, 0x00000000d7900000, 0x0000000100000000)
  eden space 24576K, 88% used [0x00000000d5580000,0x00000000d6aa4f48,0x00000000d6d80000)
  from space 5120K, 96% used [0x00000000d7400000,0x00000000d78d5fa0,0x00000000d7900000)
  to   space 5632K, 0% used [0x00000000d6e00000,0x00000000d6e00000,0x00000000d7380000)
 ParOldGen       total 68608K, used 7681K [0x0000000080000000, 0x0000000084300000, 0x00000000d5580000)
  object space 68608K, 11% used [0x0000000080000000,0x00000000807807f0,0x0000000084300000)
 Metaspace       used 20764K, committed 21504K, reserved 1114112K
  class space    used 2189K, committed 2496K, reserved 1048576K
}
Event: 15.716 GC heap after
{Heap after GC invocations=7 (full 0):
 PSYoungGen      total 28672K, used 3927K [0x00000000d5580000, 0x00000000d7680000, 0x0000000100000000)
  eden space 24576K, 0% used [0x00000000d5580000,0x00000000d5580000,0x00000000d6d80000)
  from space 4096K, 95% used [0x00000000d6e00000,0x00000000d71d5c28,0x00000000d7200000)
  to   space 4608K, 0% used [0x00000000d7200000,0x00000000d7200000,0x00000000d7680000)
 ParOldGen       total 68608K, used 9172K [0x0000000080000000, 0x0000000084300000, 0x00000000d5580000)
  object space 68608K, 13% used [0x0000000080000000,0x00000000808f5008,0x0000000084300000)
 Metaspace       used 20764K, committed 21504K, reserved 1114112K
  class space    used 2189K, committed 2496K, reserved 1048576K
}
Event: 15.716 GC heap before
{Heap before GC invocations=8 (full 1):
 PSYoungGen      total 28672K, used 3927K [0x00000000d5580000, 0x00000000d7680000, 0x0000000100000000)
  eden space 24576K, 0% used [0x00000000d5580000,0x00000000d5580000,0x00000000d6d80000)
  from space 4096K, 95% used [0x00000000d6e00000,0x00000000d71d5c28,0x00000000d7200000)
  to   space 4608K, 0% used [0x00000000d7200000,0x00000000d7200000,0x00000000d7680000)
 ParOldGen       total 68608K, used 9172K [0x0000000080000000, 0x0000000084300000, 0x00000000d5580000)
  object space 68608K, 13% used [0x0000000080000000,0x00000000808f5008,0x0000000084300000)
 Metaspace       used 20764K, committed 21504K, reserved 1114112K
  class space    used 2189K, committed 2496K, reserved 1048576K
}
Event: 15.786 GC heap after
{Heap after GC invocations=8 (full 1):
 PSYoungGen      total 28672K, used 0K [0x00000000d5580000, 0x00000000d7680000, 0x0000000100000000)
  eden space 24576K, 0% used [0x00000000d5580000,0x00000000d5580000,0x00000000d6d80000)
  from space 4096K, 0% used [0x00000000d6e00000,0x00000000d6e00000,0x00000000d7200000)
  to   space 4608K, 0% used [0x00000000d7200000,0x00000000d7200000,0x00000000d7680000)
 ParOldGen       total 68608K, used 12606K [0x0000000080000000, 0x0000000084300000, 0x00000000d5580000)
  object space 68608K, 18% used [0x0000000080000000,0x0000000080c4fb00,0x0000000084300000)
 Metaspace       used 20752K, committed 21504K, reserved 1114112K
  class space    used 2185K, committed 2496K, reserved 1048576K
}
Event: 17.141 GC heap before
{Heap before GC invocations=9 (full 1):
 PSYoungGen      total 28672K, used 24576K [0x00000000d5580000, 0x00000000d7680000, 0x0000000100000000)
  eden space 24576K, 100% used [0x00000000d5580000,0x00000000d6d80000,0x00000000d6d80000)
  from space 4096K, 0% used [0x00000000d6e00000,0x00000000d6e00000,0x00000000d7200000)
  to   space 4608K, 0% used [0x00000000d7200000,0x00000000d7200000,0x00000000d7680000)
 ParOldGen       total 68608K, used 12606K [0x0000000080000000, 0x0000000084300000, 0x00000000d5580000)
  object space 68608K, 18% used [0x0000000080000000,0x0000000080c4fb00,0x0000000084300000)
 Metaspace       used 23096K, committed 24000K, reserved 1114112K
  class space    used 2385K, committed 2752K, reserved 1048576K
}
Event: 17.144 GC heap after
{Heap after GC invocations=9 (full 1):
 PSYoungGen      total 25088K, used 712K [0x00000000d5580000, 0x00000000d7300000, 0x0000000100000000)
  eden space 24064K, 0% used [0x00000000d5580000,0x00000000d5580000,0x00000000d6d00000)
  from space 1024K, 69% used [0x00000000d7200000,0x00000000d72b2268,0x00000000d7300000)
  to   space 2048K, 0% used [0x00000000d6f00000,0x00000000d6f00000,0x00000000d7100000)
 ParOldGen       total 68608K, used 12614K [0x0000000080000000, 0x0000000084300000, 0x00000000d5580000)
  object space 68608K, 18% used [0x0000000080000000,0x0000000080c51b00,0x0000000084300000)
 Metaspace       used 23096K, committed 24000K, reserved 1114112K
  class space    used 2385K, committed 2752K, reserved 1048576K
}
Event: 18.074 GC heap before
{Heap before GC invocations=10 (full 1):
 PSYoungGen      total 25088K, used 24776K [0x00000000d5580000, 0x00000000d7300000, 0x0000000100000000)
  eden space 24064K, 100% used [0x00000000d5580000,0x00000000d6d00000,0x00000000d6d00000)
  from space 1024K, 69% used [0x00000000d7200000,0x00000000d72b2268,0x00000000d7300000)
  to   space 2048K, 0% used [0x00000000d6f00000,0x00000000d6f00000,0x00000000d7100000)
 ParOldGen       total 68608K, used 12614K [0x0000000080000000, 0x0000000084300000, 0x00000000d5580000)
  object space 68608K, 18% used [0x0000000080000000,0x0000000080c51b00,0x0000000084300000)
 Metaspace       used 26842K, committed 27712K, reserved 1114112K
  class space    used 2724K, committed 3136K, reserved 1048576K
}
Event: 18.077 GC heap after
{Heap after GC invocations=10 (full 1):
 PSYoungGen      total 25600K, used 960K [0x00000000d5580000, 0x00000000d7280000, 0x0000000100000000)
  eden space 23552K, 0% used [0x00000000d5580000,0x00000000d5580000,0x00000000d6c80000)
  from space 2048K, 46% used [0x00000000d6f00000,0x00000000d6ff0310,0x00000000d7100000)
  to   space 1536K, 0% used [0x00000000d7100000,0x00000000d7100000,0x00000000d7280000)
 ParOldGen       total 68608K, used 12622K [0x0000000080000000, 0x0000000084300000, 0x00000000d5580000)
  object space 68608K, 18% used [0x0000000080000000,0x0000000080c53b00,0x0000000084300000)
 Metaspace       used 26842K, committed 27712K, reserved 1114112K
  class space    used 2724K, committed 3136K, reserved 1048576K
}
Event: 18.818 GC heap before
{Heap before GC invocations=11 (full 1):
 PSYoungGen      total 25600K, used 24512K [0x00000000d5580000, 0x00000000d7280000, 0x0000000100000000)
  eden space 23552K, 100% used [0x00000000d5580000,0x00000000d6c80000,0x00000000d6c80000)
  from space 2048K, 46% used [0x00000000d6f00000,0x00000000d6ff0310,0x00000000d7100000)
  to   space 1536K, 0% used [0x00000000d7100000,0x00000000d7100000,0x00000000d7280000)
 ParOldGen       total 68608K, used 12622K [0x0000000080000000, 0x0000000084300000, 0x00000000d5580000)
  object space 68608K, 18% used [0x0000000080000000,0x0000000080c53b00,0x0000000084300000)
 Metaspace       used 28978K, committed 29824K, reserved 1114112K
  class space    used 2950K, committed 3328K, reserved 1048576K
}
Event: 18.825 GC heap after
{Heap after GC invocations=11 (full 1):
 PSYoungGen      total 24576K, used 1499K [0x00000000d5580000, 0x00000000d7280000, 0x0000000100000000)
  eden space 23040K, 0% used [0x00000000d5580000,0x00000000d5580000,0x00000000d6c00000)
  from space 1536K, 97% used [0x00000000d7100000,0x00000000d7276da0,0x00000000d7280000)
  to   space 2048K, 0% used [0x00000000d6e80000,0x00000000d6e80000,0x00000000d7080000)
 ParOldGen       total 68608K, used 14029K [0x0000000080000000, 0x0000000084300000, 0x00000000d5580000)
  object space 68608K, 20% used [0x0000000080000000,0x0000000080db3760,0x0000000084300000)
 Metaspace       used 28978K, committed 29824K, reserved 1114112K
  class space    used 2950K, committed 3328K, reserved 1048576K
}
Event: 20.337 GC heap before
{Heap before GC invocations=12 (full 1):
 PSYoungGen      total 24576K, used 24539K [0x00000000d5580000, 0x00000000d7280000, 0x0000000100000000)
  eden space 23040K, 100% used [0x00000000d5580000,0x00000000d6c00000,0x00000000d6c00000)
  from space 1536K, 97% used [0x00000000d7100000,0x00000000d7276da0,0x00000000d7280000)
  to   space 2048K, 0% used [0x00000000d6e80000,0x00000000d6e80000,0x00000000d7080000)
 ParOldGen       total 68608K, used 14029K [0x0000000080000000, 0x0000000084300000, 0x00000000d5580000)
  object space 68608K, 20% used [0x0000000080000000,0x0000000080db3760,0x0000000084300000)
 Metaspace       used 30145K, committed 31104K, reserved 1114112K
  class space    used 3084K, committed 3520K, reserved 1048576K
}
Event: 20.343 GC heap after
{Heap after GC invocations=12 (full 1):
 PSYoungGen      total 24576K, used 512K [0x00000000d5580000, 0x00000000d7180000, 0x0000000100000000)
  eden space 22528K, 0% used [0x00000000d5580000,0x00000000d5580000,0x00000000d6b80000)
  from space 2048K, 25% used [0x00000000d6e80000,0x00000000d6f00000,0x00000000d7080000)
  to   space 1024K, 0% used [0x00000000d7080000,0x00000000d7080000,0x00000000d7180000)
 ParOldGen       total 68608K, used 15317K [0x0000000080000000, 0x0000000084300000, 0x00000000d5580000)
  object space 68608K, 22% used [0x0000000080000000,0x0000000080ef5530,0x0000000084300000)
 Metaspace       used 30145K, committed 31104K, reserved 1114112K
  class space    used 3084K, committed 3520K, reserved 1048576K
}

Dll operation events (10 events):
Event: 0.161 Loaded shared library c:\Users\USER\.vscode\extensions\redhat.java-1.46.0-win32-x64\jre\21.0.8-win32-x86_64\bin\java.dll
Event: 0.611 Loaded shared library c:\Users\USER\.vscode\extensions\redhat.java-1.46.0-win32-x64\jre\21.0.8-win32-x86_64\bin\zip.dll
Event: 0.730 Loaded shared library C:\Users\USER\.vscode\extensions\redhat.java-1.46.0-win32-x64\jre\21.0.8-win32-x86_64\bin\instrument.dll
Event: 0.766 Loaded shared library C:\Users\USER\.vscode\extensions\redhat.java-1.46.0-win32-x64\jre\21.0.8-win32-x86_64\bin\net.dll
Event: 0.774 Loaded shared library C:\Users\USER\.vscode\extensions\redhat.java-1.46.0-win32-x64\jre\21.0.8-win32-x86_64\bin\nio.dll
Event: 0.787 Loaded shared library C:\Users\USER\.vscode\extensions\redhat.java-1.46.0-win32-x64\jre\21.0.8-win32-x86_64\bin\zip.dll
Event: 0.872 Loaded shared library C:\Users\USER\.vscode\extensions\redhat.java-1.46.0-win32-x64\jre\21.0.8-win32-x86_64\bin\jimage.dll
Event: 1.376 Loaded shared library c:\Users\USER\.vscode\extensions\redhat.java-1.46.0-win32-x64\jre\21.0.8-win32-x86_64\bin\verify.dll
Event: 6.265 Loaded shared library C:\Users\USER\AppData\Roaming\Code\User\globalStorage\redhat.java\1.46.0\config_win\org.eclipse.equinox.launcher\org.eclipse.equinox.launcher.win32.win32.x86_64_1.2.1400.v20250801-0854\eclipse_11916.dll
Event: 12.951 Loaded shared library C:\Users\USER\AppData\Local\Temp\jna-2614219\jna10622262882160022122.dll

Deoptimization events (20 events):
Event: 19.059 Thread 0x000001b0e79d6600 DEOPT PACKING pc=0x000001b0d32af09c sp=0x0000008aab6f89e0
Event: 19.059 Thread 0x000001b0e79d6600 DEOPT UNPACKING pc=0x000001b0da284242 sp=0x0000008aab6f7f28 mode 0
Event: 19.075 Thread 0x000001b0e79d6600 DEOPT PACKING pc=0x000001b0d3328a39 sp=0x0000008aab6f7eb0
Event: 19.075 Thread 0x000001b0e79d6600 DEOPT UNPACKING pc=0x000001b0da284242 sp=0x0000008aab6f73b0 mode 0
Event: 19.230 Thread 0x000001b0e78a77c0 Uncommon trap: trap_request=0xffffff45 fr.pc=0x000001b0da8f1bd4 relative=0x0000000000000134
Event: 19.231 Thread 0x000001b0e78a77c0 Uncommon trap: reason=unstable_if action=reinterpret pc=0x000001b0da8f1bd4 method=java.util.ArrayList.indexOfRange(Ljava/lang/Object;II)I @ 7 c2
Event: 19.231 Thread 0x000001b0e78a77c0 DEOPT PACKING pc=0x000001b0da8f1bd4 sp=0x0000008aabcfde10
Event: 19.231 Thread 0x000001b0e78a77c0 DEOPT UNPACKING pc=0x000001b0da283aa2 sp=0x0000008aabcfdcd0 mode 2
Event: 19.271 Thread 0x000001b0e78a77c0 Uncommon trap: trap_request=0xffffff45 fr.pc=0x000001b0da8e40b0 relative=0x0000000000000110
Event: 19.271 Thread 0x000001b0e78a77c0 Uncommon trap: reason=unstable_if action=reinterpret pc=0x000001b0da8e40b0 method=java.util.ArrayList.indexOfRange(Ljava/lang/Object;II)I @ 7 c2
Event: 19.271 Thread 0x000001b0e78a77c0 DEOPT PACKING pc=0x000001b0da8e40b0 sp=0x0000008aabcfddb0
Event: 19.271 Thread 0x000001b0e78a77c0 DEOPT UNPACKING pc=0x000001b0da283aa2 sp=0x0000008aabcfdd30 mode 2
Event: 20.440 Thread 0x000001b0e79d6600 Uncommon trap: trap_request=0xffffff45 fr.pc=0x000001b0da9240ec relative=0x0000000000000cec
Event: 20.440 Thread 0x000001b0e79d6600 Uncommon trap: reason=unstable_if action=reinterpret pc=0x000001b0da9240ec method=java.util.Properties.loadConvert([CIILjava/lang/StringBuilder;)Ljava/lang/String; @ 463 c2
Event: 20.440 Thread 0x000001b0e79d6600 DEOPT PACKING pc=0x000001b0da9240ec sp=0x0000008aab6f7ec0
Event: 20.440 Thread 0x000001b0e79d6600 DEOPT UNPACKING pc=0x000001b0da283aa2 sp=0x0000008aab6f7ea0 mode 2
Event: 20.939 Thread 0x000001b0e79d6600 DEOPT PACKING pc=0x000001b0d32afad4 sp=0x0000008aab6fa870
Event: 20.939 Thread 0x000001b0e79d6600 DEOPT UNPACKING pc=0x000001b0da284242 sp=0x0000008aab6f9dc0 mode 0
Event: 20.939 Thread 0x000001b0e79d6600 DEOPT PACKING pc=0x000001b0d31630b4 sp=0x0000008aab6fabf0
Event: 20.939 Thread 0x000001b0e79d6600 DEOPT UNPACKING pc=0x000001b0da284242 sp=0x0000008aab6fa180 mode 0

Classes loaded (20 events):
Event: 20.755 Loading class com/sun/org/apache/xerces/internal/impl/msg/XMLMessages
Event: 20.755 Loading class com/sun/org/apache/xerces/internal/impl/msg/XMLMessages done
Event: 20.783 Loading class com/sun/org/apache/xerces/internal/impl/msg/XMLMessages_en
Event: 20.783 Loading class com/sun/org/apache/xerces/internal/impl/msg/XMLMessages_en done
Event: 20.783 Loading class com/sun/org/apache/xerces/internal/impl/msg/XMLMessages_en
Event: 20.783 Loading class com/sun/org/apache/xerces/internal/impl/msg/XMLMessages_en done
Event: 20.784 Loading class com/sun/org/apache/xerces/internal/impl/msg/XMLMessages_en_ID
Event: 20.784 Loading class com/sun/org/apache/xerces/internal/impl/msg/XMLMessages_en_ID done
Event: 20.784 Loading class com/sun/org/apache/xerces/internal/impl/msg/XMLMessages_en_ID
Event: 20.784 Loading class com/sun/org/apache/xerces/internal/impl/msg/XMLMessages_en_ID done
Event: 20.939 Loading class java/net/Authenticator
Event: 20.940 Loading class java/net/Authenticator done
Event: 20.970 Loading class java/net/SocketAddress
Event: 20.970 Loading class java/net/SocketAddress done
Event: 20.970 Loading class java/net/InetSocketAddress
Event: 20.971 Loading class java/net/InetSocketAddress done
Event: 20.971 Loading class java/nio/channels/AsynchronousByteChannel
Event: 20.971 Loading class java/nio/channels/AsynchronousChannel
Event: 20.971 Loading class java/nio/channels/AsynchronousChannel done
Event: 20.971 Loading class java/nio/channels/AsynchronousByteChannel done

Classes unloaded (7 events):
Event: 15.725 Thread 0x000001b0cfbcd780 Unloading class 0x000001b0811a9800 'java/lang/invoke/LambdaForm$MH+0x000001b0811a9800'
Event: 15.725 Thread 0x000001b0cfbcd780 Unloading class 0x000001b0811a9400 'java/lang/invoke/LambdaForm$MH+0x000001b0811a9400'
Event: 15.725 Thread 0x000001b0cfbcd780 Unloading class 0x000001b0811a9000 'java/lang/invoke/LambdaForm$MH+0x000001b0811a9000'
Event: 15.725 Thread 0x000001b0cfbcd780 Unloading class 0x000001b0811a8c00 'java/lang/invoke/LambdaForm$MH+0x000001b0811a8c00'
Event: 15.725 Thread 0x000001b0cfbcd780 Unloading class 0x000001b0811a8800 'java/lang/invoke/LambdaForm$BMH+0x000001b0811a8800'
Event: 15.725 Thread 0x000001b0cfbcd780 Unloading class 0x000001b0811a8400 'java/lang/invoke/LambdaForm$DMH+0x000001b0811a8400'
Event: 15.725 Thread 0x000001b0cfbcd780 Unloading class 0x000001b0811a3000 'java/lang/invoke/LambdaForm$DMH+0x000001b0811a3000'

Classes redefined (0 events):
No events

Internal exceptions (20 events):
Event: 16.753 Thread 0x000001b0e78a77c0 Exception <a 'java/lang/NoSuchMethodError'{0x00000000d62a7888}: 'java.lang.Object java.lang.invoke.DirectMethodHandle$Holder.invokeStaticInit(java.lang.Object, java.lang.Object, java.lang.Object, java.lang.Object, java.lang.Object, java.lang.Object, java.lang.Object)'> (0x00000000d62a7888) 
thrown [s\src\hotspot\share\interpreter\linkResolver.cpp, line 773]
Event: 16.755 Thread 0x000001b0e78a77c0 Exception <a 'java/lang/NoSuchMethodError'{0x00000000d63db7c8}: 'java.lang.Object java.lang.invoke.Invokers$Holder.invoke_MT(java.lang.Object, java.lang.Object, java.lang.Object, java.lang.Object, java.lang.Object, java.lang.Object, java.lang.Object, java.lang.Object, java.lang.Object)'> (0x00000000d63db7c8) 
thrown [s\src\hotspot\share\interpreter\linkResolver.cpp, line 773]
Event: 16.772 Thread 0x000001b0e78a77c0 Exception <a 'java/lang/NoSuchMethodError'{0x00000000d641b628}: 'int java.lang.invoke.DirectMethodHandle$Holder.invokeVirtual(java.lang.Object, java.lang.Object, java.lang.Object)'> (0x00000000d641b628) 
thrown [s\src\hotspot\share\interpreter\linkResolver.cpp, line 773]
Event: 16.773 Thread 0x000001b0e78a77c0 Exception <a 'java/lang/NoSuchMethodError'{0x00000000d648dce8}: 'int java.lang.invoke.DirectMethodHandle$Holder.invokeStaticInit(java.lang.Object, int, int)'> (0x00000000d648dce8) 
thrown [s\src\hotspot\share\interpreter\linkResolver.cpp, line 773]
Event: 16.775 Thread 0x000001b0e78a77c0 Exception <a 'java/lang/NoSuchMethodError'{0x00000000d64953d8}: 'int java.lang.invoke.DirectMethodHandle$Holder.invokeStaticInit(java.lang.Object, long, long)'> (0x00000000d64953d8) 
thrown [s\src\hotspot\share\interpreter\linkResolver.cpp, line 773]
Event: 16.776 Thread 0x000001b0e78a77c0 Exception <a 'java/lang/NoSuchMethodError'{0x00000000d649bfd8}: 'int java.lang.invoke.DirectMethodHandle$Holder.invokeStaticInit(java.lang.Object, float, float)'> (0x00000000d649bfd8) 
thrown [s\src\hotspot\share\interpreter\linkResolver.cpp, line 773]
Event: 16.777 Thread 0x000001b0e78a77c0 Exception <a 'java/lang/NoSuchMethodError'{0x00000000d64a2be8}: 'int java.lang.invoke.DirectMethodHandle$Holder.invokeStaticInit(java.lang.Object, double, double)'> (0x00000000d64a2be8) 
thrown [s\src\hotspot\share\interpreter\linkResolver.cpp, line 773]
Event: 16.778 Thread 0x000001b0e78a77c0 Exception <a 'java/lang/NoSuchMethodError'{0x00000000d64a6fe0}: 'int java.lang.invoke.DirectMethodHandle$Holder.invokeStatic(java.lang.Object, long)'> (0x00000000d64a6fe0) 
thrown [s\src\hotspot\share\interpreter\linkResolver.cpp, line 773]
Event: 16.781 Thread 0x000001b0e78a77c0 Exception <a 'java/lang/NoSuchMethodError'{0x00000000d64b8368}: 'int java.lang.invoke.DirectMethodHandle$Holder.invokeSpecial(java.lang.Object, java.lang.Object, int, int)'> (0x00000000d64b8368) 
thrown [s\src\hotspot\share\interpreter\linkResolver.cpp, line 773]
Event: 16.783 Thread 0x000001b0e78a77c0 Exception <a 'java/lang/NoSuchMethodError'{0x00000000d65344d0}: 'int java.lang.invoke.Invokers$Holder.linkToTargetMethod(java.lang.Object, java.lang.Object)'> (0x00000000d65344d0) 
thrown [s\src\hotspot\share\interpreter\linkResolver.cpp, line 773]
Event: 17.106 Thread 0x000001b0e78a77c0 Exception <a 'java/lang/NoSuchMethodError'{0x00000000d6c6aef8}: 'java.lang.Object java.lang.invoke.DirectMethodHandle$Holder.invokeSpecialIFC(java.lang.Object, java.lang.Object, java.lang.Object, java.lang.Object)'> (0x00000000d6c6aef8) 
thrown [s\src\hotspot\share\interpreter\linkResolver.cpp, line 773]
Event: 17.147 Thread 0x000001b0e78a6410 Implicit null exception at 0x000001b0da960002 to 0x000001b0da9600fc
Event: 17.149 Thread 0x000001b0e78a6410 Exception <a 'java/lang/NoSuchMethodError'{0x00000000d5581dc0}: 'int java.lang.invoke.DirectMethodHandle$Holder.invokeSpecial(java.lang.Object, java.lang.Object, java.lang.Object, java.lang.Object)'> (0x00000000d5581dc0) 
thrown [s\src\hotspot\share\interpreter\linkResolver.cpp, line 773]
Event: 17.156 Thread 0x000001b0e78a6410 Exception <a 'java/lang/NoSuchMethodError'{0x00000000d5627f18}: 'java.lang.Object java.lang.invoke.DirectMethodHandle$Holder.invokeStatic(java.lang.Object, int, java.lang.Object, java.lang.Object)'> (0x00000000d5627f18) 
thrown [s\src\hotspot\share\interpreter\linkResolver.cpp, line 773]
Event: 17.157 Thread 0x000001b0e78a6410 Exception <a 'java/lang/NoSuchMethodError'{0x00000000d562b718}: 'java.lang.Object java.lang.invoke.DelegatingMethodHandle$Holder.delegate(java.lang.Object, int, java.lang.Object, java.lang.Object)'> (0x00000000d562b718) 
thrown [s\src\hotspot\share\interpreter\linkResolver.cpp, line 773]
Event: 17.166 Thread 0x000001b0e78a6410 Exception <a 'java/lang/NoSuchMethodError'{0x00000000d56422d8}: 'int java.lang.invoke.Invokers$Holder.linkToTargetMethod(java.lang.Object, java.lang.Object, java.lang.Object)'> (0x00000000d56422d8) 
thrown [s\src\hotspot\share\interpreter\linkResolver.cpp, line 773]
Event: 19.114 Thread 0x000001b0e78a77c0 Exception <a 'java/lang/NoClassDefFoundError'{0x00000000d5c6aca8}: javax/enterprise/inject/Typed> (0x00000000d5c6aca8) 
thrown [s\src\hotspot\share\classfile\systemDictionary.cpp, line 301]
Event: 20.751 Thread 0x000001b0e79d6600 Exception <a 'java/lang/ClassNotFoundException'{0x00000000d5c500f8}: com/sun/org/apache/xerces/internal/impl/msg/spi/DOMMessagesProvider> (0x00000000d5c500f8) 
thrown [s\src\hotspot\share\classfile\systemDictionary.cpp, line 312]
Event: 20.753 Thread 0x000001b0e79d6600 Exception <a 'java/lang/ClassNotFoundException'{0x00000000d5c61810}: com/sun/org/apache/xerces/internal/impl/msg/spi/XMLSerializerMessagesProvider> (0x00000000d5c61810) 
thrown [s\src\hotspot\share\classfile\systemDictionary.cpp, line 312]
Event: 20.755 Thread 0x000001b0e79d6600 Exception <a 'java/lang/ClassNotFoundException'{0x00000000d5c6eae0}: com/sun/org/apache/xerces/internal/impl/msg/spi/XMLMessagesProvider> (0x00000000d5c6eae0) 
thrown [s\src\hotspot\share\classfile\systemDictionary.cpp, line 312]

ZGC Phase Switch (0 events):
No events

VM Operations (20 events):
Event: 15.326 Executing VM operation: Cleanup
Event: 15.326 Executing VM operation: Cleanup done
Event: 15.705 Executing VM operation: CollectForMetadataAllocation (Metadata GC Threshold)
Event: 15.786 Executing VM operation: CollectForMetadataAllocation (Metadata GC Threshold) done
Event: 16.786 Executing VM operation: Cleanup
Event: 16.786 Executing VM operation: Cleanup done
Event: 16.801 Executing VM operation: HandshakeAllThreads (Deoptimize)
Event: 16.802 Executing VM operation: HandshakeAllThreads (Deoptimize) done
Event: 17.132 Executing VM operation: ParallelGCFailedAllocation (Allocation Failure)
Event: 17.144 Executing VM operation: ParallelGCFailedAllocation (Allocation Failure) done
Event: 18.074 Executing VM operation: ParallelGCFailedAllocation (Allocation Failure)
Event: 18.078 Executing VM operation: ParallelGCFailedAllocation (Allocation Failure) done
Event: 18.818 Executing VM operation: ParallelGCFailedAllocation (Allocation Failure)
Event: 18.825 Executing VM operation: ParallelGCFailedAllocation (Allocation Failure) done
Event: 19.059 Executing VM operation: HandshakeAllThreads (Deoptimize)
Event: 19.060 Executing VM operation: HandshakeAllThreads (Deoptimize) done
Event: 20.071 Executing VM operation: Cleanup
Event: 20.186 Executing VM operation: Cleanup done
Event: 20.337 Executing VM operation: ParallelGCFailedAllocation (Allocation Failure)
Event: 20.343 Executing VM operation: ParallelGCFailedAllocation (Allocation Failure) done

Memory protections (0 events):
No events

Nmethod flushes (0 events):
No events

Events (20 events):
Event: 0.268 Thread 0x000001b0cfb0eb90 Thread added: 0x000001b0cfa02f70
Event: 0.269 Thread 0x000001b0cfb0eb90 Thread added: 0x000001b0cfa02490
Event: 0.269 Thread 0x000001b0cfb0eb90 Thread added: 0x000001b0cfa05280
Event: 0.269 Thread 0x000001b0cfb0eb90 Thread added: 0x000001b0cfa08010
Event: 0.300 Thread 0x000001b0cfb0eb90 Thread added: 0x000001b0cfa77bf0
Event: 0.506 Thread 0x000001b0cfb0eb90 Thread added: 0x000001b0cfabe970
Event: 1.929 Thread 0x000001b0cfb0eb90 Thread added: 0x000001b0e72f2740
Event: 5.440 Thread 0x000001b0cfb0eb90 Thread added: 0x000001b0e77303f0
Event: 6.235 Thread 0x000001b0cfb0eb90 Thread added: 0x000001b0e79946d0
Event: 6.357 Thread 0x000001b0e79946d0 Thread added: 0x000001b0e7aaf170
Event: 6.363 Thread 0x000001b0cfb0eb90 Thread added: 0x000001b0e79d6600
Event: 7.932 Thread 0x000001b0e79d6600 Thread added: 0x000001b0e7c5e0f0
Event: 9.229 Thread 0x000001b0e79d6600 Thread added: 0x000001b0ec283360
Event: 11.312 Thread 0x000001b0e79d6600 Thread added: 0x000001b0ec1896a0
Event: 13.040 Thread 0x000001b0e79d6600 Thread added: 0x000001b0cfab0170
Event: 13.249 Thread 0x000001b0e79d6600 Thread added: 0x000001b0e78a6410
Event: 13.361 Thread 0x000001b0e79d6600 Thread added: 0x000001b0e78a77c0
Event: 17.119 Thread 0x000001b0e78a6410 Thread added: 0x000001b0e78a5d80
Event: 17.280 Thread 0x000001b0e78a5d80 Thread added: 0x000001b0e78a7e50
Event: 20.938 Thread 0x000001b0e79d6600 Thread added: 0x000001b0e78a84e0


Dynamic libraries:
0x00007ff6339d0000 - 0x00007ff6339de000 	c:\Users\USER\.vscode\extensions\redhat.java-1.46.0-win32-x64\jre\21.0.8-win32-x86_64\bin\java.exe
0x00007ffe23890000 - 0x00007ffe23aa7000 	C:\WINDOWS\SYSTEM32\ntdll.dll
0x00007ffe22b30000 - 0x00007ffe22bf4000 	C:\WINDOWS\System32\KERNEL32.DLL
0x00007ffe21080000 - 0x00007ffe21452000 	C:\WINDOWS\System32\KERNELBASE.dll
0x00007ffe20a00000 - 0x00007ffe20b11000 	C:\WINDOWS\System32\ucrtbase.dll
0x00007ffe06d00000 - 0x00007ffe06d18000 	c:\Users\USER\.vscode\extensions\redhat.java-1.46.0-win32-x64\jre\21.0.8-win32-x86_64\bin\jli.dll
0x00007ffe22130000 - 0x00007ffe222e1000 	C:\WINDOWS\System32\USER32.dll
0x00007ffe20fb0000 - 0x00007ffe20fd6000 	C:\WINDOWS\System32\win32u.dll
0x00007ffe22050000 - 0x00007ffe22079000 	C:\WINDOWS\System32\GDI32.dll
0x00007ffe20d10000 - 0x00007ffe20e33000 	C:\WINDOWS\System32\gdi32full.dll
0x00007ffe20fe0000 - 0x00007ffe2107a000 	C:\WINDOWS\System32\msvcp_win.dll
0x00007ffe09300000 - 0x00007ffe0931e000 	c:\Users\USER\.vscode\extensions\redhat.java-1.46.0-win32-x64\jre\21.0.8-win32-x86_64\bin\VCRUNTIME140.dll
0x00007ffe10870000 - 0x00007ffe10b0b000 	C:\WINDOWS\WinSxS\amd64_microsoft.windows.common-controls_6595b64144ccf1df_6.0.22621.5547_none_27104afb73855772\COMCTL32.dll
0x00007ffe215c0000 - 0x00007ffe21667000 	C:\WINDOWS\System32\msvcrt.dll
0x00007ffe23140000 - 0x00007ffe23171000 	C:\WINDOWS\System32\IMM32.DLL
0x00007ffe0fd70000 - 0x00007ffe0fd7c000 	c:\Users\USER\.vscode\extensions\redhat.java-1.46.0-win32-x64\jre\21.0.8-win32-x86_64\bin\vcruntime140_1.dll
0x00007ffde3670000 - 0x00007ffde36fd000 	c:\Users\USER\.vscode\extensions\redhat.java-1.46.0-win32-x64\jre\21.0.8-win32-x86_64\bin\msvcp140.dll
0x00007ffd71ab0000 - 0x00007ffd72847000 	c:\Users\USER\.vscode\extensions\redhat.java-1.46.0-win32-x64\jre\21.0.8-win32-x86_64\bin\server\jvm.dll
0x00007ffe23070000 - 0x00007ffe23121000 	C:\WINDOWS\System32\ADVAPI32.dll
0x00007ffe222f0000 - 0x00007ffe22398000 	C:\WINDOWS\System32\sechost.dll
0x00007ffe20ce0000 - 0x00007ffe20d08000 	C:\WINDOWS\System32\bcrypt.dll
0x00007ffe21f30000 - 0x00007ffe22044000 	C:\WINDOWS\System32\RPCRT4.dll
0x00007ffe21540000 - 0x00007ffe215b1000 	C:\WINDOWS\System32\WS2_32.dll
0x00007ffe20850000 - 0x00007ffe2089d000 	C:\WINDOWS\SYSTEM32\POWRPROF.dll
0x00007ffe1c680000 - 0x00007ffe1c6b4000 	C:\WINDOWS\SYSTEM32\WINMM.dll
0x00007ffe18b40000 - 0x00007ffe18b4a000 	C:\WINDOWS\SYSTEM32\VERSION.dll
0x00007ffe20830000 - 0x00007ffe20843000 	C:\WINDOWS\SYSTEM32\UMPDC.dll
0x00007ffe1f980000 - 0x00007ffe1f998000 	C:\WINDOWS\SYSTEM32\kernel.appcore.dll
0x00007ffe0d160000 - 0x00007ffe0d16a000 	c:\Users\USER\.vscode\extensions\redhat.java-1.46.0-win32-x64\jre\21.0.8-win32-x86_64\bin\jimage.dll
0x00007ffe1e490000 - 0x00007ffe1e6c3000 	C:\WINDOWS\SYSTEM32\DBGHELP.DLL
0x00007ffe23270000 - 0x00007ffe23603000 	C:\WINDOWS\System32\combase.dll
0x00007ffe23180000 - 0x00007ffe23257000 	C:\WINDOWS\System32\OLEAUT32.dll
0x00007ffdfab50000 - 0x00007ffdfab82000 	C:\WINDOWS\SYSTEM32\dbgcore.DLL
0x00007ffe20980000 - 0x00007ffe209fb000 	C:\WINDOWS\System32\bcryptPrimitives.dll
0x00007ffe0cd60000 - 0x00007ffe0cd6f000 	c:\Users\USER\.vscode\extensions\redhat.java-1.46.0-win32-x64\jre\21.0.8-win32-x86_64\bin\instrument.dll
0x00007ffe06ce0000 - 0x00007ffe06cff000 	c:\Users\USER\.vscode\extensions\redhat.java-1.46.0-win32-x64\jre\21.0.8-win32-x86_64\bin\java.dll
0x00007ffe21680000 - 0x00007ffe21f22000 	C:\WINDOWS\System32\SHELL32.dll
0x00007ffe20ba0000 - 0x00007ffe20cdf000 	C:\WINDOWS\System32\wintypes.dll
0x00007ffe1e860000 - 0x00007ffe1f17d000 	C:\WINDOWS\SYSTEM32\windows.storage.dll
0x00007ffe223a0000 - 0x00007ffe224ac000 	C:\WINDOWS\System32\SHCORE.dll
0x00007ffe23000000 - 0x00007ffe23069000 	C:\WINDOWS\System32\shlwapi.dll
0x00007ffe208b0000 - 0x00007ffe208db000 	C:\WINDOWS\SYSTEM32\profapi.dll
0x00007ffe06cc0000 - 0x00007ffe06cd8000 	c:\Users\USER\.vscode\extensions\redhat.java-1.46.0-win32-x64\jre\21.0.8-win32-x86_64\bin\zip.dll
0x00007ffe0be20000 - 0x00007ffe0be30000 	C:\Users\USER\.vscode\extensions\redhat.java-1.46.0-win32-x64\jre\21.0.8-win32-x86_64\bin\net.dll
0x00007ffe1c3c0000 - 0x00007ffe1c4ec000 	C:\WINDOWS\SYSTEM32\WINHTTP.dll
0x00007ffe1fe10000 - 0x00007ffe1fe79000 	C:\WINDOWS\system32\mswsock.dll
0x00007ffe06ca0000 - 0x00007ffe06cb6000 	C:\Users\USER\.vscode\extensions\redhat.java-1.46.0-win32-x64\jre\21.0.8-win32-x86_64\bin\nio.dll
0x00007ffe0b8e0000 - 0x00007ffe0b8f0000 	c:\Users\USER\.vscode\extensions\redhat.java-1.46.0-win32-x64\jre\21.0.8-win32-x86_64\bin\verify.dll
0x00007ffdf5580000 - 0x00007ffdf55c4000 	C:\Users\USER\AppData\Roaming\Code\User\globalStorage\redhat.java\1.46.0\config_win\org.eclipse.equinox.launcher\org.eclipse.equinox.launcher.win32.win32.x86_64_1.2.1400.v20250801-0854\eclipse_11916.dll
0x00007ffe22e10000 - 0x00007ffe22fb0000 	C:\WINDOWS\System32\ole32.dll
0x00007ffe20090000 - 0x00007ffe200ab000 	C:\WINDOWS\SYSTEM32\CRYPTSP.dll
0x00007ffe1f8e0000 - 0x00007ffe1f917000 	C:\WINDOWS\system32\rsaenh.dll
0x00007ffe1ff20000 - 0x00007ffe1ff48000 	C:\WINDOWS\SYSTEM32\USERENV.dll
0x00007ffe20080000 - 0x00007ffe2008c000 	C:\WINDOWS\SYSTEM32\CRYPTBASE.dll
0x00007ffe1f420000 - 0x00007ffe1f44d000 	C:\WINDOWS\SYSTEM32\IPHLPAPI.DLL
0x00007ffe21670000 - 0x00007ffe21679000 	C:\WINDOWS\System32\NSI.dll
0x00007ffe06e40000 - 0x00007ffe06e89000 	C:\Users\USER\AppData\Local\Temp\jna-2614219\jna10622262882160022122.dll
0x00007ffe23260000 - 0x00007ffe23268000 	C:\WINDOWS\System32\PSAPI.DLL

JVMTI agents:
c:\Users\USER\.vscode\extensions\redhat.java-1.46.0-win32-x64\lombok\lombok-1.18.39-4050.jar path:c:\Users\USER\.vscode\extensions\redhat.java-1.46.0-win32-x64\jre\21.0.8-win32-x86_64\bin\instrument.dll, loaded, initialized, instrumentlib options:none

dbghelp: loaded successfully - version: 4.0.5 - missing functions: none
symbol engine: initialized successfully - sym options: 0x614 - pdb path: .;c:\Users\USER\.vscode\extensions\redhat.java-1.46.0-win32-x64\jre\21.0.8-win32-x86_64\bin;C:\WINDOWS\SYSTEM32;C:\WINDOWS\WinSxS\amd64_microsoft.windows.common-controls_6595b64144ccf1df_6.0.22621.5547_none_27104afb73855772;c:\Users\USER\.vscode\extensions\redhat.java-1.46.0-win32-x64\jre\21.0.8-win32-x86_64\bin\server;C:\Users\USER\AppData\Roaming\Code\User\globalStorage\redhat.java\1.46.0\config_win\org.eclipse.equinox.launcher\org.eclipse.equinox.launcher.win32.win32.x86_64_1.2.1400.v20250801-0854;C:\Users\USER\AppData\Local\Temp\jna-2614219

VM Arguments:
jvm_args: --add-modules=ALL-SYSTEM --add-opens=java.base/java.util=ALL-UNNAMED --add-opens=java.base/java.lang=ALL-UNNAMED --add-opens=java.base/sun.nio.fs=ALL-UNNAMED -Declipse.application=org.eclipse.jdt.ls.core.id1 -Dosgi.bundles.defaultStartLevel=4 -Declipse.product=org.eclipse.jdt.ls.core.product -Djava.import.generatesMetadataFilesAtProjectRoot=false -DDetectVMInstallationsJob.disabled=true -Dfile.encoding=utf8 -XX:+UseParallelGC -XX:GCTimeRatio=4 -XX:AdaptiveSizePolicyWeight=90 -Dsun.zip.disableMemoryMapping=true -Xmx2G -Xms100m -Xlog:disable -javaagent:c:\Users\USER\.vscode\extensions\redhat.java-1.46.0-win32-x64\lombok\lombok-1.18.39-4050.jar -XX:+HeapDumpOnOutOfMemoryError -XX:HeapDumpPath=c:\Users\USER\AppData\Roaming\Code\User\workspaceStorage\7bed159f160d76f8450ae50db4ac90a7\redhat.java -Daether.dependencyCollector.impl=bf 
java_command: c:\Users\USER\.vscode\extensions\redhat.java-1.46.0-win32-x64\server\plugins\org.eclipse.equinox.launcher_1.7.0.v20250519-0528.jar -configuration c:\Users\USER\AppData\Roaming\Code\User\globalStorage\redhat.java\1.46.0\config_win -data c:\Users\USER\AppData\Roaming\Code\User\workspaceStorage\7bed159f160d76f8450ae50db4ac90a7\redhat.java\jdt_ws --pipe=\\.\pipe\lsp-74caa74b1db88975628c9a4c5af42235-sock
java_class_path (initial): c:\Users\USER\.vscode\extensions\redhat.java-1.46.0-win32-x64\server\plugins\org.eclipse.equinox.launcher_1.7.0.v20250519-0528.jar
Launcher Type: SUN_STANDARD

[Global flags]
    uintx AdaptiveSizePolicyWeight                 = 90                                        {product} {command line}
     intx CICompilerCount                          = 3                                         {product} {ergonomic}
    uintx GCTimeRatio                              = 4                                         {product} {command line}
     bool HeapDumpOnOutOfMemoryError               = true                                   {manageable} {command line}
    ccstr HeapDumpPath                             = c:\Users\USER\AppData\Roaming\Code\User\workspaceStorage\7bed159f160d76f8450ae50db4ac90a7\redhat.java         {manageable} {command line}
   size_t InitialHeapSize                          = 104857600                                 {product} {command line}
   size_t MaxHeapSize                              = 2147483648                                {product} {command line}
   size_t MaxNewSize                               = 715653120                                 {product} {ergonomic}
   size_t MinHeapDeltaBytes                        = 524288                                    {product} {ergonomic}
   size_t MinHeapSize                              = 104857600                                 {product} {command line}
   size_t NewSize                                  = 34603008                                  {product} {ergonomic}
    uintx NonNMethodCodeHeapSize                   = 5832780                                {pd product} {ergonomic}
    uintx NonProfiledCodeHeapSize                  = 122912730                              {pd product} {ergonomic}
   size_t OldSize                                  = 70254592                                  {product} {ergonomic}
    uintx ProfiledCodeHeapSize                     = 122912730                              {pd product} {ergonomic}
    uintx ReservedCodeCacheSize                    = 251658240                              {pd product} {ergonomic}
     bool SegmentedCodeCache                       = true                                      {product} {ergonomic}
   size_t SoftMaxHeapSize                          = 2147483648                             {manageable} {ergonomic}
     bool UseCompressedOops                        = true                           {product lp64_product} {ergonomic}
     bool UseLargePagesIndividualAllocation        = false                                  {pd product} {ergonomic}
     bool UseParallelGC                            = true                                      {product} {command line}

Logging:
Log output configuration:
 #0: stdout all=off uptime,level,tags foldmultilines=false
 #1: stderr all=off uptime,level,tags foldmultilines=false

Environment Variables:
PATH=C:\Python312\Scripts\;C:\Python312\;C:\Program Files\Common Files\Oracle\Java\javapath;C:\Program Files (x86)\Common Files\Intel\Shared Files\cpp\bin\Intel64;C:\WINDOWS\system32;C:\WINDOWS;C:\WINDOWS\System32\Wbem;C:\WINDOWS\System32\WindowsPowerShell\v1.0\;C:\WINDOWS\System32\OpenSSH\;C:\Program Files\Git\cmd;C:\Program Files\nodejs\;C:\ProgramData\chocolatey\bin;C:\Python312\Scripts\;C:\Python312\;C:\Program Files\Common Files\Oracle\Java\javapath;C:\Program Files (x86)\Common Files\Intel\Shared Files\cpp\bin\Intel64;C:\WINDOWS\system32;C:\WINDOWS;C:\WINDOWS\System32\Wbem;C:\WINDOWS\System32\WindowsPowerShell\v1.0\;C:\WINDOWS\System32\OpenSSH\;C:\Program Files\Git\cmd;C:\Program Files\nodejs\;C:\ProgramData\chocolatey\bin;C:\Python312\Scripts\;C:\Python312\;C:\Program Files\Common Files\Oracle\Java\javapath;C:\Program Files (x86)\Common Files\Intel\Shared Files\cpp\bin\Intel64;C:\WINDOWS\system32;C:\WINDOWS;C:\WINDOWS\System32\Wbem;C:\WINDOWS\System32\WindowsPowerShell\v1.0\;C:\WINDOWS\System32\OpenSSH\;C:\Program Files\Git\cmd;C:\Program Files\nodejs\;C:\ProgramData\chocolatey\bin;D:\Microsoft VS Code\bin;C:\Users\USER\AppData\Roaming\npm;D:\php;D:\php
USERNAME=USER
OS=Windows_NT
PROCESSOR_IDENTIFIER=AMD64 Family 23 Model 24 Stepping 1, AuthenticAMD
TMP=C:\Users\USER\AppData\Local\Temp
TEMP=C:\Users\USER\AppData\Local\Temp




Periodic native trim disabled

---------------  S Y S T E M  ---------------

OS:
 Windows 11 , 64 bit Build 22621 (10.0.22621.5415)
OS uptime: 0 days 7:55 hours
Hyper-V role detected

CPU: total 4 (initial active 4) (4 cores per cpu, 2 threads per core) family 23 model 24 stepping 1 microcode 0x0, cx8, cmov, fxsr, ht, mmx, 3dnowpref, sse, sse2, sse3, ssse3, sse4a, sse4.1, sse4.2, popcnt, lzcnt, tsc, tscinvbit, avx, avx2, aes, clmul, bmi1, bmi2, adx, sha, fma, vzeroupper, clflush, clflushopt, hv, rdtscp, f16c
Processor Information for the first 4 processors :
  Max Mhz: 2600, Current Mhz: 2600, Mhz Limit: 2600

Memory: 4k page, system-wide physical 3460M (61M free)
TotalPageFile size 14212M (AvailPageFile size 4M)
current process WorkingSet (physical memory assigned to process): 169M, peak: 170M
current process commit charge ("private bytes"): 285M, peak: 288M

vm_info: OpenJDK 64-Bit Server VM (21.0.8+9-LTS) for windows-amd64 JRE (21.0.8+9-LTS), built on 2025-07-15T00:00:00Z by "admin" with MS VC++ 17.7 (VS2022)

END.
