#
# There is insufficient memory for the Java Runtime Environment to continue.
# Native memory allocation (malloc) failed to allocate 2522800 bytes. Error detail: Chunk::new
# Possible reasons:
#   The system is out of physical RAM or swap space
#   This process is running with CompressedOops enabled, and the Java Heap may be blocking the growth of the native heap
# Possible solutions:
#   Reduce memory load on the system
#   Increase physical memory or swap space
#   Check if swap backing store is full
#   Decrease Java heap size (-Xmx/-Xms)
#   Decrease number of Java threads
#   Decrease Java thread stack sizes (-Xss)
#   Set larger code cache with -XX:ReservedCodeCacheSize=
#   JVM is running with Unscaled Compressed Oops mode in which the Java heap is
#     placed in the first 4GB address space. The Java Heap base address is the
#     maximum limit for the native heap growth. Please use -XX:HeapBaseMinAddress
#     to set the Java Heap base and to place the Java Heap above 4GB virtual address.
# This output file may be truncated or incomplete.
#
#  Out of Memory Error (arena.cpp:168), pid=17700, tid=12464
#
# JRE version: OpenJDK Runtime Environment Temurin-21.0.8+9 (21.0.8+9) (build 21.0.8+9-LTS)
# Java VM: OpenJDK 64-Bit Server VM Temurin-21.0.8+9 (21.0.8+9-LTS, mixed mode, sharing, tiered, compressed oops, compressed class ptrs, parallel gc, windows-amd64)
# No core dump will be written. Minidumps are not enabled by default on client versions of Windows
#

---------------  S U M M A R Y ------------

Command Line: --add-modules=ALL-SYSTEM --add-opens=java.base/java.util=ALL-UNNAMED --add-opens=java.base/java.lang=ALL-UNNAMED --add-opens=java.base/sun.nio.fs=ALL-UNNAMED -Declipse.application=org.eclipse.jdt.ls.core.id1 -Dosgi.bundles.defaultStartLevel=4 -Declipse.product=org.eclipse.jdt.ls.core.product -Djava.import.generatesMetadataFilesAtProjectRoot=false -DDetectVMInstallationsJob.disabled=true -Dfile.encoding=utf8 -XX:+UseParallelGC -XX:GCTimeRatio=4 -XX:AdaptiveSizePolicyWeight=90 -Dsun.zip.disableMemoryMapping=true -Xmx2G -Xms100m -Xlog:disable -javaagent:c:\Users\USER\.vscode\extensions\redhat.java-1.46.0-win32-x64\lombok\lombok-1.18.39-4050.jar c:\Users\USER\.vscode\extensions\redhat.java-1.46.0-win32-x64\server\plugins\org.eclipse.equinox.launcher_1.7.0.v20250519-0528.jar -configuration c:\Users\USER\AppData\Roaming\Code\User\globalStorage\redhat.java\1.46.0\config_ss_win -data c:\Users\USER\AppData\Roaming\Code\User\workspaceStorage\7bed159f160d76f8450ae50db4ac90a7\redhat.java\ss_ws --pipe=\\.\pipe\lsp-5ad0eab3efed4eaea6d8222f7a7f67db-sock

Host: AMD Ryzen 3 3250U with Radeon Graphics         , 4 cores, 3G,  Windows 11 , 64 bit Build 22621 (10.0.22621.5415)
Time: Sat Oct 18 18:36:52 2025 SE Asia Standard Time elapsed time: 23.187324 seconds (0d 0h 0m 23s)

---------------  T H R E A D  ---------------

Current thread (0x0000025d1354fbd0):  JavaThread "C2 CompilerThread0" daemon [_thread_in_native, id=12464, stack(0x0000006869800000,0x0000006869900000) (1024K)]


Current CompileTask:
C2:23187 4735       4       org.lombokweb.asm.ClassReader::readMethod (1070 bytes)

Stack: [0x0000006869800000,0x0000006869900000]
Native frames: (J=compiled Java code, j=interpreted, Vv=VM code, C=native code)
V  [jvm.dll+0x6d2449]
V  [jvm.dll+0x8ae341]
V  [jvm.dll+0x8b08be]
V  [jvm.dll+0x8b0fa3]
V  [jvm.dll+0x280c96]
V  [jvm.dll+0xc581d]
V  [jvm.dll+0xc5d53]
V  [jvm.dll+0x3b919c]
V  [jvm.dll+0x1e1409]
V  [jvm.dll+0x249022]
V  [jvm.dll+0x2484af]
V  [jvm.dll+0x1c89ee]
V  [jvm.dll+0x257d4d]
V  [jvm.dll+0x2562ea]
V  [jvm.dll+0x3f2d16]
V  [jvm.dll+0x857e6b]
V  [jvm.dll+0x6d0b0d]
C  [ucrtbase.dll+0x29333]
C  [KERNEL32.DLL+0x1259d]
C  [ntdll.dll+0x5af78]


---------------  P R O C E S S  ---------------

Threads class SMR info:
_java_thread_list=0x0000025d5b617650, length=32, elements={
0x0000025d7c92ba20, 0x0000025d13543fe0, 0x0000025d13545580, 0x0000025d13547470,
0x0000025d13548770, 0x0000025d13549680, 0x0000025d1354d0f0, 0x0000025d1354fbd0,
0x0000025d13582190, 0x0000025d5534e1f0, 0x0000025d555c0ce0, 0x0000025d55d29f10,
0x0000025d55d02010, 0x0000025d55bb22a0, 0x0000025d55be5c10, 0x0000025d557ef540,
0x0000025d559297d0, 0x0000025d55a9dcc0, 0x0000025d55a9f310, 0x0000025d5b490720,
0x0000025d5b490090, 0x0000025d5b491440, 0x0000025d5b491ad0, 0x0000025d5b492160,
0x0000025d5b490db0, 0x0000025d5b4927f0, 0x0000025d5b492e80, 0x0000025d5b493510,
0x0000025d5adfde70, 0x0000025d5adfe500, 0x0000025d5adfb710, 0x0000025d5adfcac0
}

Java Threads: ( => current thread )
  0x0000025d7c92ba20 JavaThread "main"                              [_thread_blocked, id=12524, stack(0x0000006868e00000,0x0000006868f00000) (1024K)]
  0x0000025d13543fe0 JavaThread "Reference Handler"          daemon [_thread_blocked, id=20232, stack(0x0000006869200000,0x0000006869300000) (1024K)]
  0x0000025d13545580 JavaThread "Finalizer"                  daemon [_thread_blocked, id=19004, stack(0x0000006869300000,0x0000006869400000) (1024K)]
  0x0000025d13547470 JavaThread "Signal Dispatcher"          daemon [_thread_blocked, id=5300, stack(0x0000006869400000,0x0000006869500000) (1024K)]
  0x0000025d13548770 JavaThread "Attach Listener"            daemon [_thread_blocked, id=9856, stack(0x0000006869500000,0x0000006869600000) (1024K)]
  0x0000025d13549680 JavaThread "Service Thread"             daemon [_thread_blocked, id=7440, stack(0x0000006869600000,0x0000006869700000) (1024K)]
  0x0000025d1354d0f0 JavaThread "Monitor Deflation Thread"   daemon [_thread_blocked, id=20204, stack(0x0000006869700000,0x0000006869800000) (1024K)]
=>0x0000025d1354fbd0 JavaThread "C2 CompilerThread0"         daemon [_thread_in_native, id=12464, stack(0x0000006869800000,0x0000006869900000) (1024K)]
  0x0000025d13582190 JavaThread "C1 CompilerThread0"         daemon [_thread_blocked, id=3764, stack(0x0000006869900000,0x0000006869a00000) (1024K)]
  0x0000025d5534e1f0 JavaThread "Common-Cleaner"             daemon [_thread_blocked, id=1768, stack(0x0000006869a00000,0x0000006869b00000) (1024K)]
  0x0000025d555c0ce0 JavaThread "Notification Thread"        daemon [_thread_blocked, id=7500, stack(0x0000006869b00000,0x0000006869c00000) (1024K)]
  0x0000025d55d29f10 JavaThread "Active Thread: Equinox Container: 9da59a06-2278-42f6-82d5-e42db0cd9d6a"        [_thread_blocked, id=18188, stack(0x0000006869f00000,0x000000686a000000) (1024K)]
  0x0000025d55d02010 JavaThread "Framework Event Dispatcher: Equinox Container: 9da59a06-2278-42f6-82d5-e42db0cd9d6a" daemon [_thread_blocked, id=14388, stack(0x000000686a000000,0x000000686a100000) (1024K)]
  0x0000025d55bb22a0 JavaThread "Start Level: Equinox Container: 9da59a06-2278-42f6-82d5-e42db0cd9d6a" daemon [_thread_blocked, id=11740, stack(0x000000686a100000,0x000000686a200000) (1024K)]
  0x0000025d55be5c10 JavaThread "SCR Component Actor"        daemon [_thread_blocked, id=15480, stack(0x000000686a200000,0x000000686a300000) (1024K)]
  0x0000025d557ef540 JavaThread "Worker-JM"                         [_thread_blocked, id=1796, stack(0x000000686a300000,0x000000686a400000) (1024K)]
  0x0000025d559297d0 JavaThread "JNA Cleaner"                daemon [_thread_blocked, id=19436, stack(0x000000686a400000,0x000000686a500000) (1024K)]
  0x0000025d55a9dcc0 JavaThread "Worker-0"                          [_thread_blocked, id=20220, stack(0x000000686a500000,0x000000686a600000) (1024K)]
  0x0000025d55a9f310 JavaThread "Worker-1"                          [_thread_blocked, id=18864, stack(0x000000686a600000,0x000000686a700000) (1024K)]
  0x0000025d5b490720 JavaThread "Thread-1"                   daemon [_thread_in_native, id=16320, stack(0x000000686a700000,0x000000686a800000) (1024K)]
  0x0000025d5b490090 JavaThread "Thread-2"                   daemon [_thread_in_native, id=18184, stack(0x000000686a800000,0x000000686a900000) (1024K)]
  0x0000025d5b491440 JavaThread "Thread-3"                   daemon [_thread_in_native, id=13620, stack(0x000000686a900000,0x000000686aa00000) (1024K)]
  0x0000025d5b491ad0 JavaThread "Thread-4"                   daemon [_thread_in_native, id=8856, stack(0x000000686aa00000,0x000000686ab00000) (1024K)]
  0x0000025d5b492160 JavaThread "Thread-5"                   daemon [_thread_in_native, id=14612, stack(0x000000686ab00000,0x000000686ac00000) (1024K)]
  0x0000025d5b490db0 JavaThread "pool-2-thread-1"                   [_thread_blocked, id=15408, stack(0x000000686ac00000,0x000000686ad00000) (1024K)]
  0x0000025d5b4927f0 JavaThread "Worker-2: Building"                [_thread_blocked, id=20104, stack(0x000000686ad00000,0x000000686ae00000) (1024K)]
  0x0000025d5b492e80 JavaThread "WorkspaceEventsHandler"            [_thread_blocked, id=1392, stack(0x000000686ae00000,0x000000686af00000) (1024K)]
  0x0000025d5b493510 JavaThread "pool-1-thread-1"                   [_thread_in_native, id=8280, stack(0x000000686af00000,0x000000686b000000) (1024K)]
  0x0000025d5adfde70 JavaThread "ForkJoinPool.commonPool-worker-1" daemon [_thread_blocked, id=7072, stack(0x000000686b000000,0x000000686b100000) (1024K)]
  0x0000025d5adfe500 JavaThread "ForkJoinPool.commonPool-worker-2" daemon [_thread_blocked, id=18356, stack(0x000000686b100000,0x000000686b200000) (1024K)]
  0x0000025d5adfb710 JavaThread "Compiler Source File Reader" daemon [_thread_blocked, id=1752, stack(0x000000686b200000,0x000000686b300000) (1024K)]
  0x0000025d5adfcac0 JavaThread "Compiler Source File Reader" daemon [_thread_blocked, id=20060, stack(0x000000686b300000,0x000000686b400000) (1024K)]
Total: 32

Other Threads:
  0x0000025d1353f6c0 VMThread "VM Thread"                           [id=15440, stack(0x0000006869100000,0x0000006869200000) (1024K)]
  0x0000025d134dc8d0 WatcherThread "VM Periodic Task Thread"        [id=2464, stack(0x0000006869000000,0x0000006869100000) (1024K)]
  0x0000025d7c948f00 WorkerThread "GC Thread#0"                     [id=16368, stack(0x0000006868f00000,0x0000006869000000) (1024K)]
  0x0000025d55a1c400 WorkerThread "GC Thread#1"                     [id=13908, stack(0x0000006869c00000,0x0000006869d00000) (1024K)]
  0x0000025d5560baa0 WorkerThread "GC Thread#2"                     [id=20208, stack(0x0000006869d00000,0x0000006869e00000) (1024K)]
  0x0000025d5560be40 WorkerThread "GC Thread#3"                     [id=18380, stack(0x0000006869e00000,0x0000006869f00000) (1024K)]
Total: 6

Threads with active compile tasks:
C2 CompilerThread0  23287 4735       4       org.lombokweb.asm.ClassReader::readMethod (1070 bytes)
Total: 1

VM state: not at safepoint (normal execution)

VM Mutex/Monitor currently owned by a thread: None

Heap address: 0x0000000080000000, size: 2048 MB, Compressed Oops mode: 32-bit

CDS archive(s) mapped at: [0x0000025d14000000-0x0000025d14ba0000-0x0000025d14ba0000), size 12189696, SharedBaseAddress: 0x0000025d14000000, ArchiveRelocationMode: 1.
Compressed class space mapped at: 0x0000025d15000000-0x0000025d55000000, reserved size: 1073741824
Narrow klass base: 0x0000025d14000000, Narrow klass shift: 0, Narrow klass range: 0x100000000

GC Precious Log:
 CardTable entry size: 512
 CPUs: 4 total, 4 available
 Memory: 3460M
 Large Page Support: Disabled
 NUMA Support: Disabled
 Compressed Oops: Enabled (32-bit)
 Alignments: Space 512K, Generation 512K, Heap 2M
 Heap Min Capacity: 100M
 Heap Initial Capacity: 100M
 Heap Max Capacity: 2G
 Pre-touch: Disabled
 Parallel Workers: 4

Heap:
 PSYoungGen      total 22528K, used 17055K [0x00000000d5580000, 0x00000000d6d00000, 0x0000000100000000)
  eden space 20992K, 76% used [0x00000000d5580000,0x00000000d651ece0,0x00000000d6a00000)
  from space 1536K, 69% used [0x00000000d6b80000,0x00000000d6c891d8,0x00000000d6d00000)
  to   space 1536K, 0% used [0x00000000d6a00000,0x00000000d6a00000,0x00000000d6b80000)
 ParOldGen       total 68608K, used 29045K [0x0000000080000000, 0x0000000084300000, 0x00000000d5580000)
  object space 68608K, 42% used [0x0000000080000000,0x0000000081c5d510,0x0000000084300000)
 Metaspace       used 37389K, committed 38336K, reserved 1114112K
  class space    used 3807K, committed 4224K, reserved 1048576K

Card table byte_map: [0x0000025d7c2c0000,0x0000025d7c6d0000] _byte_map_base: 0x0000025d7bec0000

Marking Bits: (ParMarkBitMap*) 0x00007ffd7276a340
 Begin Bits: [0x0000025d0f000000, 0x0000025d11000000)
 End Bits:   [0x0000025d11000000, 0x0000025d13000000)

Polling page: 0x0000025d7a790000

Metaspace:

Usage:
  Non-class:     32.80 MB used.
      Class:      3.72 MB used.
       Both:     36.51 MB used.

Virtual space:
  Non-class space:       64.00 MB reserved,      33.31 MB ( 52%) committed,  1 nodes.
      Class space:        1.00 GB reserved,       4.12 MB ( <1%) committed,  1 nodes.
             Both:        1.06 GB reserved,      37.44 MB (  3%) committed. 

Chunk freelists:
   Non-Class:  14.31 MB
       Class:  11.84 MB
        Both:  26.16 MB

MaxMetaspaceSize: unlimited
CompressedClassSpaceSize: 1.00 GB
Initial GC threshold: 21.00 MB
Current GC threshold: 58.38 MB
CDS: on
 - commit_granule_bytes: 65536.
 - commit_granule_words: 8192.
 - virtual_space_node_default_size: 8388608.
 - enlarge_chunks_in_place: 1.
 - use_allocation_guard: 0.


Internal statistics:

num_allocs_failed_limit: 6.
num_arena_births: 746.
num_arena_deaths: 60.
num_vsnodes_births: 2.
num_vsnodes_deaths: 0.
num_space_committed: 599.
num_space_uncommitted: 0.
num_chunks_returned_to_freelist: 80.
num_chunks_taken_from_freelist: 2301.
num_chunk_merges: 29.
num_chunk_splits: 1469.
num_chunks_enlarged: 926.
num_inconsistent_stats: 0.

CodeHeap 'non-profiled nmethods': size=120000Kb used=2124Kb max_used=2224Kb free=117875Kb
 bounds [0x0000025d07ad0000, 0x0000025d07d40000, 0x0000025d0f000000]
CodeHeap 'profiled nmethods': size=120000Kb used=8868Kb max_used=9149Kb free=111131Kb
 bounds [0x0000025d00000000, 0x0000025d00920000, 0x0000025d07530000]
CodeHeap 'non-nmethods': size=5760Kb used=1369Kb max_used=1426Kb free=4390Kb
 bounds [0x0000025d07530000, 0x0000025d077a0000, 0x0000025d07ad0000]
CodeCache: size=245760Kb, used=12361Kb, max_used=12799Kb, free=233396Kb
 total_blobs=5066, nmethods=4400, adapters=572, full_count=0
Compilation: enabled, stopped_count=0, restarted_count=0

Compilation events (20 events):
Event: 22.807 Thread 0x0000025d13582190 4776       2       java.lang.Class::getMethodsRecursive (99 bytes)
Event: 22.808 Thread 0x0000025d13582190 nmethod 4776 0x0000025d002a8c90 code [0x0000025d002a8ea0, 0x0000025d002a9270]
Event: 22.809 Thread 0x0000025d13582190 4777       2       sun.net.www.protocol.jar.Handler::openConnection (10 bytes)
Event: 22.810 Thread 0x0000025d13582190 nmethod 4777 0x0000025d0042c410 code [0x0000025d0042c5e0, 0x0000025d0042c848]
Event: 22.810 Thread 0x0000025d13582190 4778       2       sun.net.www.protocol.jar.JarURLConnection::<init> (28 bytes)
Event: 22.811 Thread 0x0000025d13582190 nmethod 4778 0x0000025d001abe90 code [0x0000025d001ac060, 0x0000025d001ac260]
Event: 22.811 Thread 0x0000025d13582190 4779       2       sun.net.www.protocol.jar.JarURLConnection::getInputStream (96 bytes)
Event: 22.812 Thread 0x0000025d13582190 nmethod 4779 0x0000025d000c6410 code [0x0000025d000c6660, 0x0000025d000c6c00]
Event: 22.817 Thread 0x0000025d13582190 4780   !   2       sun.net.www.protocol.jar.JarURLConnection$JarURLInputStream::close (178 bytes)
Event: 22.818 Thread 0x0000025d13582190 nmethod 4780 0x0000025d000a0d10 code [0x0000025d000a0f80, 0x0000025d000a1930]
Event: 22.867 Thread 0x0000025d13582190 4781       2       sun.net.www.protocol.jar.Handler::newURL (9 bytes)
Event: 22.867 Thread 0x0000025d13582190 nmethod 4781 0x0000025d002dc710 code [0x0000025d002dc8c0, 0x0000025d002dca58]
Event: 22.924 Thread 0x0000025d13582190 4782       3       java.util.HashSet::iterator (13 bytes)
Event: 22.924 Thread 0x0000025d13582190 nmethod 4782 0x0000025d001ae110 code [0x0000025d001ae2e0, 0x0000025d001ae578]
Event: 22.924 Thread 0x0000025d13582190 4783       2       java.lang.WeakPairMap::expungeStaleAssociations (31 bytes)
Event: 22.925 Thread 0x0000025d13582190 nmethod 4783 0x0000025d00225710 code [0x0000025d002258e0, 0x0000025d00225b38]
Event: 22.925 Thread 0x0000025d13582190 4784       2       jdk.internal.org.objectweb.asm.MethodWriter::putFrame (549 bytes)
Event: 22.928 Thread 0x0000025d13582190 nmethod 4784 0x0000025d0015d190 code [0x0000025d0015d520, 0x0000025d0015e3e8]
Event: 22.929 Thread 0x0000025d13582190 4785       2       jdk.internal.loader.AbstractClassLoaderValue$Sub::hashCode (19 bytes)
Event: 22.930 Thread 0x0000025d13582190 nmethod 4785 0x0000025d00311910 code [0x0000025d00311ac0, 0x0000025d00311c58]

GC Heap History (20 events):
Event: 17.143 GC heap before
{Heap before GC invocations=13 (full 1):
 PSYoungGen      total 24064K, used 24000K [0x00000000d5580000, 0x00000000d7180000, 0x0000000100000000)
  eden space 22016K, 100% used [0x00000000d5580000,0x00000000d6b00000,0x00000000d6b00000)
  from space 2048K, 96% used [0x00000000d6c00000,0x00000000d6df0010,0x00000000d6e00000)
  to   space 2560K, 0% used [0x00000000d6f00000,0x00000000d6f00000,0x00000000d7180000)
 ParOldGen       total 68608K, used 15847K [0x0000000080000000, 0x0000000084300000, 0x00000000d5580000)
  object space 68608K, 23% used [0x0000000080000000,0x0000000080f79ef8,0x0000000084300000)
 Metaspace       used 32201K, committed 33152K, reserved 1114112K
  class space    used 3276K, committed 3712K, reserved 1048576K
}
Event: 17.150 GC heap after
{Heap after GC invocations=13 (full 1):
 PSYoungGen      total 23552K, used 2530K [0x00000000d5580000, 0x00000000d7500000, 0x0000000100000000)
  eden space 20992K, 0% used [0x00000000d5580000,0x00000000d5580000,0x00000000d6a00000)
  from space 2560K, 98% used [0x00000000d6f00000,0x00000000d7178860,0x00000000d7180000)
  to   space 5120K, 0% used [0x00000000d6a00000,0x00000000d6a00000,0x00000000d6f00000)
 ParOldGen       total 68608K, used 17751K [0x0000000080000000, 0x0000000084300000, 0x00000000d5580000)
  object space 68608K, 25% used [0x0000000080000000,0x0000000081155ef8,0x0000000084300000)
 Metaspace       used 32201K, committed 33152K, reserved 1114112K
  class space    used 3276K, committed 3712K, reserved 1048576K
}
Event: 17.280 GC heap before
{Heap before GC invocations=14 (full 1):
 PSYoungGen      total 23552K, used 23522K [0x00000000d5580000, 0x00000000d7500000, 0x0000000100000000)
  eden space 20992K, 99% used [0x00000000d5580000,0x00000000d69fffe0,0x00000000d6a00000)
  from space 2560K, 98% used [0x00000000d6f00000,0x00000000d7178860,0x00000000d7180000)
  to   space 5120K, 0% used [0x00000000d6a00000,0x00000000d6a00000,0x00000000d6f00000)
 ParOldGen       total 68608K, used 17751K [0x0000000080000000, 0x0000000084300000, 0x00000000d5580000)
  object space 68608K, 25% used [0x0000000080000000,0x0000000081155ef8,0x0000000084300000)
 Metaspace       used 32226K, committed 33152K, reserved 1114112K
  class space    used 3277K, committed 3712K, reserved 1048576K
}
Event: 17.289 GC heap after
{Heap after GC invocations=14 (full 1):
 PSYoungGen      total 23040K, used 2016K [0x00000000d5580000, 0x00000000d7000000, 0x0000000100000000)
  eden space 20992K, 0% used [0x00000000d5580000,0x00000000d5580000,0x00000000d6a00000)
  from space 2048K, 98% used [0x00000000d6a00000,0x00000000d6bf8000,0x00000000d6c00000)
  to   space 3072K, 0% used [0x00000000d6d00000,0x00000000d6d00000,0x00000000d7000000)
 ParOldGen       total 68608K, used 20210K [0x0000000080000000, 0x0000000084300000, 0x00000000d5580000)
  object space 68608K, 29% used [0x0000000080000000,0x00000000813bca28,0x0000000084300000)
 Metaspace       used 32226K, committed 33152K, reserved 1114112K
  class space    used 3277K, committed 3712K, reserved 1048576K
}
Event: 17.516 GC heap before
{Heap before GC invocations=15 (full 1):
 PSYoungGen      total 23040K, used 23008K [0x00000000d5580000, 0x00000000d7000000, 0x0000000100000000)
  eden space 20992K, 100% used [0x00000000d5580000,0x00000000d6a00000,0x00000000d6a00000)
  from space 2048K, 98% used [0x00000000d6a00000,0x00000000d6bf8000,0x00000000d6c00000)
  to   space 3072K, 0% used [0x00000000d6d00000,0x00000000d6d00000,0x00000000d7000000)
 ParOldGen       total 68608K, used 20210K [0x0000000080000000, 0x0000000084300000, 0x00000000d5580000)
  object space 68608K, 29% used [0x0000000080000000,0x00000000813bca28,0x0000000084300000)
 Metaspace       used 32242K, committed 33152K, reserved 1114112K
  class space    used 3277K, committed 3712K, reserved 1048576K
}
Event: 17.525 GC heap after
{Heap after GC invocations=15 (full 1):
 PSYoungGen      total 23040K, used 2020K [0x00000000d5580000, 0x00000000d6f00000, 0x0000000100000000)
  eden space 20992K, 0% used [0x00000000d5580000,0x00000000d5580000,0x00000000d6a00000)
  from space 2048K, 98% used [0x00000000d6d00000,0x00000000d6ef9000,0x00000000d6f00000)
  to   space 2560K, 0% used [0x00000000d6a00000,0x00000000d6a00000,0x00000000d6c80000)
 ParOldGen       total 68608K, used 22152K [0x0000000080000000, 0x0000000084300000, 0x00000000d5580000)
  object space 68608K, 32% used [0x0000000080000000,0x00000000815a23d8,0x0000000084300000)
 Metaspace       used 32242K, committed 33152K, reserved 1114112K
  class space    used 3277K, committed 3712K, reserved 1048576K
}
Event: 17.672 GC heap before
{Heap before GC invocations=16 (full 1):
 PSYoungGen      total 23040K, used 23012K [0x00000000d5580000, 0x00000000d6f00000, 0x0000000100000000)
  eden space 20992K, 100% used [0x00000000d5580000,0x00000000d6a00000,0x00000000d6a00000)
  from space 2048K, 98% used [0x00000000d6d00000,0x00000000d6ef9000,0x00000000d6f00000)
  to   space 2560K, 0% used [0x00000000d6a00000,0x00000000d6a00000,0x00000000d6c80000)
 ParOldGen       total 68608K, used 22152K [0x0000000080000000, 0x0000000084300000, 0x00000000d5580000)
  object space 68608K, 32% used [0x0000000080000000,0x00000000815a23d8,0x0000000084300000)
 Metaspace       used 32315K, committed 33216K, reserved 1114112K
  class space    used 3279K, committed 3712K, reserved 1048576K
}
Event: 17.681 GC heap after
{Heap after GC invocations=16 (full 1):
 PSYoungGen      total 23552K, used 2080K [0x00000000d5580000, 0x00000000d6f00000, 0x0000000100000000)
  eden space 20992K, 0% used [0x00000000d5580000,0x00000000d5580000,0x00000000d6a00000)
  from space 2560K, 81% used [0x00000000d6a00000,0x00000000d6c08010,0x00000000d6c80000)
  to   space 2560K, 0% used [0x00000000d6c80000,0x00000000d6c80000,0x00000000d6f00000)
 ParOldGen       total 68608K, used 24105K [0x0000000080000000, 0x0000000084300000, 0x00000000d5580000)
  object space 68608K, 35% used [0x0000000080000000,0x000000008178a4d8,0x0000000084300000)
 Metaspace       used 32315K, committed 33216K, reserved 1114112K
  class space    used 3279K, committed 3712K, reserved 1048576K
}
Event: 17.832 GC heap before
{Heap before GC invocations=17 (full 1):
 PSYoungGen      total 23552K, used 23072K [0x00000000d5580000, 0x00000000d6f00000, 0x0000000100000000)
  eden space 20992K, 100% used [0x00000000d5580000,0x00000000d6a00000,0x00000000d6a00000)
  from space 2560K, 81% used [0x00000000d6a00000,0x00000000d6c08010,0x00000000d6c80000)
  to   space 2560K, 0% used [0x00000000d6c80000,0x00000000d6c80000,0x00000000d6f00000)
 ParOldGen       total 68608K, used 24105K [0x0000000080000000, 0x0000000084300000, 0x00000000d5580000)
  object space 68608K, 35% used [0x0000000080000000,0x000000008178a4d8,0x0000000084300000)
 Metaspace       used 32409K, committed 33408K, reserved 1114112K
  class space    used 3279K, committed 3712K, reserved 1048576K
}
Event: 17.845 GC heap after
{Heap after GC invocations=17 (full 1):
 PSYoungGen      total 23040K, used 1880K [0x00000000d5580000, 0x00000000d6e80000, 0x0000000100000000)
  eden space 20992K, 0% used [0x00000000d5580000,0x00000000d5580000,0x00000000d6a00000)
  from space 2048K, 91% used [0x00000000d6c80000,0x00000000d6e56200,0x00000000d6e80000)
  to   space 2048K, 0% used [0x00000000d6a80000,0x00000000d6a80000,0x00000000d6c80000)
 ParOldGen       total 68608K, used 26113K [0x0000000080000000, 0x0000000084300000, 0x00000000d5580000)
  object space 68608K, 38% used [0x0000000080000000,0x00000000819804e8,0x0000000084300000)
 Metaspace       used 32409K, committed 33408K, reserved 1114112K
  class space    used 3279K, committed 3712K, reserved 1048576K
}
Event: 18.645 GC heap before
{Heap before GC invocations=18 (full 1):
 PSYoungGen      total 23040K, used 22872K [0x00000000d5580000, 0x00000000d6e80000, 0x0000000100000000)
  eden space 20992K, 100% used [0x00000000d5580000,0x00000000d6a00000,0x00000000d6a00000)
  from space 2048K, 91% used [0x00000000d6c80000,0x00000000d6e56200,0x00000000d6e80000)
  to   space 2048K, 0% used [0x00000000d6a80000,0x00000000d6a80000,0x00000000d6c80000)
 ParOldGen       total 68608K, used 26113K [0x0000000080000000, 0x0000000084300000, 0x00000000d5580000)
  object space 68608K, 38% used [0x0000000080000000,0x00000000819804e8,0x0000000084300000)
 Metaspace       used 33715K, committed 34624K, reserved 1114112K
  class space    used 3438K, committed 3840K, reserved 1048576K
}
Event: 18.651 GC heap after
{Heap after GC invocations=18 (full 1):
 PSYoungGen      total 22528K, used 1414K [0x00000000d5580000, 0x00000000d6e00000, 0x0000000100000000)
  eden space 20992K, 0% used [0x00000000d5580000,0x00000000d5580000,0x00000000d6a00000)
  from space 1536K, 92% used [0x00000000d6a80000,0x00000000d6be1ae8,0x00000000d6c00000)
  to   space 2048K, 0% used [0x00000000d6c00000,0x00000000d6c00000,0x00000000d6e00000)
 ParOldGen       total 68608K, used 27897K [0x0000000080000000, 0x0000000084300000, 0x00000000d5580000)
  object space 68608K, 40% used [0x0000000080000000,0x0000000081b3e6e8,0x0000000084300000)
 Metaspace       used 33715K, committed 34624K, reserved 1114112K
  class space    used 3438K, committed 3840K, reserved 1048576K
}
Event: 19.698 GC heap before
{Heap before GC invocations=19 (full 1):
 PSYoungGen      total 22528K, used 11933K [0x00000000d5580000, 0x00000000d6e00000, 0x0000000100000000)
  eden space 20992K, 50% used [0x00000000d5580000,0x00000000d5fc5c58,0x00000000d6a00000)
  from space 1536K, 92% used [0x00000000d6a80000,0x00000000d6be1ae8,0x00000000d6c00000)
  to   space 2048K, 0% used [0x00000000d6c00000,0x00000000d6c00000,0x00000000d6e00000)
 ParOldGen       total 68608K, used 27897K [0x0000000080000000, 0x0000000084300000, 0x00000000d5580000)
  object space 68608K, 40% used [0x0000000080000000,0x0000000081b3e6e8,0x0000000084300000)
 Metaspace       used 34920K, committed 35840K, reserved 1114112K
  class space    used 3569K, committed 3968K, reserved 1048576K
}
Event: 19.703 GC heap after
{Heap after GC invocations=19 (full 1):
 PSYoungGen      total 23040K, used 1656K [0x00000000d5580000, 0x00000000d6e00000, 0x0000000100000000)
  eden space 20992K, 0% used [0x00000000d5580000,0x00000000d5580000,0x00000000d6a00000)
  from space 2048K, 80% used [0x00000000d6c00000,0x00000000d6d9e010,0x00000000d6e00000)
  to   space 2048K, 0% used [0x00000000d6a00000,0x00000000d6a00000,0x00000000d6c00000)
 ParOldGen       total 68608K, used 29194K [0x0000000080000000, 0x0000000084300000, 0x00000000d5580000)
  object space 68608K, 42% used [0x0000000080000000,0x0000000081c82898,0x0000000084300000)
 Metaspace       used 34920K, committed 35840K, reserved 1114112K
  class space    used 3569K, committed 3968K, reserved 1048576K
}
Event: 19.703 GC heap before
{Heap before GC invocations=20 (full 2):
 PSYoungGen      total 23040K, used 1656K [0x00000000d5580000, 0x00000000d6e00000, 0x0000000100000000)
  eden space 20992K, 0% used [0x00000000d5580000,0x00000000d5580000,0x00000000d6a00000)
  from space 2048K, 80% used [0x00000000d6c00000,0x00000000d6d9e010,0x00000000d6e00000)
  to   space 2048K, 0% used [0x00000000d6a00000,0x00000000d6a00000,0x00000000d6c00000)
 ParOldGen       total 68608K, used 29194K [0x0000000080000000, 0x0000000084300000, 0x00000000d5580000)
  object space 68608K, 42% used [0x0000000080000000,0x0000000081c82898,0x0000000084300000)
 Metaspace       used 34920K, committed 35840K, reserved 1114112K
  class space    used 3569K, committed 3968K, reserved 1048576K
}
Event: 19.823 GC heap after
{Heap after GC invocations=20 (full 2):
 PSYoungGen      total 23040K, used 0K [0x00000000d5580000, 0x00000000d6e00000, 0x0000000100000000)
  eden space 20992K, 0% used [0x00000000d5580000,0x00000000d5580000,0x00000000d6a00000)
  from space 2048K, 0% used [0x00000000d6c00000,0x00000000d6c00000,0x00000000d6e00000)
  to   space 2048K, 0% used [0x00000000d6a00000,0x00000000d6a00000,0x00000000d6c00000)
 ParOldGen       total 68608K, used 28503K [0x0000000080000000, 0x0000000084300000, 0x00000000d5580000)
  object space 68608K, 41% used [0x0000000080000000,0x0000000081bd5e10,0x0000000084300000)
 Metaspace       used 34879K, committed 35840K, reserved 1114112K
  class space    used 3557K, committed 3968K, reserved 1048576K
}
Event: 21.023 GC heap before
{Heap before GC invocations=21 (full 2):
 PSYoungGen      total 23040K, used 20992K [0x00000000d5580000, 0x00000000d6e00000, 0x0000000100000000)
  eden space 20992K, 100% used [0x00000000d5580000,0x00000000d6a00000,0x00000000d6a00000)
  from space 2048K, 0% used [0x00000000d6c00000,0x00000000d6c00000,0x00000000d6e00000)
  to   space 2048K, 0% used [0x00000000d6a00000,0x00000000d6a00000,0x00000000d6c00000)
 ParOldGen       total 68608K, used 28503K [0x0000000080000000, 0x0000000084300000, 0x00000000d5580000)
  object space 68608K, 41% used [0x0000000080000000,0x0000000081bd5e10,0x0000000084300000)
 Metaspace       used 35946K, committed 36928K, reserved 1114112K
  class space    used 3672K, committed 4096K, reserved 1048576K
}
Event: 21.026 GC heap after
{Heap after GC invocations=21 (full 2):
 PSYoungGen      total 22016K, used 935K [0x00000000d5580000, 0x00000000d6d00000, 0x0000000100000000)
  eden space 20992K, 0% used [0x00000000d5580000,0x00000000d5580000,0x00000000d6a00000)
  from space 1024K, 91% used [0x00000000d6a00000,0x00000000d6ae9e80,0x00000000d6b00000)
  to   space 1536K, 0% used [0x00000000d6b80000,0x00000000d6b80000,0x00000000d6d00000)
 ParOldGen       total 68608K, used 28511K [0x0000000080000000, 0x0000000084300000, 0x00000000d5580000)
  object space 68608K, 41% used [0x0000000080000000,0x0000000081bd7e10,0x0000000084300000)
 Metaspace       used 35946K, committed 36928K, reserved 1114112K
  class space    used 3672K, committed 4096K, reserved 1048576K
}
Event: 21.509 GC heap before
{Heap before GC invocations=22 (full 2):
 PSYoungGen      total 22016K, used 21923K [0x00000000d5580000, 0x00000000d6d00000, 0x0000000100000000)
  eden space 20992K, 99% used [0x00000000d5580000,0x00000000d69fefa0,0x00000000d6a00000)
  from space 1024K, 91% used [0x00000000d6a00000,0x00000000d6ae9e80,0x00000000d6b00000)
  to   space 1536K, 0% used [0x00000000d6b80000,0x00000000d6b80000,0x00000000d6d00000)
 ParOldGen       total 68608K, used 28511K [0x0000000080000000, 0x0000000084300000, 0x00000000d5580000)
  object space 68608K, 41% used [0x0000000080000000,0x0000000081bd7e10,0x0000000084300000)
 Metaspace       used 35966K, committed 36992K, reserved 1114112K
  class space    used 3672K, committed 4096K, reserved 1048576K
}
Event: 21.511 GC heap after
{Heap after GC invocations=22 (full 2):
 PSYoungGen      total 22528K, used 1060K [0x00000000d5580000, 0x00000000d6d00000, 0x0000000100000000)
  eden space 20992K, 0% used [0x00000000d5580000,0x00000000d5580000,0x00000000d6a00000)
  from space 1536K, 69% used [0x00000000d6b80000,0x00000000d6c891d8,0x00000000d6d00000)
  to   space 1536K, 0% used [0x00000000d6a00000,0x00000000d6a00000,0x00000000d6b80000)
 ParOldGen       total 68608K, used 29045K [0x0000000080000000, 0x0000000084300000, 0x00000000d5580000)
  object space 68608K, 42% used [0x0000000080000000,0x0000000081c5d510,0x0000000084300000)
 Metaspace       used 35966K, committed 36992K, reserved 1114112K
  class space    used 3672K, committed 4096K, reserved 1048576K
}

Dll operation events (10 events):
Event: 0.032 Loaded shared library c:\Users\USER\.vscode\extensions\redhat.java-1.46.0-win32-x64\jre\21.0.8-win32-x86_64\bin\java.dll
Event: 0.349 Loaded shared library c:\Users\USER\.vscode\extensions\redhat.java-1.46.0-win32-x64\jre\21.0.8-win32-x86_64\bin\zip.dll
Event: 0.434 Loaded shared library C:\Users\USER\.vscode\extensions\redhat.java-1.46.0-win32-x64\jre\21.0.8-win32-x86_64\bin\instrument.dll
Event: 0.452 Loaded shared library C:\Users\USER\.vscode\extensions\redhat.java-1.46.0-win32-x64\jre\21.0.8-win32-x86_64\bin\net.dll
Event: 0.465 Loaded shared library C:\Users\USER\.vscode\extensions\redhat.java-1.46.0-win32-x64\jre\21.0.8-win32-x86_64\bin\nio.dll
Event: 0.474 Loaded shared library C:\Users\USER\.vscode\extensions\redhat.java-1.46.0-win32-x64\jre\21.0.8-win32-x86_64\bin\zip.dll
Event: 0.554 Loaded shared library C:\Users\USER\.vscode\extensions\redhat.java-1.46.0-win32-x64\jre\21.0.8-win32-x86_64\bin\jimage.dll
Event: 0.879 Loaded shared library c:\Users\USER\.vscode\extensions\redhat.java-1.46.0-win32-x64\jre\21.0.8-win32-x86_64\bin\verify.dll
Event: 5.888 Loaded shared library C:\Users\USER\AppData\Roaming\Code\User\globalStorage\redhat.java\1.46.0\config_ss_win\org.eclipse.equinox.launcher\org.eclipse.equinox.launcher.win32.win32.x86_64_1.2.1400.v20250801-0854\eclipse_11916.dll
Event: 8.833 Loaded shared library C:\Users\USER\AppData\Local\Temp\jna-2614219\jna14518888305057054187.dll

Deoptimization events (20 events):
Event: 21.400 Thread 0x0000025d5b4927f0 DEOPT PACKING pc=0x0000025d0051e533 sp=0x000000686adf9ca0
Event: 21.400 Thread 0x0000025d5b4927f0 DEOPT UNPACKING pc=0x0000025d07584242 sp=0x000000686adf91d0 mode 0
Event: 21.465 Thread 0x0000025d5b4927f0 DEOPT PACKING pc=0x0000025d00525f09 sp=0x000000686adf9c10
Event: 21.465 Thread 0x0000025d5b4927f0 DEOPT UNPACKING pc=0x0000025d07584242 sp=0x000000686adf91b8 mode 0
Event: 21.471 Thread 0x0000025d5b4927f0 DEOPT PACKING pc=0x0000025d0051e533 sp=0x000000686adf9ca0
Event: 21.471 Thread 0x0000025d5b4927f0 DEOPT UNPACKING pc=0x0000025d07584242 sp=0x000000686adf91d0 mode 0
Event: 21.476 Thread 0x0000025d5b4927f0 DEOPT PACKING pc=0x0000025d00525f09 sp=0x000000686adf9c10
Event: 21.476 Thread 0x0000025d5b4927f0 DEOPT UNPACKING pc=0x0000025d07584242 sp=0x000000686adf91b8 mode 0
Event: 21.498 Thread 0x0000025d5b4927f0 DEOPT PACKING pc=0x0000025d00525f09 sp=0x000000686adf9c10
Event: 21.498 Thread 0x0000025d5b4927f0 DEOPT UNPACKING pc=0x0000025d07584242 sp=0x000000686adf91b8 mode 0
Event: 21.504 Thread 0x0000025d5b4927f0 DEOPT PACKING pc=0x0000025d00525f09 sp=0x000000686adf9c10
Event: 21.504 Thread 0x0000025d5b4927f0 DEOPT UNPACKING pc=0x0000025d07584242 sp=0x000000686adf91b8 mode 0
Event: 21.512 Thread 0x0000025d5b4927f0 DEOPT PACKING pc=0x0000025d00525f09 sp=0x000000686adf9c10
Event: 21.512 Thread 0x0000025d5b4927f0 DEOPT UNPACKING pc=0x0000025d07584242 sp=0x000000686adf91b8 mode 0
Event: 21.517 Thread 0x0000025d5b4927f0 DEOPT PACKING pc=0x0000025d0089e5a1 sp=0x000000686adf9760
Event: 21.517 Thread 0x0000025d5b4927f0 DEOPT UNPACKING pc=0x0000025d07584242 sp=0x000000686adf8c20 mode 0
Event: 21.576 Thread 0x0000025d5b4927f0 DEOPT PACKING pc=0x0000025d0089e5a1 sp=0x000000686adf9760
Event: 21.576 Thread 0x0000025d5b4927f0 DEOPT UNPACKING pc=0x0000025d07584242 sp=0x000000686adf8c20 mode 0
Event: 21.625 Thread 0x0000025d5b4927f0 DEOPT PACKING pc=0x0000025d00525f09 sp=0x000000686adf9c10
Event: 21.625 Thread 0x0000025d5b4927f0 DEOPT UNPACKING pc=0x0000025d07584242 sp=0x000000686adf91b8 mode 0

Classes loaded (20 events):
Event: 17.969 Loading class java/lang/ExceptionInInitializerError
Event: 17.969 Loading class java/lang/ExceptionInInitializerError done
Event: 18.264 Loading class java/util/ArrayDeque$DeqSpliterator
Event: 18.264 Loading class java/util/ArrayDeque$DeqSpliterator done
Event: 19.035 Loading class sun/misc/Unsafe
Event: 19.039 Loading class sun/misc/Unsafe done
Event: 19.234 Loading class java/util/WeakHashMap$KeyIterator
Event: 19.235 Loading class java/util/WeakHashMap$KeyIterator done
Event: 19.283 Loading class java/util/AbstractList$RandomAccessSubList
Event: 19.284 Loading class java/util/AbstractList$SubList
Event: 19.284 Loading class java/util/AbstractList$SubList done
Event: 19.284 Loading class java/util/AbstractList$RandomAccessSubList done
Event: 19.287 Loading class java/util/AbstractList$SubList$1
Event: 19.287 Loading class java/util/AbstractList$SubList$1 done
Event: 19.295 Loading class java/util/ImmutableCollections$SubList
Event: 19.296 Loading class java/util/ImmutableCollections$SubList done
Event: 19.577 Loading class java/util/zip/CheckedInputStream
Event: 19.577 Loading class java/util/zip/CheckedInputStream done
Event: 22.831 Loading class java/util/Vector$1
Event: 22.832 Loading class java/util/Vector$1 done

Classes unloaded (20 events):
Event: 19.727 Thread 0x0000025d1353f6c0 Unloading class 0x0000025d15393000 'java/lang/invoke/LambdaForm$MH+0x0000025d15393000'
Event: 19.727 Thread 0x0000025d1353f6c0 Unloading class 0x0000025d15392c00 'java/lang/invoke/LambdaForm$MH+0x0000025d15392c00'
Event: 19.727 Thread 0x0000025d1353f6c0 Unloading class 0x0000025d15392400 'java/lang/invoke/LambdaForm$MH+0x0000025d15392400'
Event: 19.727 Thread 0x0000025d1353f6c0 Unloading class 0x0000025d15391c00 'java/lang/invoke/LambdaForm$MH+0x0000025d15391c00'
Event: 19.727 Thread 0x0000025d1353f6c0 Unloading class 0x0000025d15391800 'java/lang/invoke/LambdaForm$MH+0x0000025d15391800'
Event: 19.727 Thread 0x0000025d1353f6c0 Unloading class 0x0000025d15391400 'java/lang/invoke/LambdaForm$DMH+0x0000025d15391400'
Event: 19.727 Thread 0x0000025d1353f6c0 Unloading class 0x0000025d15391000 'java/lang/invoke/LambdaForm$DMH+0x0000025d15391000'
Event: 19.727 Thread 0x0000025d1353f6c0 Unloading class 0x0000025d15390400 'java/lang/invoke/LambdaForm$MH+0x0000025d15390400'
Event: 19.727 Thread 0x0000025d1353f6c0 Unloading class 0x0000025d15390000 'java/lang/invoke/LambdaForm$MH+0x0000025d15390000'
Event: 19.727 Thread 0x0000025d1353f6c0 Unloading class 0x0000025d1538c800 'java/lang/invoke/LambdaForm$MH+0x0000025d1538c800'
Event: 19.727 Thread 0x0000025d1353f6c0 Unloading class 0x0000025d1538c000 'java/lang/invoke/LambdaForm$MH+0x0000025d1538c000'
Event: 19.727 Thread 0x0000025d1353f6c0 Unloading class 0x0000025d1538bc00 'java/lang/invoke/LambdaForm$MH+0x0000025d1538bc00'
Event: 19.727 Thread 0x0000025d1353f6c0 Unloading class 0x0000025d1538b400 'java/lang/invoke/LambdaForm$MH+0x0000025d1538b400'
Event: 19.727 Thread 0x0000025d1353f6c0 Unloading class 0x0000025d1538b000 'java/lang/invoke/LambdaForm$MH+0x0000025d1538b000'
Event: 19.727 Thread 0x0000025d1353f6c0 Unloading class 0x0000025d1538ac00 'java/lang/invoke/LambdaForm$MH+0x0000025d1538ac00'
Event: 19.727 Thread 0x0000025d1353f6c0 Unloading class 0x0000025d1538a800 'java/lang/invoke/LambdaForm$MH+0x0000025d1538a800'
Event: 19.727 Thread 0x0000025d1353f6c0 Unloading class 0x0000025d15389400 'java/lang/invoke/LambdaForm$MH+0x0000025d15389400'
Event: 19.727 Thread 0x0000025d1353f6c0 Unloading class 0x0000025d15388c00 'java/lang/invoke/LambdaForm$MH+0x0000025d15388c00'
Event: 19.727 Thread 0x0000025d1353f6c0 Unloading class 0x0000025d15388800 'java/lang/invoke/LambdaForm$DMH+0x0000025d15388800'
Event: 19.727 Thread 0x0000025d1353f6c0 Unloading class 0x0000025d15388400 'java/lang/invoke/LambdaForm$DMH+0x0000025d15388400'

Classes redefined (0 events):
No events

Internal exceptions (20 events):
Event: 16.226 Thread 0x0000025d5b493510 Exception <a 'java/lang/NoSuchMethodError'{0x00000000d663f450}: 'int java.lang.invoke.DirectMethodHandle$Holder.invokeStaticInit(java.lang.Object, double, double)'> (0x00000000d663f450) 
thrown [s\src\hotspot\share\interpreter\linkResolver.cpp, line 773]
Event: 16.226 Thread 0x0000025d5b493510 Exception <a 'java/lang/NoSuchMethodError'{0x00000000d6643c68}: 'int java.lang.invoke.DirectMethodHandle$Holder.invokeStatic(java.lang.Object, long)'> (0x00000000d6643c68) 
thrown [s\src\hotspot\share\interpreter\linkResolver.cpp, line 773]
Event: 16.231 Thread 0x0000025d5b493510 Exception <a 'java/lang/NoSuchMethodError'{0x00000000d6654ea0}: 'int java.lang.invoke.DirectMethodHandle$Holder.invokeSpecial(java.lang.Object, java.lang.Object, int, int)'> (0x00000000d6654ea0) 
thrown [s\src\hotspot\share\interpreter\linkResolver.cpp, line 773]
Event: 16.232 Thread 0x0000025d5adfde70 Exception <a 'java/lang/NoSuchMethodError'{0x00000000d66188d0}: 'int java.lang.invoke.DirectMethodHandle$Holder.invokeSpecial(java.lang.Object, java.lang.Object, int, int)'> (0x00000000d66188d0) 
thrown [s\src\hotspot\share\interpreter\linkResolver.cpp, line 773]
Event: 16.240 Thread 0x0000025d5adfe500 Exception <a 'java/lang/NoSuchMethodError'{0x00000000d667a398}: 'int java.lang.invoke.Invokers$Holder.linkToTargetMethod(java.lang.Object, java.lang.Object)'> (0x00000000d667a398) 
thrown [s\src\hotspot\share\interpreter\linkResolver.cpp, line 773]
Event: 16.240 Thread 0x0000025d5b493510 Exception <a 'java/lang/NoSuchMethodError'{0x00000000d66618c8}: 'int java.lang.invoke.Invokers$Holder.linkToTargetMethod(java.lang.Object, java.lang.Object)'> (0x00000000d66618c8) 
thrown [s\src\hotspot\share\interpreter\linkResolver.cpp, line 773]
Event: 16.874 Thread 0x0000025d5adfe500 Exception <a 'java/lang/NoSuchMethodError'{0x00000000d5bcc038}: 'int java.lang.invoke.DirectMethodHandle$Holder.invokeSpecial(java.lang.Object, java.lang.Object, java.lang.Object, java.lang.Object)'> (0x00000000d5bcc038) 
thrown [s\src\hotspot\share\interpreter\linkResolver.cpp, line 773]
Event: 16.880 Thread 0x0000025d5adfe500 Exception <a 'java/lang/NoSuchMethodError'{0x00000000d5bdca20}: 'java.lang.Object java.lang.invoke.DirectMethodHandle$Holder.invokeStatic(java.lang.Object, int, java.lang.Object, java.lang.Object)'> (0x00000000d5bdca20) 
thrown [s\src\hotspot\share\interpreter\linkResolver.cpp, line 773]
Event: 16.880 Thread 0x0000025d5adfe500 Exception <a 'java/lang/NoSuchMethodError'{0x00000000d5be0738}: 'java.lang.Object java.lang.invoke.DelegatingMethodHandle$Holder.delegate(java.lang.Object, int, java.lang.Object, java.lang.Object)'> (0x00000000d5be0738) 
thrown [s\src\hotspot\share\interpreter\linkResolver.cpp, line 773]
Event: 16.885 Thread 0x0000025d5adfe500 Exception <a 'java/lang/NoSuchMethodError'{0x00000000d5c0fc88}: 'int java.lang.invoke.Invokers$Holder.linkToTargetMethod(java.lang.Object, java.lang.Object, java.lang.Object)'> (0x00000000d5c0fc88) 
thrown [s\src\hotspot\share\interpreter\linkResolver.cpp, line 773]
Event: 16.885 Thread 0x0000025d5adfde70 Exception <a 'java/lang/NoSuchMethodError'{0x00000000d5bf53b8}: 'int java.lang.invoke.Invokers$Holder.linkToTargetMethod(java.lang.Object, java.lang.Object, java.lang.Object)'> (0x00000000d5bf53b8) 
thrown [s\src\hotspot\share\interpreter\linkResolver.cpp, line 773]
Event: 19.246 Thread 0x0000025d5b493510 Exception <a 'java/io/FileNotFoundException'{0x00000000d585ae10}> (0x00000000d585ae10) 
thrown [s\src\hotspot\share\prims\jni.cpp, line 520]
Event: 19.246 Thread 0x0000025d5b493510 Exception <a 'java/io/FileNotFoundException'{0x00000000d585c0b0}> (0x00000000d585c0b0) 
thrown [s\src\hotspot\share\prims\jni.cpp, line 520]
Event: 19.247 Thread 0x0000025d5b493510 Exception <a 'java/io/FileNotFoundException'{0x00000000d585d0c8}> (0x00000000d585d0c8) 
thrown [s\src\hotspot\share\prims\jni.cpp, line 520]
Event: 19.432 Thread 0x0000025d5adfe500 Exception <a 'java/lang/LinkageError'{0x00000000d5be59a8}: loader lombok.launch.ShadowClassLoader @47c28fa1 attempted duplicate class definition for lombok.launch.PatchFixesHider$Transform. (lombok.launch.PatchFixesHider$Transform is in unnamed module of loader lombok.launch.ShadowClassLoader @47c28fa1, parent loader org.eclipse.osgi.internal.loader.EquinoxClassLoader @5dd07aec)> (0x00000000d5be59a8) 
thrown [s\src\hotspot\share\classfile\systemDictionary.cpp, line 1682]
Event: 19.512 Thread 0x0000025d5b4927f0 Exception <a 'java/io/FileNotFoundException'{0x00000000d5c9ea98}> (0x00000000d5c9ea98) 
thrown [s\src\hotspot\share\prims\jni.cpp, line 520]
Event: 19.512 Thread 0x0000025d5b4927f0 Exception <a 'java/io/FileNotFoundException'{0x00000000d5c9fa90}> (0x00000000d5c9fa90) 
thrown [s\src\hotspot\share\prims\jni.cpp, line 520]
Event: 19.513 Thread 0x0000025d5b4927f0 Exception <a 'java/io/FileNotFoundException'{0x00000000d5ca14b0}> (0x00000000d5ca14b0) 
thrown [s\src\hotspot\share\prims\jni.cpp, line 520]
Event: 19.513 Thread 0x0000025d5b4927f0 Exception <a 'java/io/FileNotFoundException'{0x00000000d5ca2758}> (0x00000000d5ca2758) 
thrown [s\src\hotspot\share\prims\jni.cpp, line 520]
Event: 19.513 Thread 0x0000025d5b4927f0 Exception <a 'java/io/FileNotFoundException'{0x00000000d5ca39b8}> (0x00000000d5ca39b8) 
thrown [s\src\hotspot\share\prims\jni.cpp, line 520]

ZGC Phase Switch (0 events):
No events

VM Operations (20 events):
Event: 17.672 Executing VM operation: ParallelGCFailedAllocation (Allocation Failure)
Event: 17.681 Executing VM operation: ParallelGCFailedAllocation (Allocation Failure) done
Event: 17.832 Executing VM operation: ParallelGCFailedAllocation (Allocation Failure)
Event: 17.845 Executing VM operation: ParallelGCFailedAllocation (Allocation Failure) done
Event: 18.644 Executing VM operation: ParallelGCFailedAllocation (Allocation Failure)
Event: 18.651 Executing VM operation: ParallelGCFailedAllocation (Allocation Failure) done
Event: 19.130 Executing VM operation: HandshakeAllThreads (Deoptimize)
Event: 19.130 Executing VM operation: HandshakeAllThreads (Deoptimize) done
Event: 19.435 Executing VM operation: HandshakeAllThreads (Deoptimize)
Event: 19.435 Executing VM operation: HandshakeAllThreads (Deoptimize) done
Event: 19.698 Executing VM operation: CollectForMetadataAllocation (Metadata GC Threshold)
Event: 19.823 Executing VM operation: CollectForMetadataAllocation (Metadata GC Threshold) done
Event: 20.824 Executing VM operation: Cleanup
Event: 20.825 Executing VM operation: Cleanup done
Event: 21.023 Executing VM operation: ParallelGCFailedAllocation (Allocation Failure)
Event: 21.027 Executing VM operation: ParallelGCFailedAllocation (Allocation Failure) done
Event: 21.509 Executing VM operation: ParallelGCFailedAllocation (Allocation Failure)
Event: 21.511 Executing VM operation: ParallelGCFailedAllocation (Allocation Failure) done
Event: 22.525 Executing VM operation: Cleanup
Event: 22.541 Executing VM operation: Cleanup done

Memory protections (0 events):
No events

Nmethod flushes (20 events):
Event: 19.746 Thread 0x0000025d1353f6c0 flushing  nmethod 0x0000025d0032c010
Event: 19.746 Thread 0x0000025d1353f6c0 flushing  nmethod 0x0000025d00343810
Event: 19.746 Thread 0x0000025d1353f6c0 flushing  nmethod 0x0000025d00343b10
Event: 19.746 Thread 0x0000025d1353f6c0 flushing  nmethod 0x0000025d00349b90
Event: 19.746 Thread 0x0000025d1353f6c0 flushing  nmethod 0x0000025d003ccf90
Event: 19.746 Thread 0x0000025d1353f6c0 flushing  nmethod 0x0000025d0042c090
Event: 19.746 Thread 0x0000025d1353f6c0 flushing  nmethod 0x0000025d0042c510
Event: 19.746 Thread 0x0000025d1353f6c0 flushing  nmethod 0x0000025d00437110
Event: 19.746 Thread 0x0000025d1353f6c0 flushing  nmethod 0x0000025d00449b10
Event: 19.746 Thread 0x0000025d1353f6c0 flushing  nmethod 0x0000025d0044a510
Event: 19.746 Thread 0x0000025d1353f6c0 flushing  nmethod 0x0000025d0044b410
Event: 19.746 Thread 0x0000025d1353f6c0 flushing  nmethod 0x0000025d00451290
Event: 19.746 Thread 0x0000025d1353f6c0 flushing  nmethod 0x0000025d00454e90
Event: 19.746 Thread 0x0000025d1353f6c0 flushing  nmethod 0x0000025d0049c610
Event: 19.746 Thread 0x0000025d1353f6c0 flushing  nmethod 0x0000025d0049fe10
Event: 19.746 Thread 0x0000025d1353f6c0 flushing  nmethod 0x0000025d004a0b10
Event: 19.746 Thread 0x0000025d1353f6c0 flushing  nmethod 0x0000025d004d3f90
Event: 19.746 Thread 0x0000025d1353f6c0 flushing  nmethod 0x0000025d004d4810
Event: 19.746 Thread 0x0000025d1353f6c0 flushing  nmethod 0x0000025d004d4c10
Event: 19.746 Thread 0x0000025d1353f6c0 flushing  nmethod 0x0000025d004f1490

Events (20 events):
Event: 6.619 Thread 0x0000025d55bb22a0 Thread added: 0x0000025d55be5c10
Event: 7.479 Thread 0x0000025d55bb22a0 Thread added: 0x0000025d557ef540
Event: 8.928 Thread 0x0000025d55bb22a0 Thread added: 0x0000025d559297d0
Event: 9.233 Thread 0x0000025d55bb22a0 Thread added: 0x0000025d55a9dcc0
Event: 9.292 Thread 0x0000025d55bb22a0 Thread added: 0x0000025d55a9f310
Event: 12.133 Thread 0x0000025d55bb22a0 Thread added: 0x0000025d5b490db0
Event: 12.525 Thread 0x0000025d5b490db0 Thread exited: 0x0000025d5b490db0
Event: 13.536 Thread 0x0000025d7c92ba20 Thread added: 0x0000025d5b490720
Event: 13.538 Thread 0x0000025d7c92ba20 Thread added: 0x0000025d5b490090
Event: 13.538 Thread 0x0000025d7c92ba20 Thread added: 0x0000025d5b491440
Event: 13.538 Thread 0x0000025d7c92ba20 Thread added: 0x0000025d5b491ad0
Event: 13.539 Thread 0x0000025d7c92ba20 Thread added: 0x0000025d5b492160
Event: 13.627 Thread 0x0000025d7c92ba20 Thread added: 0x0000025d5b490db0
Event: 13.877 Thread 0x0000025d55a9f310 Thread added: 0x0000025d5b4927f0
Event: 14.293 Thread 0x0000025d7c92ba20 Thread added: 0x0000025d5b492e80
Event: 14.294 Thread 0x0000025d7c92ba20 Thread added: 0x0000025d5b493510
Event: 15.546 Thread 0x0000025d5b493510 Thread added: 0x0000025d5adfde70
Event: 15.551 Thread 0x0000025d5b493510 Thread added: 0x0000025d5adfe500
Event: 20.126 Thread 0x0000025d5b4927f0 Thread added: 0x0000025d5adfb710
Event: 20.126 Thread 0x0000025d5b4927f0 Thread added: 0x0000025d5adfcac0


Dynamic libraries:
0x00007ff6339d0000 - 0x00007ff6339de000 	c:\Users\USER\.vscode\extensions\redhat.java-1.46.0-win32-x64\jre\21.0.8-win32-x86_64\bin\java.exe
0x00007ffe23890000 - 0x00007ffe23aa7000 	C:\WINDOWS\SYSTEM32\ntdll.dll
0x00007ffe22b30000 - 0x00007ffe22bf4000 	C:\WINDOWS\System32\KERNEL32.DLL
0x00007ffe21080000 - 0x00007ffe21452000 	C:\WINDOWS\System32\KERNELBASE.dll
0x00007ffe20a00000 - 0x00007ffe20b11000 	C:\WINDOWS\System32\ucrtbase.dll
0x00007ffe06d00000 - 0x00007ffe06d18000 	c:\Users\USER\.vscode\extensions\redhat.java-1.46.0-win32-x64\jre\21.0.8-win32-x86_64\bin\jli.dll
0x00007ffe09300000 - 0x00007ffe0931e000 	c:\Users\USER\.vscode\extensions\redhat.java-1.46.0-win32-x64\jre\21.0.8-win32-x86_64\bin\VCRUNTIME140.dll
0x00007ffe22130000 - 0x00007ffe222e1000 	C:\WINDOWS\System32\USER32.dll
0x00007ffe20fb0000 - 0x00007ffe20fd6000 	C:\WINDOWS\System32\win32u.dll
0x00007ffe22050000 - 0x00007ffe22079000 	C:\WINDOWS\System32\GDI32.dll
0x00007ffe10870000 - 0x00007ffe10b0b000 	C:\WINDOWS\WinSxS\amd64_microsoft.windows.common-controls_6595b64144ccf1df_6.0.22621.5547_none_27104afb73855772\COMCTL32.dll
0x00007ffe20d10000 - 0x00007ffe20e33000 	C:\WINDOWS\System32\gdi32full.dll
0x00007ffe20fe0000 - 0x00007ffe2107a000 	C:\WINDOWS\System32\msvcp_win.dll
0x00007ffe215c0000 - 0x00007ffe21667000 	C:\WINDOWS\System32\msvcrt.dll
0x00007ffe23140000 - 0x00007ffe23171000 	C:\WINDOWS\System32\IMM32.DLL
0x00007ffe0fd70000 - 0x00007ffe0fd7c000 	c:\Users\USER\.vscode\extensions\redhat.java-1.46.0-win32-x64\jre\21.0.8-win32-x86_64\bin\vcruntime140_1.dll
0x00007ffde3670000 - 0x00007ffde36fd000 	c:\Users\USER\.vscode\extensions\redhat.java-1.46.0-win32-x64\jre\21.0.8-win32-x86_64\bin\msvcp140.dll
0x00007ffd71ab0000 - 0x00007ffd72847000 	c:\Users\USER\.vscode\extensions\redhat.java-1.46.0-win32-x64\jre\21.0.8-win32-x86_64\bin\server\jvm.dll
0x00007ffe23070000 - 0x00007ffe23121000 	C:\WINDOWS\System32\ADVAPI32.dll
0x00007ffe222f0000 - 0x00007ffe22398000 	C:\WINDOWS\System32\sechost.dll
0x00007ffe20ce0000 - 0x00007ffe20d08000 	C:\WINDOWS\System32\bcrypt.dll
0x00007ffe21f30000 - 0x00007ffe22044000 	C:\WINDOWS\System32\RPCRT4.dll
0x00007ffe21540000 - 0x00007ffe215b1000 	C:\WINDOWS\System32\WS2_32.dll
0x00007ffe20850000 - 0x00007ffe2089d000 	C:\WINDOWS\SYSTEM32\POWRPROF.dll
0x00007ffe18b40000 - 0x00007ffe18b4a000 	C:\WINDOWS\SYSTEM32\VERSION.dll
0x00007ffe1c680000 - 0x00007ffe1c6b4000 	C:\WINDOWS\SYSTEM32\WINMM.dll
0x00007ffe20830000 - 0x00007ffe20843000 	C:\WINDOWS\SYSTEM32\UMPDC.dll
0x00007ffe1f980000 - 0x00007ffe1f998000 	C:\WINDOWS\SYSTEM32\kernel.appcore.dll
0x00007ffe0d160000 - 0x00007ffe0d16a000 	c:\Users\USER\.vscode\extensions\redhat.java-1.46.0-win32-x64\jre\21.0.8-win32-x86_64\bin\jimage.dll
0x00007ffe1e490000 - 0x00007ffe1e6c3000 	C:\WINDOWS\SYSTEM32\DBGHELP.DLL
0x00007ffe23270000 - 0x00007ffe23603000 	C:\WINDOWS\System32\combase.dll
0x00007ffe23180000 - 0x00007ffe23257000 	C:\WINDOWS\System32\OLEAUT32.dll
0x00007ffdfab50000 - 0x00007ffdfab82000 	C:\WINDOWS\SYSTEM32\dbgcore.DLL
0x00007ffe20980000 - 0x00007ffe209fb000 	C:\WINDOWS\System32\bcryptPrimitives.dll
0x00007ffe0cd60000 - 0x00007ffe0cd6f000 	c:\Users\USER\.vscode\extensions\redhat.java-1.46.0-win32-x64\jre\21.0.8-win32-x86_64\bin\instrument.dll
0x00007ffe06ce0000 - 0x00007ffe06cff000 	c:\Users\USER\.vscode\extensions\redhat.java-1.46.0-win32-x64\jre\21.0.8-win32-x86_64\bin\java.dll
0x00007ffe21680000 - 0x00007ffe21f22000 	C:\WINDOWS\System32\SHELL32.dll
0x00007ffe20ba0000 - 0x00007ffe20cdf000 	C:\WINDOWS\System32\wintypes.dll
0x00007ffe1e860000 - 0x00007ffe1f17d000 	C:\WINDOWS\SYSTEM32\windows.storage.dll
0x00007ffe223a0000 - 0x00007ffe224ac000 	C:\WINDOWS\System32\SHCORE.dll
0x00007ffe23000000 - 0x00007ffe23069000 	C:\WINDOWS\System32\shlwapi.dll
0x00007ffe208b0000 - 0x00007ffe208db000 	C:\WINDOWS\SYSTEM32\profapi.dll
0x00007ffe06cc0000 - 0x00007ffe06cd8000 	c:\Users\USER\.vscode\extensions\redhat.java-1.46.0-win32-x64\jre\21.0.8-win32-x86_64\bin\zip.dll
0x00007ffe0be20000 - 0x00007ffe0be30000 	C:\Users\USER\.vscode\extensions\redhat.java-1.46.0-win32-x64\jre\21.0.8-win32-x86_64\bin\net.dll
0x00007ffe1c3c0000 - 0x00007ffe1c4ec000 	C:\WINDOWS\SYSTEM32\WINHTTP.dll
0x00007ffe1fe10000 - 0x00007ffe1fe79000 	C:\WINDOWS\system32\mswsock.dll
0x00007ffe06ca0000 - 0x00007ffe06cb6000 	C:\Users\USER\.vscode\extensions\redhat.java-1.46.0-win32-x64\jre\21.0.8-win32-x86_64\bin\nio.dll
0x00007ffe0b8e0000 - 0x00007ffe0b8f0000 	c:\Users\USER\.vscode\extensions\redhat.java-1.46.0-win32-x64\jre\21.0.8-win32-x86_64\bin\verify.dll
0x00007ffe113d0000 - 0x00007ffe11414000 	C:\Users\USER\AppData\Roaming\Code\User\globalStorage\redhat.java\1.46.0\config_ss_win\org.eclipse.equinox.launcher\org.eclipse.equinox.launcher.win32.win32.x86_64_1.2.1400.v20250801-0854\eclipse_11916.dll
0x00007ffe22e10000 - 0x00007ffe22fb0000 	C:\WINDOWS\System32\ole32.dll
0x00007ffe20090000 - 0x00007ffe200ab000 	C:\WINDOWS\SYSTEM32\CRYPTSP.dll
0x00007ffe1f8e0000 - 0x00007ffe1f917000 	C:\WINDOWS\system32\rsaenh.dll
0x00007ffe1ff20000 - 0x00007ffe1ff48000 	C:\WINDOWS\SYSTEM32\USERENV.dll
0x00007ffe20080000 - 0x00007ffe2008c000 	C:\WINDOWS\SYSTEM32\CRYPTBASE.dll
0x00007ffe1f420000 - 0x00007ffe1f44d000 	C:\WINDOWS\SYSTEM32\IPHLPAPI.DLL
0x00007ffe21670000 - 0x00007ffe21679000 	C:\WINDOWS\System32\NSI.dll
0x00007ffe0be60000 - 0x00007ffe0bea9000 	C:\Users\USER\AppData\Local\Temp\jna-2614219\jna14518888305057054187.dll
0x00007ffe23260000 - 0x00007ffe23268000 	C:\WINDOWS\System32\PSAPI.DLL
0x00007ffe1c150000 - 0x00007ffe1c169000 	C:\WINDOWS\SYSTEM32\dhcpcsvc6.DLL
0x00007ffe1c130000 - 0x00007ffe1c14f000 	C:\WINDOWS\SYSTEM32\dhcpcsvc.DLL

JVMTI agents:
c:\Users\USER\.vscode\extensions\redhat.java-1.46.0-win32-x64\lombok\lombok-1.18.39-4050.jar path:c:\Users\USER\.vscode\extensions\redhat.java-1.46.0-win32-x64\jre\21.0.8-win32-x86_64\bin\instrument.dll, loaded, initialized, instrumentlib options:none

dbghelp: loaded successfully - version: 4.0.5 - missing functions: none
symbol engine: initialized successfully - sym options: 0x614 - pdb path: .;c:\Users\USER\.vscode\extensions\redhat.java-1.46.0-win32-x64\jre\21.0.8-win32-x86_64\bin;C:\WINDOWS\SYSTEM32;C:\WINDOWS\WinSxS\amd64_microsoft.windows.common-controls_6595b64144ccf1df_6.0.22621.5547_none_27104afb73855772;c:\Users\USER\.vscode\extensions\redhat.java-1.46.0-win32-x64\jre\21.0.8-win32-x86_64\bin\server;C:\Users\USER\AppData\Roaming\Code\User\globalStorage\redhat.java\1.46.0\config_ss_win\org.eclipse.equinox.launcher\org.eclipse.equinox.launcher.win32.win32.x86_64_1.2.1400.v20250801-0854;C:\Users\USER\AppData\Local\Temp\jna-2614219

VM Arguments:
jvm_args: --add-modules=ALL-SYSTEM --add-opens=java.base/java.util=ALL-UNNAMED --add-opens=java.base/java.lang=ALL-UNNAMED --add-opens=java.base/sun.nio.fs=ALL-UNNAMED -Declipse.application=org.eclipse.jdt.ls.core.id1 -Dosgi.bundles.defaultStartLevel=4 -Declipse.product=org.eclipse.jdt.ls.core.product -Djava.import.generatesMetadataFilesAtProjectRoot=false -DDetectVMInstallationsJob.disabled=true -Dfile.encoding=utf8 -XX:+UseParallelGC -XX:GCTimeRatio=4 -XX:AdaptiveSizePolicyWeight=90 -Dsun.zip.disableMemoryMapping=true -Xmx2G -Xms100m -Xlog:disable -javaagent:c:\Users\USER\.vscode\extensions\redhat.java-1.46.0-win32-x64\lombok\lombok-1.18.39-4050.jar 
java_command: c:\Users\USER\.vscode\extensions\redhat.java-1.46.0-win32-x64\server\plugins\org.eclipse.equinox.launcher_1.7.0.v20250519-0528.jar -configuration c:\Users\USER\AppData\Roaming\Code\User\globalStorage\redhat.java\1.46.0\config_ss_win -data c:\Users\USER\AppData\Roaming\Code\User\workspaceStorage\7bed159f160d76f8450ae50db4ac90a7\redhat.java\ss_ws --pipe=\\.\pipe\lsp-5ad0eab3efed4eaea6d8222f7a7f67db-sock
java_class_path (initial): c:\Users\USER\.vscode\extensions\redhat.java-1.46.0-win32-x64\server\plugins\org.eclipse.equinox.launcher_1.7.0.v20250519-0528.jar
Launcher Type: SUN_STANDARD

[Global flags]
    uintx AdaptiveSizePolicyWeight                 = 90                                        {product} {command line}
     intx CICompilerCount                          = 3                                         {product} {ergonomic}
    uintx GCTimeRatio                              = 4                                         {product} {command line}
   size_t InitialHeapSize                          = 104857600                                 {product} {command line}
   size_t MaxHeapSize                              = 2147483648                                {product} {command line}
   size_t MaxNewSize                               = 715653120                                 {product} {ergonomic}
   size_t MinHeapDeltaBytes                        = 524288                                    {product} {ergonomic}
   size_t MinHeapSize                              = 104857600                                 {product} {command line}
   size_t NewSize                                  = 34603008                                  {product} {ergonomic}
    uintx NonNMethodCodeHeapSize                   = 5832780                                {pd product} {ergonomic}
    uintx NonProfiledCodeHeapSize                  = 122912730                              {pd product} {ergonomic}
   size_t OldSize                                  = 70254592                                  {product} {ergonomic}
    uintx ProfiledCodeHeapSize                     = 122912730                              {pd product} {ergonomic}
    uintx ReservedCodeCacheSize                    = 251658240                              {pd product} {ergonomic}
     bool SegmentedCodeCache                       = true                                      {product} {ergonomic}
   size_t SoftMaxHeapSize                          = 2147483648                             {manageable} {ergonomic}
     bool UseCompressedOops                        = true                           {product lp64_product} {ergonomic}
     bool UseLargePagesIndividualAllocation        = false                                  {pd product} {ergonomic}
     bool UseParallelGC                            = true                                      {product} {command line}

Logging:
Log output configuration:
 #0: stdout all=off uptime,level,tags foldmultilines=false
 #1: stderr all=off uptime,level,tags foldmultilines=false

Environment Variables:
PATH=C:\Python312\Scripts\;C:\Python312\;C:\Program Files\Common Files\Oracle\Java\javapath;C:\Program Files (x86)\Common Files\Intel\Shared Files\cpp\bin\Intel64;C:\WINDOWS\system32;C:\WINDOWS;C:\WINDOWS\System32\Wbem;C:\WINDOWS\System32\WindowsPowerShell\v1.0\;C:\WINDOWS\System32\OpenSSH\;C:\Program Files\Git\cmd;C:\Program Files\nodejs\;C:\ProgramData\chocolatey\bin;C:\Python312\Scripts\;C:\Python312\;C:\Program Files\Common Files\Oracle\Java\javapath;C:\Program Files (x86)\Common Files\Intel\Shared Files\cpp\bin\Intel64;C:\WINDOWS\system32;C:\WINDOWS;C:\WINDOWS\System32\Wbem;C:\WINDOWS\System32\WindowsPowerShell\v1.0\;C:\WINDOWS\System32\OpenSSH\;C:\Program Files\Git\cmd;C:\Program Files\nodejs\;C:\ProgramData\chocolatey\bin;C:\Python312\Scripts\;C:\Python312\;C:\Program Files\Common Files\Oracle\Java\javapath;C:\Program Files (x86)\Common Files\Intel\Shared Files\cpp\bin\Intel64;C:\WINDOWS\system32;C:\WINDOWS;C:\WINDOWS\System32\Wbem;C:\WINDOWS\System32\WindowsPowerShell\v1.0\;C:\WINDOWS\System32\OpenSSH\;C:\Program Files\Git\cmd;C:\Program Files\nodejs\;C:\ProgramData\chocolatey\bin;D:\Microsoft VS Code\bin;C:\Users\USER\AppData\Roaming\npm;D:\php;D:\php
USERNAME=USER
OS=Windows_NT
PROCESSOR_IDENTIFIER=AMD64 Family 23 Model 24 Stepping 1, AuthenticAMD
TMP=C:\Users\USER\AppData\Local\Temp
TEMP=C:\Users\USER\AppData\Local\Temp




Periodic native trim disabled

---------------  S Y S T E M  ---------------

OS:
 Windows 11 , 64 bit Build 22621 (10.0.22621.5415)
OS uptime: 0 days 7:55 hours
Hyper-V role detected

CPU: total 4 (initial active 4) (4 cores per cpu, 2 threads per core) family 23 model 24 stepping 1 microcode 0x0, cx8, cmov, fxsr, ht, mmx, 3dnowpref, sse, sse2, sse3, ssse3, sse4a, sse4.1, sse4.2, popcnt, lzcnt, tsc, tscinvbit, avx, avx2, aes, clmul, bmi1, bmi2, adx, sha, fma, vzeroupper, clflush, clflushopt, hv, rdtscp, f16c
Processor Information for the first 4 processors :
  Max Mhz: 2600, Current Mhz: 2600, Mhz Limit: 2600

Memory: 4k page, system-wide physical 3460M (61M free)
TotalPageFile size 14212M (AvailPageFile size 5M)
current process WorkingSet (physical memory assigned to process): 190M, peak: 194M
current process commit charge ("private bytes"): 292M, peak: 295M

vm_info: OpenJDK 64-Bit Server VM (21.0.8+9-LTS) for windows-amd64 JRE (21.0.8+9-LTS), built on 2025-07-15T00:00:00Z by "admin" with MS VC++ 17.7 (VS2022)

END.
