#
# There is insufficient memory for the Java Runtime Environment to continue.
# Native memory allocation (malloc) failed to allocate 32744 bytes. Error detail: Chunk::new
# Possible reasons:
#   The system is out of physical RAM or swap space
#   This process is running with CompressedOops enabled, and the Java Heap may be blocking the growth of the native heap
# Possible solutions:
#   Reduce memory load on the system
#   Increase physical memory or swap space
#   Check if swap backing store is full
#   Decrease Java heap size (-Xmx/-Xms)
#   Decrease number of Java threads
#   Decrease Java thread stack sizes (-Xss)
#   Set larger code cache with -XX:ReservedCodeCacheSize=
#   JVM is running with Unscaled Compressed Oops mode in which the Java heap is
#     placed in the first 4GB address space. The Java Heap base address is the
#     maximum limit for the native heap growth. Please use -XX:HeapBaseMinAddress
#     to set the Java Heap base and to place the Java Heap above 4GB virtual address.
# This output file may be truncated or incomplete.
#
#  Out of Memory Error (arena.cpp:168), pid=18308, tid=17284
#
# JRE version: OpenJDK Runtime Environment Temurin-21.0.8+9 (21.0.8+9) (build 21.0.8+9-LTS)
# Java VM: OpenJDK 64-Bit Server VM Temurin-21.0.8+9 (21.0.8+9-LTS, mixed mode, sharing, tiered, compressed oops, compressed class ptrs, parallel gc, windows-amd64)
# No core dump will be written. Minidumps are not enabled by default on client versions of Windows
#

---------------  S U M M A R Y ------------

Command Line: --add-modules=ALL-SYSTEM --add-opens=java.base/java.util=ALL-UNNAMED --add-opens=java.base/java.lang=ALL-UNNAMED --add-opens=java.base/sun.nio.fs=ALL-UNNAMED -Declipse.application=org.eclipse.jdt.ls.core.id1 -Dosgi.bundles.defaultStartLevel=4 -Declipse.product=org.eclipse.jdt.ls.core.product -Djava.import.generatesMetadataFilesAtProjectRoot=false -DDetectVMInstallationsJob.disabled=true -Dfile.encoding=utf8 -XX:+UseParallelGC -XX:GCTimeRatio=4 -XX:AdaptiveSizePolicyWeight=90 -Dsun.zip.disableMemoryMapping=true -Xmx2G -Xms100m -Xlog:disable -javaagent:c:\Users\USER\.vscode\extensions\redhat.java-1.46.0-win32-x64\lombok\lombok-1.18.39-4050.jar c:\Users\USER\.vscode\extensions\redhat.java-1.46.0-win32-x64\server\plugins\org.eclipse.equinox.launcher_1.7.0.v20250519-0528.jar -configuration c:\Users\USER\AppData\Roaming\Code\User\globalStorage\redhat.java\1.46.0\config_ss_win -data c:\Users\USER\AppData\Roaming\Code\User\workspaceStorage\7bed159f160d76f8450ae50db4ac90a7\redhat.java\ss_ws --pipe=\\.\pipe\lsp-ff5985f39d6c1b1804234876e98a350b-sock

Host: AMD Ryzen 3 3250U with Radeon Graphics         , 4 cores, 3G,  Windows 11 , 64 bit Build 22621 (10.0.22621.5415)
Time: Wed Oct  8 22:48:17 2025 SE Asia Standard Time elapsed time: 8.501002 seconds (0d 0h 0m 8s)

---------------  T H R E A D  ---------------

Current thread (0x0000014ee41ad640):  JavaThread "C1 CompilerThread0" daemon [_thread_in_vm, id=17284, stack(0x0000000101100000,0x0000000101200000) (1024K)]


Current CompileTask:
C1:8501 2960       3       java.util.HashSet::contains (9 bytes)

Stack: [0x0000000101100000,0x0000000101200000]
Native frames: (J=compiled Java code, j=interpreted, Vv=VM code, C=native code)
V  [jvm.dll+0x6d2449]
V  [jvm.dll+0x8ae341]
V  [jvm.dll+0x8b08be]
V  [jvm.dll+0x8b0fa3]
V  [jvm.dll+0x280c96]
V  [jvm.dll+0xc581d]
V  [jvm.dll+0xc5d53]
V  [jvm.dll+0x1fbb3b]
V  [jvm.dll+0x1e71d3]
V  [jvm.dll+0x257bef]
V  [jvm.dll+0x2562ea]
V  [jvm.dll+0x3f2d16]
V  [jvm.dll+0x857e6b]
V  [jvm.dll+0x6d0b0d]
C  [ucrtbase.dll+0x29333]
C  [KERNEL32.DLL+0x1259d]
C  [ntdll.dll+0x5af78]


---------------  P R O C E S S  ---------------

Threads class SMR info:
_java_thread_list=0x0000014eea4a6b40, length=19, elements={
0x0000014e8c74f940, 0x0000014ee413c3e0, 0x0000014ee413dd10, 0x0000014ee413fe80,
0x0000014ee4140d90, 0x0000014ee4141ca0, 0x0000014ee4145710, 0x0000014ee4146540,
0x0000014ee41ad640, 0x0000014ee9009080, 0x0000014ee92ada00, 0x0000014ee988e320,
0x0000014ee98bd0e0, 0x0000014ee98bd740, 0x0000014ee9a063e0, 0x0000014ee9b3e3a0,
0x0000014ee9b9fff0, 0x0000014ee4195460, 0x0000014ee41962a0
}

Java Threads: ( => current thread )
  0x0000014e8c74f940 JavaThread "main"                              [_thread_blocked, id=4600, stack(0x0000000100600000,0x0000000100700000) (1024K)]
  0x0000014ee413c3e0 JavaThread "Reference Handler"          daemon [_thread_blocked, id=13660, stack(0x0000000100a00000,0x0000000100b00000) (1024K)]
  0x0000014ee413dd10 JavaThread "Finalizer"                  daemon [_thread_blocked, id=8324, stack(0x0000000100b00000,0x0000000100c00000) (1024K)]
  0x0000014ee413fe80 JavaThread "Signal Dispatcher"          daemon [_thread_blocked, id=13668, stack(0x0000000100c00000,0x0000000100d00000) (1024K)]
  0x0000014ee4140d90 JavaThread "Attach Listener"            daemon [_thread_blocked, id=2940, stack(0x0000000100d00000,0x0000000100e00000) (1024K)]
  0x0000014ee4141ca0 JavaThread "Service Thread"             daemon [_thread_blocked, id=12376, stack(0x0000000100e00000,0x0000000100f00000) (1024K)]
  0x0000014ee4145710 JavaThread "Monitor Deflation Thread"   daemon [_thread_blocked, id=10576, stack(0x0000000100f00000,0x0000000101000000) (1024K)]
  0x0000014ee4146540 JavaThread "C2 CompilerThread0"         daemon [_thread_in_native, id=9340, stack(0x0000000101000000,0x0000000101100000) (1024K)]
=>0x0000014ee41ad640 JavaThread "C1 CompilerThread0"         daemon [_thread_in_vm, id=17284, stack(0x0000000101100000,0x0000000101200000) (1024K)]
  0x0000014ee9009080 JavaThread "Common-Cleaner"             daemon [_thread_blocked, id=22040, stack(0x0000000101200000,0x0000000101300000) (1024K)]
  0x0000014ee92ada00 JavaThread "Notification Thread"        daemon [_thread_blocked, id=13196, stack(0x0000000101300000,0x0000000101400000) (1024K)]
  0x0000014ee988e320 JavaThread "Active Thread: Equinox Container: cf93c001-2bc7-43a6-95e5-a2c00b73305c"        [_thread_blocked, id=14012, stack(0x0000000101700000,0x0000000101800000) (1024K)]
  0x0000014ee98bd0e0 JavaThread "Framework Event Dispatcher: Equinox Container: cf93c001-2bc7-43a6-95e5-a2c00b73305c" daemon [_thread_blocked, id=12232, stack(0x0000000101800000,0x0000000101900000) (1024K)]
  0x0000014ee98bd740 JavaThread "Start Level: Equinox Container: cf93c001-2bc7-43a6-95e5-a2c00b73305c" daemon [_thread_in_vm, id=20880, stack(0x0000000101900000,0x0000000101a00000) (1024K)]
  0x0000014ee9a063e0 JavaThread "SCR Component Actor"        daemon [_thread_blocked, id=18940, stack(0x0000000101a00000,0x0000000101b00000) (1024K)]
  0x0000014ee9b3e3a0 JavaThread "Worker-JM"                         [_thread_blocked, id=20432, stack(0x0000000101b00000,0x0000000101c00000) (1024K)]
  0x0000014ee9b9fff0 JavaThread "JNA Cleaner"                daemon [_thread_blocked, id=13740, stack(0x0000000101c00000,0x0000000101d00000) (1024K)]
  0x0000014ee4195460 JavaThread "Worker-0"                          [_thread_blocked, id=15320, stack(0x0000000101d00000,0x0000000101e00000) (1024K)]
  0x0000014ee41962a0 JavaThread "Worker-1"                          [_thread_blocked, id=16848, stack(0x0000000101e00000,0x0000000101f00000) (1024K)]
Total: 19

Other Threads:
  0x0000014e8c80d5e0 VMThread "VM Thread"                           [id=8076, stack(0x0000000100900000,0x0000000100a00000) (1024K)]
  0x0000014ee40dca00 WatcherThread "VM Periodic Task Thread"        [id=10740, stack(0x0000000100800000,0x0000000100900000) (1024K)]
  0x0000014e8c76cc90 WorkerThread "GC Thread#0"                     [id=17628, stack(0x0000000100700000,0x0000000100800000) (1024K)]
  0x0000014ee95e4520 WorkerThread "GC Thread#1"                     [id=22408, stack(0x0000000101400000,0x0000000101500000) (1024K)]
  0x0000014ee9357b50 WorkerThread "GC Thread#2"                     [id=21396, stack(0x0000000101500000,0x0000000101600000) (1024K)]
  0x0000014ee9345b40 WorkerThread "GC Thread#3"                     [id=19464, stack(0x0000000101600000,0x0000000101700000) (1024K)]
Total: 6

Threads with active compile tasks:
C2 CompilerThread0  8550 2817       4       java.util.Properties::loadConvert (540 bytes)
C1 CompilerThread0  8551 2960       3       java.util.HashSet::contains (9 bytes)
Total: 2

VM state: not at safepoint (normal execution)

VM Mutex/Monitor currently owned by a thread: None

Heap address: 0x0000000080000000, size: 2048 MB, Compressed Oops mode: 32-bit

CDS archive(s) mapped at: [0x0000014ea3000000-0x0000014ea3ba0000-0x0000014ea3ba0000), size 12189696, SharedBaseAddress: 0x0000014ea3000000, ArchiveRelocationMode: 1.
Compressed class space mapped at: 0x0000014ea4000000-0x0000014ee4000000, reserved size: 1073741824
Narrow klass base: 0x0000014ea3000000, Narrow klass shift: 0, Narrow klass range: 0x100000000

GC Precious Log:
 CardTable entry size: 512
 CPUs: 4 total, 4 available
 Memory: 3460M
 Large Page Support: Disabled
 NUMA Support: Disabled
 Compressed Oops: Enabled (32-bit)
 Alignments: Space 512K, Generation 512K, Heap 2M
 Heap Min Capacity: 100M
 Heap Initial Capacity: 100M
 Heap Max Capacity: 2G
 Pre-touch: Disabled
 Parallel Workers: 4

Heap:
 PSYoungGen      total 27136K, used 10564K [0x00000000d5580000, 0x00000000d7380000, 0x0000000100000000)
  eden space 24576K, 33% used [0x00000000d5580000,0x00000000d5d94690,0x00000000d6d80000)
  from space 2560K, 89% used [0x00000000d6e80000,0x00000000d70bccf0,0x00000000d7100000)
  to   space 2560K, 0% used [0x00000000d7100000,0x00000000d7100000,0x00000000d7380000)
 ParOldGen       total 68608K, used 8697K [0x0000000080000000, 0x0000000084300000, 0x00000000d5580000)
  object space 68608K, 12% used [0x0000000080000000,0x000000008087e740,0x0000000084300000)
 Metaspace       used 24046K, committed 24768K, reserved 1114112K
  class space    used 2323K, committed 2624K, reserved 1048576K

Card table byte_map: [0x0000014e8c120000,0x0000014e8c530000] _byte_map_base: 0x0000014e8bd20000

Marking Bits: (ParMarkBitMap*) 0x00007ffb2beda340
 Begin Bits: [0x0000014e9ebf0000, 0x0000014ea0bf0000)
 End Bits:   [0x0000014ea0bf0000, 0x0000014ea2bf0000)

Polling page: 0x0000014e8bf10000

Metaspace:

Usage:
  Non-class:     21.21 MB used.
      Class:      2.27 MB used.
       Both:     23.48 MB used.

Virtual space:
  Non-class space:       64.00 MB reserved,      21.62 MB ( 34%) committed,  1 nodes.
      Class space:        1.00 GB reserved,       2.56 MB ( <1%) committed,  1 nodes.
             Both:        1.06 GB reserved,      24.19 MB (  2%) committed. 

Chunk freelists:
   Non-Class:  9.75 MB
       Class:  13.34 MB
        Both:  23.09 MB

MaxMetaspaceSize: unlimited
CompressedClassSpaceSize: 1.00 GB
Initial GC threshold: 21.00 MB
Current GC threshold: 35.00 MB
CDS: on
 - commit_granule_bytes: 65536.
 - commit_granule_words: 8192.
 - virtual_space_node_default_size: 8388608.
 - enlarge_chunks_in_place: 1.
 - use_allocation_guard: 0.


Internal statistics:

num_allocs_failed_limit: 3.
num_arena_births: 520.
num_arena_deaths: 14.
num_vsnodes_births: 2.
num_vsnodes_deaths: 0.
num_space_committed: 387.
num_space_uncommitted: 0.
num_chunks_returned_to_freelist: 17.
num_chunks_taken_from_freelist: 1433.
num_chunk_merges: 9.
num_chunk_splits: 926.
num_chunks_enlarged: 605.
num_inconsistent_stats: 0.

CodeHeap 'non-profiled nmethods': size=120000Kb used=1211Kb max_used=1211Kb free=118788Kb
 bounds [0x0000014e97410000, 0x0000014e97680000, 0x0000014e9e940000]
CodeHeap 'profiled nmethods': size=120000Kb used=5959Kb max_used=5959Kb free=114040Kb
 bounds [0x0000014e8f940000, 0x0000014e8ff20000, 0x0000014e96e70000]
CodeHeap 'non-nmethods': size=5760Kb used=1324Kb max_used=1363Kb free=4436Kb
 bounds [0x0000014e96e70000, 0x0000014e970e0000, 0x0000014e97410000]
CodeCache: size=245760Kb, used=8494Kb, max_used=8533Kb, free=237264Kb
 total_blobs=3556, nmethods=2946, adapters=516, full_count=0
Compilation: enabled, stopped_count=0, restarted_count=0

Compilation events (20 events):
Event: 8.414 Thread 0x0000014ee41ad640 nmethod 2949 0x0000014e8ff0bc90 code [0x0000014e8ff0be80, 0x0000014e8ff0c3c8]
Event: 8.418 Thread 0x0000014ee41ad640 2950       1       java.util.zip.ZipEntry::getName (5 bytes)
Event: 8.418 Thread 0x0000014ee41ad640 nmethod 2950 0x0000014e97530010 code [0x0000014e975301a0, 0x0000014e97530268]
Event: 8.418 Thread 0x0000014ee41ad640 2951       2       org.eclipse.osgi.storage.bundlefile.ZipBundleFile$1::hasNext (10 bytes)
Event: 8.419 Thread 0x0000014ee41ad640 nmethod 2951 0x0000014e8ff0c710 code [0x0000014e8ff0c8c0, 0x0000014e8ff0c9f8]
Event: 8.419 Thread 0x0000014ee41ad640 2952       2       org.eclipse.osgi.storage.bundlefile.ZipBundleFile$1::next (5 bytes)
Event: 8.419 Thread 0x0000014ee41ad640 nmethod 2952 0x0000014e8ff0ca90 code [0x0000014e8ff0cc40, 0x0000014e8ff0cde0]
Event: 8.419 Thread 0x0000014ee41ad640 2953       2       org.eclipse.osgi.storage.bundlefile.ZipBundleFile$1::next (18 bytes)
Event: 8.419 Thread 0x0000014ee41ad640 nmethod 2953 0x0000014e8ff0cf10 code [0x0000014e8ff0d0c0, 0x0000014e8ff0d260]
Event: 8.420 Thread 0x0000014ee41ad640 2955       3       org.eclipse.osgi.storage.bundlefile.ZipBundleFile$1::next (5 bytes)
Event: 8.420 Thread 0x0000014ee41ad640 nmethod 2955 0x0000014e8ff0d310 code [0x0000014e8ff0d4e0, 0x0000014e8ff0d8d0]
Event: 8.437 Thread 0x0000014ee41ad640 2957       2       org.eclipse.osgi.internal.loader.classpath.ClasspathEntry::findEntry (56 bytes)
Event: 8.437 Thread 0x0000014ee41ad640 nmethod 2957 0x0000014e8ff0da10 code [0x0000014e8ff0dc00, 0x0000014e8ff0def0]
Event: 8.438 Thread 0x0000014ee41ad640 2956   !   2       org.eclipse.osgi.internal.loader.classpath.ClasspathManager::findClassImpl (343 bytes)
Event: 8.442 Thread 0x0000014ee41ad640 nmethod 2956 0x0000014e8ff0e090 code [0x0000014e8ff0e6a0, 0x0000014e8ff10240]
Event: 8.468 Thread 0x0000014ee41ad640 2958       2       java.lang.Character$UnicodeBlock::<init> (17 bytes)
Event: 8.468 Thread 0x0000014ee41ad640 nmethod 2958 0x0000014e8ff11590 code [0x0000014e8ff11760, 0x0000014e8ff11a20]
Event: 8.468 Thread 0x0000014ee41ad640 2959       2       java.lang.Character$Subset::<init> (24 bytes)
Event: 8.468 Thread 0x0000014ee41ad640 nmethod 2959 0x0000014e8ff11b10 code [0x0000014e8ff11cc0, 0x0000014e8ff11ea8]
Event: 8.498 Thread 0x0000014ee41ad640 2960       3       java.util.HashSet::contains (9 bytes)

GC Heap History (16 events):
Event: 2.376 GC heap before
{Heap before GC invocations=1 (full 0):
 PSYoungGen      total 29696K, used 25600K [0x00000000d5580000, 0x00000000d7680000, 0x0000000100000000)
  eden space 25600K, 100% used [0x00000000d5580000,0x00000000d6e80000,0x00000000d6e80000)
  from space 4096K, 0% used [0x00000000d7280000,0x00000000d7280000,0x00000000d7680000)
  to   space 4096K, 0% used [0x00000000d6e80000,0x00000000d6e80000,0x00000000d7280000)
 ParOldGen       total 68608K, used 0K [0x0000000080000000, 0x0000000084300000, 0x00000000d5580000)
  object space 68608K, 0% used [0x0000000080000000,0x0000000080000000,0x0000000084300000)
 Metaspace       used 4324K, committed 4608K, reserved 1114112K
  class space    used 471K, committed 576K, reserved 1048576K
}
Event: 2.397 GC heap after
{Heap after GC invocations=1 (full 0):
 PSYoungGen      total 29696K, used 3367K [0x00000000d5580000, 0x00000000d7680000, 0x0000000100000000)
  eden space 25600K, 0% used [0x00000000d5580000,0x00000000d5580000,0x00000000d6e80000)
  from space 4096K, 82% used [0x00000000d6e80000,0x00000000d71c9e18,0x00000000d7280000)
  to   space 4096K, 0% used [0x00000000d7280000,0x00000000d7280000,0x00000000d7680000)
 ParOldGen       total 68608K, used 8K [0x0000000080000000, 0x0000000084300000, 0x00000000d5580000)
  object space 68608K, 0% used [0x0000000080000000,0x0000000080002000,0x0000000084300000)
 Metaspace       used 4324K, committed 4608K, reserved 1114112K
  class space    used 471K, committed 576K, reserved 1048576K
}
Event: 4.143 GC heap before
{Heap before GC invocations=2 (full 0):
 PSYoungGen      total 29696K, used 28967K [0x00000000d5580000, 0x00000000d7680000, 0x0000000100000000)
  eden space 25600K, 100% used [0x00000000d5580000,0x00000000d6e80000,0x00000000d6e80000)
  from space 4096K, 82% used [0x00000000d6e80000,0x00000000d71c9e18,0x00000000d7280000)
  to   space 4096K, 0% used [0x00000000d7280000,0x00000000d7280000,0x00000000d7680000)
 ParOldGen       total 68608K, used 8K [0x0000000080000000, 0x0000000084300000, 0x00000000d5580000)
  object space 68608K, 0% used [0x0000000080000000,0x0000000080002000,0x0000000084300000)
 Metaspace       used 8134K, committed 8448K, reserved 1114112K
  class space    used 867K, committed 1024K, reserved 1048576K
}
Event: 4.151 GC heap after
{Heap after GC invocations=2 (full 0):
 PSYoungGen      total 29696K, used 4091K [0x00000000d5580000, 0x00000000d7680000, 0x0000000100000000)
  eden space 25600K, 0% used [0x00000000d5580000,0x00000000d5580000,0x00000000d6e80000)
  from space 4096K, 99% used [0x00000000d7280000,0x00000000d767ef68,0x00000000d7680000)
  to   space 4096K, 0% used [0x00000000d6e80000,0x00000000d6e80000,0x00000000d7280000)
 ParOldGen       total 68608K, used 904K [0x0000000080000000, 0x0000000084300000, 0x00000000d5580000)
  object space 68608K, 1% used [0x0000000080000000,0x00000000800e2190,0x0000000084300000)
 Metaspace       used 8134K, committed 8448K, reserved 1114112K
  class space    used 867K, committed 1024K, reserved 1048576K
}
Event: 5.465 GC heap before
{Heap before GC invocations=3 (full 0):
 PSYoungGen      total 29696K, used 29691K [0x00000000d5580000, 0x00000000d7680000, 0x0000000100000000)
  eden space 25600K, 100% used [0x00000000d5580000,0x00000000d6e80000,0x00000000d6e80000)
  from space 4096K, 99% used [0x00000000d7280000,0x00000000d767ef68,0x00000000d7680000)
  to   space 4096K, 0% used [0x00000000d6e80000,0x00000000d6e80000,0x00000000d7280000)
 ParOldGen       total 68608K, used 904K [0x0000000080000000, 0x0000000084300000, 0x00000000d5580000)
  object space 68608K, 1% used [0x0000000080000000,0x00000000800e2190,0x0000000084300000)
 Metaspace       used 12976K, committed 13440K, reserved 1114112K
  class space    used 1374K, committed 1600K, reserved 1048576K
}
Event: 5.474 GC heap after
{Heap after GC invocations=3 (full 0):
 PSYoungGen      total 29696K, used 4091K [0x00000000d5580000, 0x00000000d7680000, 0x0000000100000000)
  eden space 25600K, 0% used [0x00000000d5580000,0x00000000d5580000,0x00000000d6e80000)
  from space 4096K, 99% used [0x00000000d6e80000,0x00000000d727eda0,0x00000000d7280000)
  to   space 4096K, 0% used [0x00000000d7280000,0x00000000d7280000,0x00000000d7680000)
 ParOldGen       total 68608K, used 2708K [0x0000000080000000, 0x0000000084300000, 0x00000000d5580000)
  object space 68608K, 3% used [0x0000000080000000,0x00000000802a5258,0x0000000084300000)
 Metaspace       used 12976K, committed 13440K, reserved 1114112K
  class space    used 1374K, committed 1600K, reserved 1048576K
}
Event: 6.729 GC heap before
{Heap before GC invocations=4 (full 0):
 PSYoungGen      total 29696K, used 29587K [0x00000000d5580000, 0x00000000d7680000, 0x0000000100000000)
  eden space 25600K, 99% used [0x00000000d5580000,0x00000000d6e65f08,0x00000000d6e80000)
  from space 4096K, 99% used [0x00000000d6e80000,0x00000000d727eda0,0x00000000d7280000)
  to   space 4096K, 0% used [0x00000000d7280000,0x00000000d7280000,0x00000000d7680000)
 ParOldGen       total 68608K, used 2708K [0x0000000080000000, 0x0000000084300000, 0x00000000d5580000)
  object space 68608K, 3% used [0x0000000080000000,0x00000000802a5258,0x0000000084300000)
 Metaspace       used 17201K, committed 17792K, reserved 1114112K
  class space    used 1805K, committed 2112K, reserved 1048576K
}
Event: 6.739 GC heap after
{Heap after GC invocations=4 (full 0):
 PSYoungGen      total 29696K, used 4090K [0x00000000d5580000, 0x00000000d7680000, 0x0000000100000000)
  eden space 25600K, 0% used [0x00000000d5580000,0x00000000d5580000,0x00000000d6e80000)
  from space 4096K, 99% used [0x00000000d7280000,0x00000000d767ebb0,0x00000000d7680000)
  to   space 4096K, 0% used [0x00000000d6e80000,0x00000000d6e80000,0x00000000d7280000)
 ParOldGen       total 68608K, used 4390K [0x0000000080000000, 0x0000000084300000, 0x00000000d5580000)
  object space 68608K, 6% used [0x0000000080000000,0x0000000080449bc0,0x0000000084300000)
 Metaspace       used 17201K, committed 17792K, reserved 1114112K
  class space    used 1805K, committed 2112K, reserved 1048576K
}
Event: 7.343 GC heap before
{Heap before GC invocations=5 (full 0):
 PSYoungGen      total 29696K, used 29690K [0x00000000d5580000, 0x00000000d7680000, 0x0000000100000000)
  eden space 25600K, 100% used [0x00000000d5580000,0x00000000d6e80000,0x00000000d6e80000)
  from space 4096K, 99% used [0x00000000d7280000,0x00000000d767ebb0,0x00000000d7680000)
  to   space 4096K, 0% used [0x00000000d6e80000,0x00000000d6e80000,0x00000000d7280000)
 ParOldGen       total 68608K, used 4390K [0x0000000080000000, 0x0000000084300000, 0x00000000d5580000)
  object space 68608K, 6% used [0x0000000080000000,0x0000000080449bc0,0x0000000084300000)
 Metaspace       used 20414K, committed 21056K, reserved 1114112K
  class space    used 2030K, committed 2304K, reserved 1048576K
}
Event: 7.349 GC heap after
{Heap after GC invocations=5 (full 0):
 PSYoungGen      total 29184K, used 4065K [0x00000000d5580000, 0x00000000d7800000, 0x0000000100000000)
  eden space 25088K, 0% used [0x00000000d5580000,0x00000000d5580000,0x00000000d6e00000)
  from space 4096K, 99% used [0x00000000d6e80000,0x00000000d72784c0,0x00000000d7280000)
  to   space 5120K, 0% used [0x00000000d7300000,0x00000000d7300000,0x00000000d7800000)
 ParOldGen       total 68608K, used 4555K [0x0000000080000000, 0x0000000084300000, 0x00000000d5580000)
  object space 68608K, 6% used [0x0000000080000000,0x0000000080472d18,0x0000000084300000)
 Metaspace       used 20414K, committed 21056K, reserved 1114112K
  class space    used 2030K, committed 2304K, reserved 1048576K
}
Event: 7.395 GC heap before
{Heap before GC invocations=6 (full 0):
 PSYoungGen      total 29184K, used 9129K [0x00000000d5580000, 0x00000000d7800000, 0x0000000100000000)
  eden space 25088K, 20% used [0x00000000d5580000,0x00000000d5a71f48,0x00000000d6e00000)
  from space 4096K, 99% used [0x00000000d6e80000,0x00000000d72784c0,0x00000000d7280000)
  to   space 5120K, 0% used [0x00000000d7300000,0x00000000d7300000,0x00000000d7800000)
 ParOldGen       total 68608K, used 4555K [0x0000000080000000, 0x0000000084300000, 0x00000000d5580000)
  object space 68608K, 6% used [0x0000000080000000,0x0000000080472d18,0x0000000084300000)
 Metaspace       used 20845K, committed 21504K, reserved 1114112K
  class space    used 2048K, committed 2368K, reserved 1048576K
}
Event: 7.399 GC heap after
{Heap after GC invocations=6 (full 0):
 PSYoungGen      total 29696K, used 4389K [0x00000000d5580000, 0x00000000d7780000, 0x0000000100000000)
  eden space 25088K, 0% used [0x00000000d5580000,0x00000000d5580000,0x00000000d6e00000)
  from space 4608K, 95% used [0x00000000d7300000,0x00000000d77495f8,0x00000000d7780000)
  to   space 4608K, 0% used [0x00000000d6e80000,0x00000000d6e80000,0x00000000d7300000)
 ParOldGen       total 68608K, used 4555K [0x0000000080000000, 0x0000000084300000, 0x00000000d5580000)
  object space 68608K, 6% used [0x0000000080000000,0x0000000080472d18,0x0000000084300000)
 Metaspace       used 20845K, committed 21504K, reserved 1114112K
  class space    used 2048K, committed 2368K, reserved 1048576K
}
Event: 7.399 GC heap before
{Heap before GC invocations=7 (full 1):
 PSYoungGen      total 29696K, used 4389K [0x00000000d5580000, 0x00000000d7780000, 0x0000000100000000)
  eden space 25088K, 0% used [0x00000000d5580000,0x00000000d5580000,0x00000000d6e00000)
  from space 4608K, 95% used [0x00000000d7300000,0x00000000d77495f8,0x00000000d7780000)
  to   space 4608K, 0% used [0x00000000d6e80000,0x00000000d6e80000,0x00000000d7300000)
 ParOldGen       total 68608K, used 4555K [0x0000000080000000, 0x0000000084300000, 0x00000000d5580000)
  object space 68608K, 6% used [0x0000000080000000,0x0000000080472d18,0x0000000084300000)
 Metaspace       used 20845K, committed 21504K, reserved 1114112K
  class space    used 2048K, committed 2368K, reserved 1048576K
}
Event: 7.442 GC heap after
{Heap after GC invocations=7 (full 1):
 PSYoungGen      total 29696K, used 0K [0x00000000d5580000, 0x00000000d7780000, 0x0000000100000000)
  eden space 25088K, 0% used [0x00000000d5580000,0x00000000d5580000,0x00000000d6e00000)
  from space 4608K, 0% used [0x00000000d7300000,0x00000000d7300000,0x00000000d7780000)
  to   space 4608K, 0% used [0x00000000d6e80000,0x00000000d6e80000,0x00000000d7300000)
 ParOldGen       total 68608K, used 8689K [0x0000000080000000, 0x0000000084300000, 0x00000000d5580000)
  object space 68608K, 12% used [0x0000000080000000,0x000000008087c740,0x0000000084300000)
 Metaspace       used 20832K, committed 21504K, reserved 1114112K
  class space    used 2045K, committed 2368K, reserved 1048576K
}
Event: 8.156 GC heap before
{Heap before GC invocations=8 (full 1):
 PSYoungGen      total 29696K, used 25072K [0x00000000d5580000, 0x00000000d7780000, 0x0000000100000000)
  eden space 25088K, 99% used [0x00000000d5580000,0x00000000d6dfc1a0,0x00000000d6e00000)
  from space 4608K, 0% used [0x00000000d7300000,0x00000000d7300000,0x00000000d7780000)
  to   space 4608K, 0% used [0x00000000d6e80000,0x00000000d6e80000,0x00000000d7300000)
 ParOldGen       total 68608K, used 8689K [0x0000000080000000, 0x0000000084300000, 0x00000000d5580000)
  object space 68608K, 12% used [0x0000000080000000,0x000000008087c740,0x0000000084300000)
 Metaspace       used 22915K, committed 23616K, reserved 1114112K
  class space    used 2229K, committed 2560K, reserved 1048576K
}
Event: 8.160 GC heap after
{Heap after GC invocations=8 (full 1):
 PSYoungGen      total 27136K, used 2291K [0x00000000d5580000, 0x00000000d7380000, 0x0000000100000000)
  eden space 24576K, 0% used [0x00000000d5580000,0x00000000d5580000,0x00000000d6d80000)
  from space 2560K, 89% used [0x00000000d6e80000,0x00000000d70bccf0,0x00000000d7100000)
  to   space 2560K, 0% used [0x00000000d7100000,0x00000000d7100000,0x00000000d7380000)
 ParOldGen       total 68608K, used 8697K [0x0000000080000000, 0x0000000084300000, 0x00000000d5580000)
  object space 68608K, 12% used [0x0000000080000000,0x000000008087e740,0x0000000084300000)
 Metaspace       used 22915K, committed 23616K, reserved 1114112K
  class space    used 2229K, committed 2560K, reserved 1048576K
}

Dll operation events (10 events):
Event: 0.067 Loaded shared library c:\Users\USER\.vscode\extensions\redhat.java-1.46.0-win32-x64\jre\21.0.8-win32-x86_64\bin\java.dll
Event: 0.279 Loaded shared library c:\Users\USER\.vscode\extensions\redhat.java-1.46.0-win32-x64\jre\21.0.8-win32-x86_64\bin\zip.dll
Event: 0.342 Loaded shared library C:\Users\USER\.vscode\extensions\redhat.java-1.46.0-win32-x64\jre\21.0.8-win32-x86_64\bin\instrument.dll
Event: 0.355 Loaded shared library C:\Users\USER\.vscode\extensions\redhat.java-1.46.0-win32-x64\jre\21.0.8-win32-x86_64\bin\net.dll
Event: 0.362 Loaded shared library C:\Users\USER\.vscode\extensions\redhat.java-1.46.0-win32-x64\jre\21.0.8-win32-x86_64\bin\nio.dll
Event: 0.369 Loaded shared library C:\Users\USER\.vscode\extensions\redhat.java-1.46.0-win32-x64\jre\21.0.8-win32-x86_64\bin\zip.dll
Event: 0.413 Loaded shared library C:\Users\USER\.vscode\extensions\redhat.java-1.46.0-win32-x64\jre\21.0.8-win32-x86_64\bin\jimage.dll
Event: 0.597 Loaded shared library c:\Users\USER\.vscode\extensions\redhat.java-1.46.0-win32-x64\jre\21.0.8-win32-x86_64\bin\verify.dll
Event: 4.097 Loaded shared library C:\Users\USER\AppData\Roaming\Code\User\globalStorage\redhat.java\1.46.0\config_ss_win\org.eclipse.equinox.launcher\org.eclipse.equinox.launcher.win32.win32.x86_64_1.2.1400.v20250801-0854\eclipse_11916.dll
Event: 6.255 Loaded shared library C:\Users\USER\AppData\Local\Temp\jna-2614219\jna4044397404523937023.dll

Deoptimization events (20 events):
Event: 8.298 Thread 0x0000014ee98bd740 Uncommon trap: trap_request=0xffffffc6 fr.pc=0x0000014e974b4178 relative=0x0000000000000a78
Event: 8.298 Thread 0x0000014ee98bd740 Uncommon trap: reason=bimorphic_or_optimized_type_check action=maybe_recompile pc=0x0000014e974b4178 method=java.util.HashMap.putVal(ILjava/lang/Object;Ljava/lang/Object;ZZ)Ljava/lang/Object; @ 56 c2
Event: 8.298 Thread 0x0000014ee98bd740 DEOPT PACKING pc=0x0000014e974b4178 sp=0x00000001019fda00
Event: 8.298 Thread 0x0000014ee98bd740 DEOPT UNPACKING pc=0x0000014e96ec3aa2 sp=0x00000001019fd900 mode 2
Event: 8.298 Thread 0x0000014ee98bd740 Uncommon trap: trap_request=0xffffffc6 fr.pc=0x0000014e974b4178 relative=0x0000000000000a78
Event: 8.298 Thread 0x0000014ee98bd740 Uncommon trap: reason=bimorphic_or_optimized_type_check action=maybe_recompile pc=0x0000014e974b4178 method=java.util.HashMap.putVal(ILjava/lang/Object;Ljava/lang/Object;ZZ)Ljava/lang/Object; @ 56 c2
Event: 8.298 Thread 0x0000014ee98bd740 DEOPT PACKING pc=0x0000014e974b4178 sp=0x00000001019fda00
Event: 8.298 Thread 0x0000014ee98bd740 DEOPT UNPACKING pc=0x0000014e96ec3aa2 sp=0x00000001019fd900 mode 2
Event: 8.299 Thread 0x0000014ee98bd740 Uncommon trap: trap_request=0xffffffc6 fr.pc=0x0000014e974b41d0 relative=0x0000000000000ad0
Event: 8.299 Thread 0x0000014ee98bd740 Uncommon trap: reason=bimorphic_or_optimized_type_check action=maybe_recompile pc=0x0000014e974b41d0 method=java.util.HashMap.putVal(ILjava/lang/Object;Ljava/lang/Object;ZZ)Ljava/lang/Object; @ 152 c2
Event: 8.299 Thread 0x0000014ee98bd740 DEOPT PACKING pc=0x0000014e974b41d0 sp=0x00000001019fda00
Event: 8.299 Thread 0x0000014ee98bd740 DEOPT UNPACKING pc=0x0000014e96ec3aa2 sp=0x00000001019fd908 mode 2
Event: 8.299 Thread 0x0000014ee98bd740 Uncommon trap: trap_request=0xffffffc6 fr.pc=0x0000014e974b4178 relative=0x0000000000000a78
Event: 8.299 Thread 0x0000014ee98bd740 Uncommon trap: reason=bimorphic_or_optimized_type_check action=maybe_recompile pc=0x0000014e974b4178 method=java.util.HashMap.putVal(ILjava/lang/Object;Ljava/lang/Object;ZZ)Ljava/lang/Object; @ 56 c2
Event: 8.299 Thread 0x0000014ee98bd740 DEOPT PACKING pc=0x0000014e974b4178 sp=0x00000001019fda00
Event: 8.299 Thread 0x0000014ee98bd740 DEOPT UNPACKING pc=0x0000014e96ec3aa2 sp=0x00000001019fd900 mode 2
Event: 8.299 Thread 0x0000014ee98bd740 Uncommon trap: trap_request=0xffffffc6 fr.pc=0x0000014e974e2d90 relative=0x0000000000000a10
Event: 8.299 Thread 0x0000014ee98bd740 Uncommon trap: reason=bimorphic_or_optimized_type_check action=maybe_recompile pc=0x0000014e974e2d90 method=java.util.HashMap.putVal(ILjava/lang/Object;Ljava/lang/Object;ZZ)Ljava/lang/Object; @ 56 c2
Event: 8.299 Thread 0x0000014ee98bd740 DEOPT PACKING pc=0x0000014e974e2d90 sp=0x00000001019fd970
Event: 8.299 Thread 0x0000014ee98bd740 DEOPT UNPACKING pc=0x0000014e96ec3aa2 sp=0x00000001019fd908 mode 2

Classes loaded (20 events):
Event: 8.354 Loading class sun/util/resources/TimeZoneNames_en
Event: 8.354 Loading class sun/util/resources/TimeZoneNames_en done
Event: 8.360 Loading class sun/nio/fs/WindowsPath$1
Event: 8.360 Loading class sun/nio/fs/WindowsPath$1 done
Event: 8.360 Loading class sun/nio/fs/WindowsChannelFactory$2
Event: 8.360 Loading class sun/nio/fs/WindowsChannelFactory$2 done
Event: 8.365 Loading class sun/nio/ch/ChannelOutputStream
Event: 8.366 Loading class sun/nio/ch/ChannelOutputStream done
Event: 8.367 Loading class sun/nio/fs/WindowsFileCopy
Event: 8.368 Loading class sun/nio/fs/WindowsFileCopy done
Event: 8.398 Loading class java/util/UUID$Holder
Event: 8.398 Loading class java/util/UUID$Holder done
Event: 8.439 Loading class java/util/DualPivotQuicksort
Event: 8.440 Loading class java/util/DualPivotQuicksort done
Event: 8.452 Loading class java/lang/Character$UnicodeBlock
Event: 8.454 Loading class java/lang/Character$Subset
Event: 8.454 Loading class java/lang/Character$Subset done
Event: 8.456 Loading class java/lang/Character$UnicodeBlock done
Event: 8.484 Loading class java/lang/StringIndexOutOfBoundsException
Event: 8.485 Loading class java/lang/StringIndexOutOfBoundsException done

Classes unloaded (7 events):
Event: 7.406 Thread 0x0000014e8c80d5e0 Unloading class 0x0000014ea418cc00 'java/lang/invoke/LambdaForm$MH+0x0000014ea418cc00'
Event: 7.406 Thread 0x0000014e8c80d5e0 Unloading class 0x0000014ea418c800 'java/lang/invoke/LambdaForm$MH+0x0000014ea418c800'
Event: 7.406 Thread 0x0000014e8c80d5e0 Unloading class 0x0000014ea418c400 'java/lang/invoke/LambdaForm$MH+0x0000014ea418c400'
Event: 7.406 Thread 0x0000014e8c80d5e0 Unloading class 0x0000014ea418c000 'java/lang/invoke/LambdaForm$MH+0x0000014ea418c000'
Event: 7.406 Thread 0x0000014e8c80d5e0 Unloading class 0x0000014ea418bc00 'java/lang/invoke/LambdaForm$BMH+0x0000014ea418bc00'
Event: 7.406 Thread 0x0000014e8c80d5e0 Unloading class 0x0000014ea418b800 'java/lang/invoke/LambdaForm$DMH+0x0000014ea418b800'
Event: 7.406 Thread 0x0000014e8c80d5e0 Unloading class 0x0000014ea418a400 'java/lang/invoke/LambdaForm$DMH+0x0000014ea418a400'

Classes redefined (0 events):
No events

Internal exceptions (20 events):
Event: 6.392 Thread 0x0000014ee98bd740 Exception <a 'java/lang/NoSuchMethodError'{0x00000000d6562d70}: 'java.lang.Object java.lang.invoke.DirectMethodHandle$Holder.newInvokeSpecial(java.lang.Object, java.lang.Object, java.lang.Object, long)'> (0x00000000d6562d70) 
thrown [s\src\hotspot\share\interpreter\linkResolver.cpp, line 773]
Event: 6.393 Thread 0x0000014ee98bd740 Exception <a 'java/lang/NoSuchMethodError'{0x00000000d6567160}: 'java.lang.Object java.lang.invoke.DirectMethodHandle$Holder.invokeSpecial(java.lang.Object, java.lang.Object, java.lang.Object, java.lang.Object, long)'> (0x00000000d6567160) 
thrown [s\src\hotspot\share\interpreter\linkResolver.cpp, line 773]
Event: 6.393 Thread 0x0000014ee98bd740 Exception <a 'java/lang/NoSuchMethodError'{0x00000000d656afd8}: 'java.lang.Object java.lang.invoke.Invokers$Holder.linkToTargetMethod(java.lang.Object, java.lang.Object, long, java.lang.Object)'> (0x00000000d656afd8) 
thrown [s\src\hotspot\share\interpreter\linkResolver.cpp, line 773]
Event: 6.404 Thread 0x0000014ee98bd740 Exception <a 'java/lang/NoSuchMethodError'{0x00000000d65dc9f0}: 'int java.lang.invoke.DirectMethodHandle$Holder.invokeStaticInit(java.lang.Object, java.lang.Object, java.lang.Object)'> (0x00000000d65dc9f0) 
thrown [s\src\hotspot\share\interpreter\linkResolver.cpp, line 773]
Event: 6.418 Thread 0x0000014ee98bd740 Exception <a 'java/lang/IncompatibleClassChangeError'{0x00000000d665f920}: Found class java.lang.Object, but interface was expected> (0x00000000d665f920) 
thrown [s\src\hotspot\share\interpreter\linkResolver.cpp, line 840]
Event: 6.422 Thread 0x0000014ee98bd740 Exception <a 'java/lang/NoSuchMethodError'{0x00000000d6672b88}: 'java.lang.Object java.lang.invoke.DirectMethodHandle$Holder.invokeSpecial(java.lang.Object, java.lang.Object, java.lang.Object, int, java.lang.Object, java.lang.Object)'> (0x00000000d6672b88) 
thrown [s\src\hotspot\share\interpreter\linkResolver.cpp, line 773]
Event: 6.423 Thread 0x0000014ee98bd740 Exception <a 'java/lang/NoSuchMethodError'{0x00000000d667a660}: 'java.lang.Object java.lang.invoke.DirectMethodHandle$Holder.newInvokeSpecial(java.lang.Object, java.lang.Object, java.lang.Object, int, java.lang.Object)'> (0x00000000d667a660) 
thrown [s\src\hotspot\share\interpreter\linkResolver.cpp, line 773]
Event: 6.423 Thread 0x0000014ee98bd740 Exception <a 'java/lang/NoSuchMethodError'{0x00000000d667e620}: 'java.lang.Object java.lang.invoke.DirectMethodHandle$Holder.invokeSpecial(java.lang.Object, java.lang.Object, java.lang.Object, java.lang.Object, int, java.lang.Object)'> (0x00000000d667e620) 
thrown [s\src\hotspot\share\interpreter\linkResolver.cpp, line 773]
Event: 6.424 Thread 0x0000014ee98bd740 Exception <a 'java/lang/NoSuchMethodError'{0x00000000d6682160}: 'java.lang.Object java.lang.invoke.Invokers$Holder.linkToTargetMethod(java.lang.Object, java.lang.Object, int, java.lang.Object, java.lang.Object)'> (0x00000000d6682160) 
thrown [s\src\hotspot\share\interpreter\linkResolver.cpp, line 773]
Event: 6.425 Thread 0x0000014ee4195460 Exception <a 'java/lang/NoSuchMethodError'{0x00000000d65a6560}: 'java.lang.Object java.lang.invoke.DirectMethodHandle$Holder.invokeSpecial(java.lang.Object, java.lang.Object, int, java.lang.Object, java.lang.Object)'> (0x00000000d65a6560) 
thrown [s\src\hotspot\share\interpreter\linkResolver.cpp, line 773]
Event: 6.427 Thread 0x0000014ee4195460 Exception <a 'java/lang/NoSuchMethodError'{0x00000000d65ad298}: 'java.lang.Object java.lang.invoke.DirectMethodHandle$Holder.newInvokeSpecial(java.lang.Object, java.lang.Object, int, java.lang.Object)'> (0x00000000d65ad298) 
thrown [s\src\hotspot\share\interpreter\linkResolver.cpp, line 773]
Event: 6.427 Thread 0x0000014ee4195460 Exception <a 'java/lang/NoSuchMethodError'{0x00000000d65b0bb8}: 'java.lang.Object java.lang.invoke.DirectMethodHandle$Holder.invokeSpecial(java.lang.Object, java.lang.Object, java.lang.Object, int, java.lang.Object)'> (0x00000000d65b0bb8) 
thrown [s\src\hotspot\share\interpreter\linkResolver.cpp, line 773]
Event: 6.455 Thread 0x0000014ee98bd740 Exception <a 'java/lang/NoSuchMethodError'{0x00000000d67a2028}: 'void java.lang.invoke.DirectMethodHandle$Holder.invokeSpecial(java.lang.Object, java.lang.Object, java.lang.Object, java.lang.Object, java.lang.Object)'> (0x00000000d67a2028) 
thrown [s\src\hotspot\share\interpreter\linkResolver.cpp, line 773]
Event: 6.542 Thread 0x0000014ee98bd740 Exception <a 'java/lang/NoSuchMethodError'{0x00000000d69ae590}: 'double java.lang.invoke.DirectMethodHandle$Holder.invokeStatic(java.lang.Object, java.lang.Object)'> (0x00000000d69ae590) 
thrown [s\src\hotspot\share\interpreter\linkResolver.cpp, line 773]
Event: 6.542 Thread 0x0000014ee98bd740 Exception <a 'java/lang/NoSuchMethodError'{0x00000000d69b1c50}: 'double java.lang.invoke.DirectMethodHandle$Holder.invokeStaticInit(java.lang.Object, java.lang.Object)'> (0x00000000d69b1c50) 
thrown [s\src\hotspot\share\interpreter\linkResolver.cpp, line 773]
Event: 8.102 Thread 0x0000014ee98bd740 Exception <a 'java/lang/ClassNotFoundException'{0x00000000d6c2cd38}: com/sun/org/apache/xerces/internal/impl/msg/spi/DOMMessagesProvider> (0x00000000d6c2cd38) 
thrown [s\src\hotspot\share\classfile\systemDictionary.cpp, line 312]
Event: 8.105 Thread 0x0000014ee98bd740 Exception <a 'java/lang/ClassNotFoundException'{0x00000000d6c47fb8}: com/sun/org/apache/xerces/internal/impl/msg/spi/XMLSerializerMessagesProvider> (0x00000000d6c47fb8) 
thrown [s\src\hotspot\share\classfile\systemDictionary.cpp, line 312]
Event: 8.108 Thread 0x0000014ee98bd740 Exception <a 'java/lang/ClassNotFoundException'{0x00000000d6c55288}: com/sun/org/apache/xerces/internal/impl/msg/spi/XMLMessagesProvider> (0x00000000d6c55288) 
thrown [s\src\hotspot\share\classfile\systemDictionary.cpp, line 312]
Event: 8.178 Thread 0x0000014ee98bd740 Exception <a 'java/lang/NoSuchMethodError'{0x00000000d56509b0}: 'java.lang.Object java.lang.invoke.DirectMethodHandle$Holder.newInvokeSpecial(java.lang.Object, int, java.lang.Object, java.lang.Object)'> (0x00000000d56509b0) 
thrown [s\src\hotspot\share\interpreter\linkResolver.cpp, line 773]
Event: 8.313 Thread 0x0000014ee98bd740 Exception <a 'sun/nio/fs/WindowsException'{0x00000000d58b5ef8}> (0x00000000d58b5ef8) 
thrown [s\src\hotspot\share\prims\jni.cpp, line 520]

ZGC Phase Switch (0 events):
No events

VM Operations (20 events):
Event: 5.616 Executing VM operation: HandshakeAllThreads (Deoptimize)
Event: 5.616 Executing VM operation: HandshakeAllThreads (Deoptimize) done
Event: 5.652 Executing VM operation: HandshakeAllThreads (Deoptimize)
Event: 5.652 Executing VM operation: HandshakeAllThreads (Deoptimize) done
Event: 6.273 Executing VM operation: HandshakeAllThreads (Deoptimize)
Event: 6.273 Executing VM operation: HandshakeAllThreads (Deoptimize) done
Event: 6.728 Executing VM operation: ParallelGCFailedAllocation (Allocation Failure)
Event: 6.739 Executing VM operation: ParallelGCFailedAllocation (Allocation Failure) done
Event: 7.343 Executing VM operation: ParallelGCFailedAllocation (Allocation Failure)
Event: 7.349 Executing VM operation: ParallelGCFailedAllocation (Allocation Failure) done
Event: 7.394 Executing VM operation: CollectForMetadataAllocation (Metadata GC Threshold)
Event: 7.442 Executing VM operation: CollectForMetadataAllocation (Metadata GC Threshold) done
Event: 8.156 Executing VM operation: ParallelGCFailedAllocation (Allocation Failure)
Event: 8.160 Executing VM operation: ParallelGCFailedAllocation (Allocation Failure) done
Event: 8.297 Executing VM operation: HandshakeAllThreads (Deoptimize)
Event: 8.297 Executing VM operation: HandshakeAllThreads (Deoptimize) done
Event: 8.423 Executing VM operation: HandshakeAllThreads (Deoptimize)
Event: 8.423 Executing VM operation: HandshakeAllThreads (Deoptimize) done
Event: 8.425 Executing VM operation: HandshakeAllThreads (Deoptimize)
Event: 8.425 Executing VM operation: HandshakeAllThreads (Deoptimize) done

Memory protections (0 events):
No events

Nmethod flushes (0 events):
No events

Events (20 events):
Event: 0.184 Thread 0x0000014e8c74f940 Thread added: 0x0000014ee413c3e0
Event: 0.185 Thread 0x0000014e8c74f940 Thread added: 0x0000014ee413dd10
Event: 0.185 Thread 0x0000014e8c74f940 Thread added: 0x0000014ee413fe80
Event: 0.186 Thread 0x0000014e8c74f940 Thread added: 0x0000014ee4140d90
Event: 0.186 Thread 0x0000014e8c74f940 Thread added: 0x0000014ee4141ca0
Event: 0.186 Thread 0x0000014e8c74f940 Thread added: 0x0000014ee4145710
Event: 0.186 Thread 0x0000014e8c74f940 Thread added: 0x0000014ee4146540
Event: 0.199 Thread 0x0000014e8c74f940 Thread added: 0x0000014ee41ad640
Event: 0.257 Thread 0x0000014e8c74f940 Thread added: 0x0000014ee9009080
Event: 0.896 Thread 0x0000014e8c74f940 Thread added: 0x0000014ee92ada00
Event: 3.571 Thread 0x0000014e8c74f940 Thread added: 0x0000014ee988e320
Event: 4.074 Thread 0x0000014e8c74f940 Thread added: 0x0000014ee98bd0e0
Event: 4.085 Thread 0x0000014e8c74f940 Thread added: 0x0000014ee98bd740
Event: 4.390 Thread 0x0000014ee98bd740 Thread added: 0x0000014ee9a063e0
Event: 5.151 Thread 0x0000014ee98bd740 Thread added: 0x0000014ee9b3e3a0
Event: 6.311 Thread 0x0000014ee98bd740 Thread added: 0x0000014ee9b9fff0
Event: 6.397 Thread 0x0000014ee98bd740 Thread added: 0x0000014ee4195460
Event: 6.430 Thread 0x0000014ee98bd740 Thread added: 0x0000014ee41962a0
Event: 8.138 Thread 0x0000014ee98bd740 Thread added: 0x0000014ee9a44e10
Event: 8.372 Thread 0x0000014ee9a44e10 Thread exited: 0x0000014ee9a44e10


Dynamic libraries:
0x00007ff6ad1b0000 - 0x00007ff6ad1be000 	c:\Users\USER\.vscode\extensions\redhat.java-1.46.0-win32-x64\jre\21.0.8-win32-x86_64\bin\java.exe
0x00007ffbe41f0000 - 0x00007ffbe4407000 	C:\WINDOWS\SYSTEM32\ntdll.dll
0x00007ffbe2af0000 - 0x00007ffbe2bb4000 	C:\WINDOWS\System32\KERNEL32.DLL
0x00007ffbe1400000 - 0x00007ffbe17d2000 	C:\WINDOWS\System32\KERNELBASE.dll
0x00007ffbe12e0000 - 0x00007ffbe13f1000 	C:\WINDOWS\System32\ucrtbase.dll
0x00007ffbcc710000 - 0x00007ffbcc72e000 	c:\Users\USER\.vscode\extensions\redhat.java-1.46.0-win32-x64\jre\21.0.8-win32-x86_64\bin\VCRUNTIME140.dll
0x00007ffbcc680000 - 0x00007ffbcc698000 	c:\Users\USER\.vscode\extensions\redhat.java-1.46.0-win32-x64\jre\21.0.8-win32-x86_64\bin\jli.dll
0x00007ffbe22e0000 - 0x00007ffbe2491000 	C:\WINDOWS\System32\USER32.dll
0x00007ffbe1990000 - 0x00007ffbe19b6000 	C:\WINDOWS\System32\win32u.dll
0x00007ffbe26a0000 - 0x00007ffbe26c9000 	C:\WINDOWS\System32\GDI32.dll
0x00007ffbe17e0000 - 0x00007ffbe1903000 	C:\WINDOWS\System32\gdi32full.dll
0x00007ffbe1c70000 - 0x00007ffbe1d0a000 	C:\WINDOWS\System32\msvcp_win.dll
0x00007ffbcbdd0000 - 0x00007ffbcc06b000 	C:\WINDOWS\WinSxS\amd64_microsoft.windows.common-controls_6595b64144ccf1df_6.0.22621.5547_none_27104afb73855772\COMCTL32.dll
0x00007ffbe2de0000 - 0x00007ffbe2e87000 	C:\WINDOWS\System32\msvcrt.dll
0x00007ffbe2d80000 - 0x00007ffbe2db1000 	C:\WINDOWS\System32\IMM32.DLL
0x00007ffbd7460000 - 0x00007ffbd746c000 	c:\Users\USER\.vscode\extensions\redhat.java-1.46.0-win32-x64\jre\21.0.8-win32-x86_64\bin\vcruntime140_1.dll
0x00007ffba8f40000 - 0x00007ffba8fcd000 	c:\Users\USER\.vscode\extensions\redhat.java-1.46.0-win32-x64\jre\21.0.8-win32-x86_64\bin\msvcp140.dll
0x00007ffb2b220000 - 0x00007ffb2bfb7000 	c:\Users\USER\.vscode\extensions\redhat.java-1.46.0-win32-x64\jre\21.0.8-win32-x86_64\bin\server\jvm.dll
0x00007ffbe3010000 - 0x00007ffbe30c1000 	C:\WINDOWS\System32\ADVAPI32.dll
0x00007ffbe4100000 - 0x00007ffbe41a8000 	C:\WINDOWS\System32\sechost.dll
0x00007ffbe1a80000 - 0x00007ffbe1aa8000 	C:\WINDOWS\System32\bcrypt.dll
0x00007ffbe2ef0000 - 0x00007ffbe3004000 	C:\WINDOWS\System32\RPCRT4.dll
0x00007ffbe24a0000 - 0x00007ffbe2511000 	C:\WINDOWS\System32\WS2_32.dll
0x00007ffbe11b0000 - 0x00007ffbe11fd000 	C:\WINDOWS\SYSTEM32\POWRPROF.dll
0x00007ffbd93c0000 - 0x00007ffbd93ca000 	C:\WINDOWS\SYSTEM32\VERSION.dll
0x00007ffbdd1e0000 - 0x00007ffbdd214000 	C:\WINDOWS\SYSTEM32\WINMM.dll
0x00007ffbe1190000 - 0x00007ffbe11a3000 	C:\WINDOWS\SYSTEM32\UMPDC.dll
0x00007ffbe02e0000 - 0x00007ffbe02f8000 	C:\WINDOWS\SYSTEM32\kernel.appcore.dll
0x00007ffbd7230000 - 0x00007ffbd723a000 	c:\Users\USER\.vscode\extensions\redhat.java-1.46.0-win32-x64\jre\21.0.8-win32-x86_64\bin\jimage.dll
0x00007ffbdeda0000 - 0x00007ffbdefd3000 	C:\WINDOWS\SYSTEM32\DBGHELP.DLL
0x00007ffbe1e90000 - 0x00007ffbe2223000 	C:\WINDOWS\System32\combase.dll
0x00007ffbe3fd0000 - 0x00007ffbe40a7000 	C:\WINDOWS\System32\OLEAUT32.dll
0x00007ffbbb940000 - 0x00007ffbbb972000 	C:\WINDOWS\SYSTEM32\dbgcore.DLL
0x00007ffbe1910000 - 0x00007ffbe198b000 	C:\WINDOWS\System32\bcryptPrimitives.dll
0x00007ffbd5000000 - 0x00007ffbd500f000 	c:\Users\USER\.vscode\extensions\redhat.java-1.46.0-win32-x64\jre\21.0.8-win32-x86_64\bin\instrument.dll
0x00007ffbcc660000 - 0x00007ffbcc67f000 	c:\Users\USER\.vscode\extensions\redhat.java-1.46.0-win32-x64\jre\21.0.8-win32-x86_64\bin\java.dll
0x00007ffbe3720000 - 0x00007ffbe3fc2000 	C:\WINDOWS\System32\SHELL32.dll
0x00007ffbe1b30000 - 0x00007ffbe1c6f000 	C:\WINDOWS\System32\wintypes.dll
0x00007ffbdf1c0000 - 0x00007ffbdfadd000 	C:\WINDOWS\SYSTEM32\windows.storage.dll
0x00007ffbe2c70000 - 0x00007ffbe2d7c000 	C:\WINDOWS\System32\SHCORE.dll
0x00007ffbe2630000 - 0x00007ffbe2699000 	C:\WINDOWS\System32\shlwapi.dll
0x00007ffbe1210000 - 0x00007ffbe123b000 	C:\WINDOWS\SYSTEM32\profapi.dll
0x00007ffbd7470000 - 0x00007ffbd7488000 	c:\Users\USER\.vscode\extensions\redhat.java-1.46.0-win32-x64\jre\21.0.8-win32-x86_64\bin\zip.dll
0x00007ffbdd250000 - 0x00007ffbdd260000 	C:\Users\USER\.vscode\extensions\redhat.java-1.46.0-win32-x64\jre\21.0.8-win32-x86_64\bin\net.dll
0x00007ffbdc9d0000 - 0x00007ffbdcafc000 	C:\WINDOWS\SYSTEM32\WINHTTP.dll
0x00007ffbe0770000 - 0x00007ffbe07d9000 	C:\WINDOWS\system32\mswsock.dll
0x00007ffbd2d10000 - 0x00007ffbd2d26000 	C:\Users\USER\.vscode\extensions\redhat.java-1.46.0-win32-x64\jre\21.0.8-win32-x86_64\bin\nio.dll
0x00007ffbd4f80000 - 0x00007ffbd4f90000 	c:\Users\USER\.vscode\extensions\redhat.java-1.46.0-win32-x64\jre\21.0.8-win32-x86_64\bin\verify.dll
0x00007ffba1970000 - 0x00007ffba19b4000 	C:\Users\USER\AppData\Roaming\Code\User\globalStorage\redhat.java\1.46.0\config_ss_win\org.eclipse.equinox.launcher\org.eclipse.equinox.launcher.win32.win32.x86_64_1.2.1400.v20250801-0854\eclipse_11916.dll
0x00007ffbe28e0000 - 0x00007ffbe2a80000 	C:\WINDOWS\System32\ole32.dll
0x00007ffbe09f0000 - 0x00007ffbe0a0b000 	C:\WINDOWS\SYSTEM32\CRYPTSP.dll
0x00007ffbe0240000 - 0x00007ffbe0277000 	C:\WINDOWS\system32\rsaenh.dll
0x00007ffbe0880000 - 0x00007ffbe08a8000 	C:\WINDOWS\SYSTEM32\USERENV.dll
0x00007ffbe09e0000 - 0x00007ffbe09ec000 	C:\WINDOWS\SYSTEM32\CRYPTBASE.dll
0x00007ffbdfd40000 - 0x00007ffbdfd6d000 	C:\WINDOWS\SYSTEM32\IPHLPAPI.DLL
0x00007ffbe2bc0000 - 0x00007ffbe2bc9000 	C:\WINDOWS\System32\NSI.dll
0x00007ffb9fec0000 - 0x00007ffb9ff09000 	C:\Users\USER\AppData\Local\Temp\jna-2614219\jna4044397404523937023.dll
0x00007ffbe2c50000 - 0x00007ffbe2c58000 	C:\WINDOWS\System32\PSAPI.DLL

JVMTI agents:
c:\Users\USER\.vscode\extensions\redhat.java-1.46.0-win32-x64\lombok\lombok-1.18.39-4050.jar path:c:\Users\USER\.vscode\extensions\redhat.java-1.46.0-win32-x64\jre\21.0.8-win32-x86_64\bin\instrument.dll, loaded, initialized, instrumentlib options:none

dbghelp: loaded successfully - version: 4.0.5 - missing functions: none
symbol engine: initialized successfully - sym options: 0x614 - pdb path: .;c:\Users\USER\.vscode\extensions\redhat.java-1.46.0-win32-x64\jre\21.0.8-win32-x86_64\bin;C:\WINDOWS\SYSTEM32;C:\WINDOWS\WinSxS\amd64_microsoft.windows.common-controls_6595b64144ccf1df_6.0.22621.5547_none_27104afb73855772;c:\Users\USER\.vscode\extensions\redhat.java-1.46.0-win32-x64\jre\21.0.8-win32-x86_64\bin\server;C:\Users\USER\AppData\Roaming\Code\User\globalStorage\redhat.java\1.46.0\config_ss_win\org.eclipse.equinox.launcher\org.eclipse.equinox.launcher.win32.win32.x86_64_1.2.1400.v20250801-0854;C:\Users\USER\AppData\Local\Temp\jna-2614219

VM Arguments:
jvm_args: --add-modules=ALL-SYSTEM --add-opens=java.base/java.util=ALL-UNNAMED --add-opens=java.base/java.lang=ALL-UNNAMED --add-opens=java.base/sun.nio.fs=ALL-UNNAMED -Declipse.application=org.eclipse.jdt.ls.core.id1 -Dosgi.bundles.defaultStartLevel=4 -Declipse.product=org.eclipse.jdt.ls.core.product -Djava.import.generatesMetadataFilesAtProjectRoot=false -DDetectVMInstallationsJob.disabled=true -Dfile.encoding=utf8 -XX:+UseParallelGC -XX:GCTimeRatio=4 -XX:AdaptiveSizePolicyWeight=90 -Dsun.zip.disableMemoryMapping=true -Xmx2G -Xms100m -Xlog:disable -javaagent:c:\Users\USER\.vscode\extensions\redhat.java-1.46.0-win32-x64\lombok\lombok-1.18.39-4050.jar 
java_command: c:\Users\USER\.vscode\extensions\redhat.java-1.46.0-win32-x64\server\plugins\org.eclipse.equinox.launcher_1.7.0.v20250519-0528.jar -configuration c:\Users\USER\AppData\Roaming\Code\User\globalStorage\redhat.java\1.46.0\config_ss_win -data c:\Users\USER\AppData\Roaming\Code\User\workspaceStorage\7bed159f160d76f8450ae50db4ac90a7\redhat.java\ss_ws --pipe=\\.\pipe\lsp-ff5985f39d6c1b1804234876e98a350b-sock
java_class_path (initial): c:\Users\USER\.vscode\extensions\redhat.java-1.46.0-win32-x64\server\plugins\org.eclipse.equinox.launcher_1.7.0.v20250519-0528.jar
Launcher Type: SUN_STANDARD

[Global flags]
    uintx AdaptiveSizePolicyWeight                 = 90                                        {product} {command line}
     intx CICompilerCount                          = 3                                         {product} {ergonomic}
    uintx GCTimeRatio                              = 4                                         {product} {command line}
   size_t InitialHeapSize                          = 104857600                                 {product} {command line}
   size_t MaxHeapSize                              = 2147483648                                {product} {command line}
   size_t MaxNewSize                               = 715653120                                 {product} {ergonomic}
   size_t MinHeapDeltaBytes                        = 524288                                    {product} {ergonomic}
   size_t MinHeapSize                              = 104857600                                 {product} {command line}
   size_t NewSize                                  = 34603008                                  {product} {ergonomic}
    uintx NonNMethodCodeHeapSize                   = 5832780                                {pd product} {ergonomic}
    uintx NonProfiledCodeHeapSize                  = 122912730                              {pd product} {ergonomic}
   size_t OldSize                                  = 70254592                                  {product} {ergonomic}
    uintx ProfiledCodeHeapSize                     = 122912730                              {pd product} {ergonomic}
    uintx ReservedCodeCacheSize                    = 251658240                              {pd product} {ergonomic}
     bool SegmentedCodeCache                       = true                                      {product} {ergonomic}
   size_t SoftMaxHeapSize                          = 2147483648                             {manageable} {ergonomic}
     bool UseCompressedOops                        = true                           {product lp64_product} {ergonomic}
     bool UseLargePagesIndividualAllocation        = false                                  {pd product} {ergonomic}
     bool UseParallelGC                            = true                                      {product} {command line}

Logging:
Log output configuration:
 #0: stdout all=off uptime,level,tags foldmultilines=false
 #1: stderr all=off uptime,level,tags foldmultilines=false

Environment Variables:
PATH=C:\Python312\Scripts\;C:\Python312\;C:\Program Files\Common Files\Oracle\Java\javapath;C:\Program Files (x86)\Common Files\Intel\Shared Files\cpp\bin\Intel64;C:\WINDOWS\system32;C:\WINDOWS;C:\WINDOWS\System32\Wbem;C:\WINDOWS\System32\WindowsPowerShell\v1.0\;C:\WINDOWS\System32\OpenSSH\;C:\Program Files\Git\cmd;C:\Program Files\nodejs\;C:\ProgramData\chocolatey\bin;C:\Python312\Scripts\;C:\Python312\;C:\Program Files\Common Files\Oracle\Java\javapath;C:\Program Files (x86)\Common Files\Intel\Shared Files\cpp\bin\Intel64;C:\WINDOWS\system32;C:\WINDOWS;C:\WINDOWS\System32\Wbem;C:\WINDOWS\System32\WindowsPowerShell\v1.0\;C:\WINDOWS\System32\OpenSSH\;C:\Program Files\Git\cmd;C:\Program Files\nodejs\;C:\ProgramData\chocolatey\bin;C:\Python312\Scripts\;C:\Python312\;C:\Program Files\Common Files\Oracle\Java\javapath;C:\Program Files (x86)\Common Files\Intel\Shared Files\cpp\bin\Intel64;C:\WINDOWS\system32;C:\WINDOWS;C:\WINDOWS\System32\Wbem;C:\WINDOWS\System32\WindowsPowerShell\v1.0\;C:\WINDOWS\System32\OpenSSH\;C:\Program Files\Git\cmd;C:\Program Files\nodejs\;C:\ProgramData\chocolatey\bin;D:\Microsoft VS Code\bin;C:\Users\USER\AppData\Roaming\npm;D:\php;D:\php
USERNAME=USER
OS=Windows_NT
PROCESSOR_IDENTIFIER=AMD64 Family 23 Model 24 Stepping 1, AuthenticAMD
TMP=C:\Users\USER\AppData\Local\Temp
TEMP=C:\Users\USER\AppData\Local\Temp




Periodic native trim disabled

---------------  S Y S T E M  ---------------

OS:
 Windows 11 , 64 bit Build 22621 (10.0.22621.5415)
OS uptime: 10 days 23:04 hours
Hyper-V role detected

CPU: total 4 (initial active 4) (4 cores per cpu, 2 threads per core) family 23 model 24 stepping 1 microcode 0x0, cx8, cmov, fxsr, ht, mmx, 3dnowpref, sse, sse2, sse3, ssse3, sse4a, sse4.1, sse4.2, popcnt, lzcnt, tsc, tscinvbit, avx, avx2, aes, clmul, bmi1, bmi2, adx, sha, fma, vzeroupper, clflush, clflushopt, hv, rdtscp, f16c
Processor Information for the first 4 processors :
  Max Mhz: 2600, Current Mhz: 2600, Mhz Limit: 2600

Memory: 4k page, system-wide physical 3460M (72M free)
TotalPageFile size 14212M (AvailPageFile size 12M)
current process WorkingSet (physical memory assigned to process): 143M, peak: 150M
current process commit charge ("private bytes"): 267M, peak: 274M

vm_info: OpenJDK 64-Bit Server VM (21.0.8+9-LTS) for windows-amd64 JRE (21.0.8+9-LTS), built on 2025-07-15T00:00:00Z by "admin" with MS VC++ 17.7 (VS2022)

END.
